Mplus VERSION 7.2 (Mac)
MUTHEN & MUTHEN
04/30/2018   8:58 PM

INPUT INSTRUCTIONS

  TITLE:	1-1-1 mediation
  DATA: 	FILE IS ex9.10.dat;

  VARIABLE:	NAMES ARE x1 m y x2 m2 w clus;
  	!BETWEEN = w;
  	
  usevariables are clus x1 m y;	
  	
  	CLUSTER = clus;

  ANALYSIS:	TYPE = TWOLEVEL RANDOM;
  	!ALGORITHM = INTEGRATION;
  	!INTEGRATION = 10;

  MODEL:
  	%WITHIN%
  	sa | m on x1;
  	sb | y on m;
  	sc | y on x1;
  	
  	%BETWEEN%
  	sa sb sc x1 m y;
  	sa with sc x1 m y;
  	sa with sb (cab);
  	sb with sc x1 m y;
  	m on x1 (ab);
  	y on m (bb);
  	y on x1;
  	
  	[sa] (aw);
  	[sb] (bw);
  	
  MODEL CONSTRAINT:
  	NEW (a b indb indw);
  	a = aw+ab;
  	b = bw+bb;
  	indw = aw*bw+cab;
  	indb = a*b;	

  OUTPUT:	TECH1 tech3 sampstat CINTERVAL;



INPUT READING TERMINATED NORMALLY



1-1-1 mediation

SUMMARY OF ANALYSIS

Number of groups                                                 1
Number of observations                                         500

Number of dependent variables                                    2
Number of independent variables                                  1
Number of continuous latent variables                            3

Observed dependent variables

  Continuous
   M           Y

Observed independent variables
   X1

Continuous latent variables
   SA          SB          SC

Variables with special functions

  Cluster variable      CLUS

Estimator                                                      MLR
Information matrix                                        OBSERVED
Maximum number of iterations                                   100
Convergence criterion                                    0.100D-05
Maximum number of EM iterations                                500
Convergence criteria for the EM algorithm
  Loglikelihood change                                   0.100D-02
  Relative loglikelihood change                          0.100D-05
  Derivative                                             0.100D-03
Minimum variance                                         0.100D-03
Maximum number of steepest descent iterations                   20
Maximum number of iterations for H1                           2000
Convergence criterion for H1                             0.100D-03
Optimization algorithm                                         EMA

Input data file(s)
  ex9.10.dat
Input data format  FREE


SUMMARY OF DATA

     Number of clusters                         90

     Average cluster size        5.556

     Estimated Intraclass Correlations for the Y Variables

                Intraclass              Intraclass              Intraclass
     Variable  Correlation   Variable  Correlation   Variable  Correlation

     M            0.168      Y            0.208      X1           0.211



SAMPLE STATISTICS

NOTE:  The sample statistics for within and between refer to the
       maximum-likelihood estimated within and between covariance
       matrices, respectively.


     ESTIMATED SAMPLE STATISTICS FOR WITHIN


           Means
              M             Y             X1
              ________      ________      ________
 1              0.000         0.000         0.000


           Covariances
              M             Y             X1
              ________      ________      ________
 M              2.128
 Y              1.133         2.035
 X1             0.906         0.920         1.761


           Correlations
              M             Y             X1
              ________      ________      ________
 M              1.000
 Y              0.545         1.000
 X1             0.468         0.486         1.000


     ESTIMATED SAMPLE STATISTICS FOR BETWEEN


           Means
              M             Y             X1
              ________      ________      ________
 1             -0.065        -0.043        -0.113


           Covariances
              M             Y             X1
              ________      ________      ________
 M              0.429
 Y              0.477         0.534
 X1             0.442         0.493         0.471


           Correlations
              M             Y             X1
              ________      ________      ________
 M              1.000
 Y              0.997         1.000
 X1             0.985         0.983         1.000

     WARNING: THE MODEL ESTIMATION HAS REACHED A SADDLE POINT OR A POINT WHERE THE
     OBSERVED AND THE EXPECTED INFORMATION MATRICES DO NOT MATCH.
     AN ADJUSTMENT TO THE ESTIMATION OF THE INFORMATION MATRIX HAS BEEN MADE.
     THE CONDITION NUMBER IS      -0.118D-02.
     THE PROBLEM MAY ALSO BE RESOLVED BY DECREASING THE VALUE OF THE
     MCONVERGENCE OR LOGCRITERION OPTIONS OR BY CHANGING THE STARTING VALUES
     OR BY USING THE MLF ESTIMATOR.


THE MODEL ESTIMATION TERMINATED NORMALLY



MODEL FIT INFORMATION

Number of Free Parameters                       27

Loglikelihood

          H0 Value                       -2509.375
          H0 Scaling Correction Factor      0.9278
            for MLR

Information Criteria

          Akaike (AIC)                    5072.750
          Bayesian (BIC)                  5186.544
          Sample-Size Adjusted BIC        5100.845
            (n* = (n + 2) / 24)



MODEL RESULTS

                                                    Two-Tailed
                    Estimate       S.E.  Est./S.E.    P-Value

Within Level

 Variances
    X1                 1.756      0.135     12.990      0.000

 Residual Variances
    M                  1.642      0.097     16.844      0.000
    Y                  1.255      0.099     12.679      0.000

Between Level

 M          ON
    X1                 0.393      0.119      3.303      0.001

 Y          ON
    M                  0.521      0.033     15.677      0.000
    X1                 0.116      0.086      1.359      0.174

 SA       WITH
    SC                 0.004      0.032      0.123      0.902
    X1                 0.002      0.027      0.073      0.942
    M                 -0.006      0.035     -0.157      0.875
    Y                 -0.005      0.040     -0.127      0.899
    SB                 0.000      0.026     -0.002      0.998

 SB       WITH
    SC                -0.002      0.017     -0.098      0.922
    X1                -0.036      0.028     -1.301      0.193
    M                  0.006      0.028      0.228      0.820
    Y                 -0.003      0.022     -0.156      0.876

 Means
    X1                -0.115      0.097     -1.186      0.236
    SA                 0.523      0.050     10.544      0.000
    SB                 0.387      0.054      7.180      0.000
    SC                 0.331      0.059      5.609      0.000

 Intercepts
    M                  0.037      0.075      0.491      0.623
    Y                  0.064      0.062      1.028      0.304

 Variances
    X1                 0.477      0.117      4.072      0.000
    SA                 0.008      0.037      0.213      0.831
    SB                 0.009      0.022      0.415      0.678
    SC                 0.007      0.019      0.381      0.703

 Residual Variances
    M                  0.025      0.050      0.499      0.618
    Y                  0.010      0.053      0.192      0.847

New/Additional Parameters
    A                  0.916      0.115      7.967      0.000
    B                  0.908      0.059     15.424      0.000
    INDB               0.832      0.089      9.320      0.000
    INDW               0.202      0.030      6.736      0.000


QUALITY OF NUMERICAL RESULTS

     Condition Number for the Information Matrix             -0.118E-02
       (ratio of smallest to largest eigenvalue)


CONFIDENCE INTERVALS OF MODEL RESULTS

                  Lower .5%  Lower 2.5%    Lower 5%    Estimate    Upper 5%  Upper 2.5%   Upper .5%

Within Level

 Variances
    X1               1.408       1.491       1.533       1.756       1.978       2.021       2.104

 Residual Variances
    M                1.391       1.451       1.482       1.642       1.802       1.833       1.893
    Y                1.000       1.061       1.092       1.255       1.418       1.449       1.510

Between Level

 M        ON
    X1               0.086       0.160       0.197       0.393       0.588       0.625       0.699

 Y        ON
    M                0.436       0.456       0.467       0.521       0.576       0.586       0.607
    X1              -0.104      -0.051      -0.025       0.116       0.257       0.284       0.337

 SA       WITH
    SC              -0.078      -0.058      -0.048       0.004       0.056       0.066       0.086
    X1              -0.067      -0.051      -0.042       0.002       0.046       0.055       0.071
    M               -0.097      -0.075      -0.064      -0.006       0.053       0.064       0.086
    Y               -0.109      -0.085      -0.072      -0.005       0.061       0.074       0.099
    SB              -0.066      -0.050      -0.042       0.000       0.042       0.050       0.066

 SB       WITH
    SC              -0.046      -0.036      -0.030      -0.002       0.027       0.032       0.043
    X1              -0.107      -0.090      -0.081      -0.036       0.010       0.018       0.035
    M               -0.066      -0.049      -0.040       0.006       0.053       0.062       0.079
    Y               -0.061      -0.047      -0.040      -0.003       0.033       0.040       0.054

 Means
    X1              -0.366      -0.306      -0.275      -0.115       0.045       0.075       0.135
    SA               0.395       0.426       0.441       0.523       0.605       0.620       0.651
    SB               0.248       0.281       0.298       0.387       0.476       0.493       0.526
    SC               0.179       0.215       0.234       0.331       0.428       0.446       0.482

 Intercepts
    M               -0.156      -0.110      -0.086       0.037       0.160       0.183       0.229
    Y               -0.096      -0.058      -0.038       0.064       0.166       0.186       0.224

 Variances
    X1               0.175       0.247       0.284       0.477       0.670       0.707       0.779
    SA              -0.086      -0.064      -0.052       0.008       0.068       0.080       0.102
    SB              -0.048      -0.034      -0.027       0.009       0.046       0.053       0.067
    SC              -0.042      -0.030      -0.024       0.007       0.039       0.045       0.056

 Residual Variances
    M               -0.104      -0.073      -0.058       0.025       0.108       0.123       0.154
    Y               -0.127      -0.094      -0.077       0.010       0.098       0.115       0.147

New/Additional Parameters
    A                0.620       0.690       0.727       0.916       1.105       1.141       1.212
    B                0.757       0.793       0.812       0.908       1.005       1.024       1.060
    INDB             0.602       0.657       0.685       0.832       0.979       1.007       1.062
    INDW             0.125       0.144       0.153       0.202       0.252       0.261       0.280


TECHNICAL 1 OUTPUT


     PARAMETER SPECIFICATION FOR WITHIN


           NU
              M             Y             X1
              ________      ________      ________
 1                  0             0             0


           LAMBDA
              SA            SB            SC            M             Y
              ________      ________      ________      ________      ________
 M                  0             0             0             0             0
 Y                  0             0             0             0             0
 X1                 0             0             0             0             0


           LAMBDA
              X1
              ________
 M                  0
 Y                  0
 X1                 0


           THETA
              M             Y             X1
              ________      ________      ________
 M                  0
 Y                  0             0
 X1                 0             0             0


           ALPHA
              SA            SB            SC            M             Y
              ________      ________      ________      ________      ________
 1                  0             0             0             0             0


           ALPHA
              X1
              ________
 1                  0


           BETA
              SA            SB            SC            M             Y
              ________      ________      ________      ________      ________
 SA                 0             0             0             0             0
 SB                 0             0             0             0             0
 SC                 0             0             0             0             0
 M                  0             0             0             0             0
 Y                  0             0             0             0             0
 X1                 0             0             0             0             0


           BETA
              X1
              ________
 SA                 0
 SB                 0
 SC                 0
 M                  0
 Y                  0
 X1                 0


           PSI
              SA            SB            SC            M             Y
              ________      ________      ________      ________      ________
 SA                 0
 SB                 0             0
 SC                 0             0             0
 M                  0             0             0             1
 Y                  0             0             0             0             2
 X1                 0             0             0             0             0


           PSI
              X1
              ________
 X1                 3


     PARAMETER SPECIFICATION FOR BETWEEN


           NU
              M             Y             X1
              ________      ________      ________
 1                  0             0             0


           LAMBDA
              SA            SB            SC            M             Y
              ________      ________      ________      ________      ________
 M                  0             0             0             0             0
 Y                  0             0             0             0             0
 X1                 0             0             0             0             0


           LAMBDA
              X1
              ________
 M                  0
 Y                  0
 X1                 0


           THETA
              M             Y             X1
              ________      ________      ________
 M                  0
 Y                  0             0
 X1                 0             0             0


           ALPHA
              SA            SB            SC            M             Y
              ________      ________      ________      ________      ________
 1                  4             5             6             7             8


           ALPHA
              X1
              ________
 1                  9


           BETA
              SA            SB            SC            M             Y
              ________      ________      ________      ________      ________
 SA                 0             0             0             0             0
 SB                 0             0             0             0             0
 SC                 0             0             0             0             0
 M                  0             0             0             0             0
 Y                  0             0             0            11             0
 X1                 0             0             0             0             0


           BETA
              X1
              ________
 SA                 0
 SB                 0
 SC                 0
 M                 10
 Y                 12
 X1                 0


           PSI
              SA            SB            SC            M             Y
              ________      ________      ________      ________      ________
 SA                13
 SB                14            15
 SC                16            17            18
 M                 19            20             0            21
 Y                 22            23             0             0            24
 X1                25            26             0             0             0


           PSI
              X1
              ________
 X1                27


     PARAMETER SPECIFICATION FOR THE ADDITIONAL PARAMETERS


           NEW/ADDITIONAL PARAMETERS
              A             B             INDB          INDW
              ________      ________      ________      ________
 1                 28            29            30            31


     STARTING VALUES FOR WITHIN


           NU
              M             Y             X1
              ________      ________      ________
 1              0.000         0.000         0.000


           LAMBDA
              SA            SB            SC            M             Y
              ________      ________      ________      ________      ________
 M              0.000         0.000         0.000         1.000         0.000
 Y              0.000         0.000         0.000         0.000         1.000
 X1             0.000         0.000         0.000         0.000         0.000


           LAMBDA
              X1
              ________
 M              0.000
 Y              0.000
 X1             1.000


           THETA
              M             Y             X1
              ________      ________      ________
 M              0.000
 Y              0.000         0.000
 X1             0.000         0.000         0.000


           ALPHA
              SA            SB            SC            M             Y
              ________      ________      ________      ________      ________
 1              0.000         0.000         0.000         0.000         0.000


           ALPHA
              X1
              ________
 1              0.000


           BETA
              SA            SB            SC            M             Y
              ________      ________      ________      ________      ________
 SA             0.000         0.000         0.000         0.000         0.000
 SB             0.000         0.000         0.000         0.000         0.000
 SC             0.000         0.000         0.000         0.000         0.000
 M              0.000         0.000         0.000         0.000         0.000
 Y              0.000         0.000         0.000         0.000         0.000
 X1             0.000         0.000         0.000         0.000         0.000


           BETA
              X1
              ________
 SA             0.000
 SB             0.000
 SC             0.000
 M              0.000
 Y              0.000
 X1             0.000


           PSI
              SA            SB            SC            M             Y
              ________      ________      ________      ________      ________
 SA             0.000
 SB             0.000         0.000
 SC             0.000         0.000         0.000
 M              0.000         0.000         0.000         1.285
 Y              0.000         0.000         0.000         0.000         1.293
 X1             0.000         0.000         0.000         0.000         0.000


           PSI
              X1
              ________
 X1             1.124


     STARTING VALUES FOR BETWEEN


           NU
              M             Y             X1
              ________      ________      ________
 1              0.000         0.000         0.000


           LAMBDA
              SA            SB            SC            M             Y
              ________      ________      ________      ________      ________
 M              0.000         0.000         0.000         1.000         0.000
 Y              0.000         0.000         0.000         0.000         1.000
 X1             0.000         0.000         0.000         0.000         0.000


           LAMBDA
              X1
              ________
 M              0.000
 Y              0.000
 X1             1.000


           THETA
              M             Y             X1
              ________      ________      ________
 M              0.000
 Y              0.000         0.000
 X1             0.000         0.000         0.000


           ALPHA
              SA            SB            SC            M             Y
              ________      ________      ________      ________      ________
 1              0.000         0.000         0.000        -0.101        -0.084


           ALPHA
              X1
              ________
 1             -0.151


           BETA
              SA            SB            SC            M             Y
              ________      ________      ________      ________      ________
 SA             0.000         0.000         0.000         0.000         0.000
 SB             0.000         0.000         0.000         0.000         0.000
 SC             0.000         0.000         0.000         0.000         0.000
 M              0.000         0.000         0.000         0.000         0.000
 Y              0.000         0.000         0.000         0.000         0.000
 X1             0.000         0.000         0.000         0.000         0.000


           BETA
              X1
              ________
 SA             0.000
 SB             0.000
 SC             0.000
 M              0.000
 Y              0.000
 X1             0.000


           PSI
              SA            SB            SC            M             Y
              ________      ________      ________      ________      ________
 SA             1.000
 SB             0.000         1.000
 SC             0.000         0.000         1.000
 M              0.000         0.000         0.000         1.285
 Y              0.000         0.000         0.000         0.000         1.293
 X1             0.000         0.000         0.000         0.000         0.000


           PSI
              X1
              ________
 X1             1.124


     STARTING VALUES FOR THE ADDITIONAL PARAMETERS


           NEW/ADDITIONAL PARAMETERS
              A             B             INDB          INDW
              ________      ________      ________      ________
 1              0.500         0.500         0.500         0.500


TECHNICAL 3 OUTPUT


           ESTIMATED COVARIANCE MATRIX FOR PARAMETER ESTIMATES
                     1             2             3             4             5
              ________      ________      ________      ________      ________
        1   0.950241D-02
        2   0.395438D-03  0.979485D-02
        3  -0.666055D-03 -0.162888D-02  0.182706D-01
        4  -0.291397D-03 -0.511975D-03 -0.309466D-03  0.246042D-02
        5   0.926663D-03  0.212100D-04  0.122822D-02 -0.762655D-03  0.290742D-02
        6  -0.121130D-02 -0.447727D-03 -0.162187D-02  0.110840D-02 -0.171194D-02
        7   0.994721D-04 -0.401195D-03 -0.125716D-02  0.155735D-04  0.185496D-03
        8  -0.169285D-03 -0.308521D-03  0.693609D-03 -0.718675D-03 -0.260730D-03
        9   0.834601D-03 -0.115389D-03 -0.702523D-03  0.289885D-03 -0.125186D-03
       10   0.158006D-02  0.151021D-02 -0.179706D-02 -0.168668D-02 -0.111234D-02
       11  -0.912587D-03  0.430783D-03  0.106397D-03  0.509816D-03 -0.272074D-03
       12  -0.439392D-03  0.110940D-02  0.449683D-04  0.850518D-03  0.313310D-05
       13  -0.128715D-03  0.332445D-03 -0.876832D-03  0.381879D-03 -0.271703D-03
       14  -0.194546D-03 -0.235957D-03  0.520106D-04  0.102315D-03 -0.661213D-03
       15   0.887941D-04 -0.713873D-03  0.439466D-03 -0.229193D-03 -0.128924D-04
       16  -0.429036D-03  0.205075D-03 -0.389628D-03  0.906395D-03 -0.697872D-03
       17  -0.229996D-03  0.170062D-03 -0.390665D-03  0.127168D-03  0.248075D-03
       18  -0.145227D-03 -0.698646D-03  0.173724D-03  0.185262D-03 -0.295816D-03
       19  -0.245396D-03  0.821070D-03  0.543064D-03  0.853241D-03 -0.473244D-03
       20  -0.201026D-03 -0.201695D-03 -0.517680D-03  0.485829D-04  0.194919D-03
       21  -0.865848D-03  0.398072D-03  0.475217D-03 -0.563847D-04 -0.782437D-03
       22   0.115378D-02  0.371024D-03  0.240408D-03 -0.108076D-03 -0.561548D-03
       23  -0.756511D-04  0.165021D-03  0.360582D-03 -0.113613D-03 -0.480882D-03
       24   0.136377D-02 -0.690388D-03  0.846457D-03  0.403533D-04 -0.256789D-03
       25   0.360331D-03  0.103350D-03  0.907562D-04 -0.490444D-03  0.516940D-04
       26   0.458508D-05  0.303343D-03  0.704167D-03  0.188490D-03 -0.112324D-03
       27  -0.481688D-03  0.159320D-02 -0.131579D-02 -0.589966D-03  0.995642D-03
       28   0.128866D-02  0.998239D-03 -0.210652D-02  0.773736D-03 -0.187500D-02
       29   0.140762D-04  0.451993D-03  0.133462D-02 -0.252840D-03  0.263535D-02
       30   0.118356D-02  0.132068D-02 -0.691705D-03  0.471400D-03  0.709554D-03
       31   0.177315D-03 -0.423073D-03  0.574599D-03  0.655967D-03  0.564200D-03


           ESTIMATED COVARIANCE MATRIX FOR PARAMETER ESTIMATES
                     6             7             8             9            10
              ________      ________      ________      ________      ________
        6   0.347524D-02
        7  -0.709861D-05  0.558015D-02
        8   0.329166D-04 -0.218438D-02  0.386631D-02
        9   0.700971D-04 -0.147966D-02 -0.161196D-03  0.944119D-02
       10   0.119168D-02  0.212638D-02 -0.122054D-03 -0.270441D-02  0.141215D-01
       11  -0.122779D-03 -0.947000D-04  0.344692D-04  0.896226D-04 -0.214743D-02
       12  -0.126329D-02 -0.148751D-03 -0.111541D-03  0.790231D-03 -0.591023D-02
       13   0.661684D-03  0.105756D-02 -0.844620D-03 -0.412060D-03  0.261497D-03
       14  -0.143821D-03  0.169098D-03 -0.215089D-03 -0.369570D-03  0.845502D-04
       15  -0.359887D-04 -0.270686D-03 -0.751720D-04  0.221088D-03 -0.335415D-03
       16   0.103705D-02  0.292213D-03 -0.116403D-03 -0.261892D-03  0.705245D-03
       17   0.126438D-03  0.102992D-03  0.527351D-04  0.125942D-03 -0.225415D-03
       18   0.430016D-03  0.236675D-03 -0.529670D-04  0.327165D-04  0.765583D-04
       19   0.793288D-03 -0.490748D-04 -0.427455D-03 -0.910074D-03  0.116458D-02
       20   0.268069D-03  0.369108D-03 -0.191575D-03  0.483108D-05  0.404326D-03
       21   0.855430D-03 -0.435532D-03  0.544067D-03 -0.680109D-04  0.156397D-03
       22   0.446610D-03 -0.232538D-03  0.606583D-03  0.431374D-03  0.202930D-02
       23  -0.946951D-05 -0.101754D-03  0.282902D-03 -0.210291D-03  0.376956D-03
       24  -0.398973D-05  0.424983D-03 -0.382244D-03 -0.883793D-03  0.268970D-02
       25  -0.940091D-04 -0.893426D-03  0.590025D-03 -0.749461D-05  0.516387D-03
       26   0.216581D-03  0.109803D-03 -0.423225D-03 -0.321086D-03  0.200281D-03
       27  -0.241926D-02 -0.175243D-02  0.508219D-03 -0.186941D-04 -0.356120D-02
       28   0.230008D-02  0.214196D-02 -0.840729D-03 -0.241452D-02  0.124349D-01
       29  -0.183472D-02  0.907956D-04 -0.226261D-03 -0.355634D-04 -0.325977D-02
       30   0.409653D-03  0.202898D-02 -0.970916D-03 -0.222602D-02  0.831177D-02
       31  -0.610105D-03  0.272147D-03 -0.629693D-03 -0.322818D-03 -0.115024D-02


           ESTIMATED COVARIANCE MATRIX FOR PARAMETER ESTIMATES
                    11            12            13            14            15
              ________      ________      ________      ________      ________
       11   0.110566D-02
       12   0.270245D-02  0.733918D-02
       13   0.221656D-03  0.305377D-03  0.133892D-02
       14   0.554202D-05 -0.653427D-04  0.475674D-04  0.660372D-03
       15  -0.847595D-04 -0.120230D-03 -0.380653D-04 -0.214830D-04  0.497566D-03
       16   0.115641D-03 -0.198314D-03  0.395358D-03 -0.155171D-03 -0.969236D-04
       17   0.147179D-03  0.326835D-03  0.647199D-04 -0.246913D-03 -0.140065D-03
       18  -0.180857D-04 -0.130916D-03  0.647973D-04  0.146251D-03 -0.295021D-04
       19   0.816941D-04 -0.348943D-03  0.450278D-03 -0.602701D-06 -0.142053D-03
       20   0.706651D-04  0.213391D-03  0.149096D-04 -0.211954D-03 -0.172076D-03
       21   0.951244D-04 -0.523162D-03  0.221811D-03  0.101677D-03 -0.109827D-03
       22  -0.417501D-03 -0.107565D-02 -0.752498D-03 -0.215272D-03 -0.605499D-05
       23  -0.278434D-04 -0.179515D-03 -0.269119D-04  0.269717D-03  0.528219D-04
       24  -0.837090D-03 -0.206887D-02 -0.902905D-03  0.318051D-03 -0.191302D-04
       25  -0.244456D-03 -0.521204D-03 -0.318841D-03  0.105614D-04  0.465488D-05
       26  -0.190106D-04 -0.237486D-03  0.405228D-03  0.988226D-04  0.687919D-04
       27   0.429820D-04  0.794516D-03 -0.173379D-02  0.354001D-03 -0.224383D-03
       28  -0.163761D-02 -0.505971D-02  0.643376D-03  0.186865D-03 -0.564607D-03
       29   0.833589D-03  0.270559D-02 -0.500472D-04 -0.655671D-03 -0.976518D-04
       30  -0.724456D-03 -0.211927D-02  0.538649D-03 -0.430565D-03 -0.602323D-03
       31   0.606127D-04  0.265572D-03  0.533017D-04  0.354147D-03 -0.116957D-03


           ESTIMATED COVARIANCE MATRIX FOR PARAMETER ESTIMATES
                    16            17            18            19            20
              ________      ________      ________      ________      ________
       16   0.101314D-02
       17   0.119347D-03  0.300326D-03
       18   0.221845D-04 -0.112463D-03  0.364748D-03
       19   0.713547D-03  0.368943D-04 -0.515807D-04  0.125178D-02
       20  -0.711439D-04  0.287769D-03  0.267312D-04 -0.416812D-04  0.797180D-03
       21   0.305616D-03  0.388054D-04  0.661148D-04  0.342015D-03 -0.278304D-03
       22   0.377421D-03 -0.338911D-04 -0.471636D-04  0.193244D-03 -0.119313D-03
       23   0.310907D-04 -0.262666D-03  0.485857D-04  0.512949D-04 -0.374165D-03
       24   0.133759D-03 -0.310782D-03  0.819487D-04  0.469981D-03 -0.197800D-03
       25  -0.330279D-03 -0.790909D-05  0.465612D-05 -0.264511D-03  0.644308D-04
       26   0.246358D-03 -0.147310D-03 -0.927994D-05  0.397957D-03 -0.437266D-03
       27  -0.690801D-03 -0.108037D-03 -0.674308D-03 -0.736125D-03 -0.456347D-03
       28   0.161164D-02 -0.982472D-04  0.261820D-03  0.201782D-02  0.452909D-03
       29  -0.582231D-03  0.395254D-03 -0.313902D-03 -0.391550D-03  0.265584D-03
       30   0.931002D-03  0.272636D-03 -0.495546D-04  0.147458D-02  0.654607D-03
       31  -0.169272D-03 -0.679289D-04  0.632537D-04  0.822057D-04 -0.911966D-04


           ESTIMATED COVARIANCE MATRIX FOR PARAMETER ESTIMATES
                    21            22            23            24            25
              ________      ________      ________      ________      ________
       21   0.251825D-02
       22   0.523428D-03  0.163899D-02
       23   0.270579D-03  0.201532D-03  0.491817D-03
       24  -0.418543D-03  0.954854D-03  0.156964D-03  0.283358D-02
       25   0.300327D-03  0.152801D-03 -0.206851D-04 -0.158615D-03  0.726249D-03
       26   0.285113D-03 -0.877451D-04  0.147565D-03  0.137876D-03 -0.137188D-03
       27  -0.984605D-03  0.251068D-03  0.281837D-03  0.677224D-03  0.436593D-04
       28   0.100012D-03  0.192123D-02  0.263344D-03  0.273006D-02  0.259425D-04
       29  -0.687313D-03 -0.979050D-03 -0.508725D-03 -0.109388D-02 -0.192762D-03
       30  -0.538437D-03  0.848926D-03 -0.226548D-03  0.147857D-02 -0.152922D-03
       31  -0.329391D-03 -0.550821D-03 -0.257838D-04  0.199365D-03 -0.152275D-03


           ESTIMATED COVARIANCE MATRIX FOR PARAMETER ESTIMATES
                    26            27            28            29            30
              ________      ________      ________      ________      ________
       26   0.765321D-03
       27  -0.585335D-03  0.137307D-01
       28   0.388771D-03 -0.415116D-02  0.132086D-01
       29  -0.131335D-03  0.103862D-02 -0.351261D-02  0.346894D-02
       30   0.232929D-03 -0.282015D-02  0.878317D-02 -0.149026D-04  0.796537D-02
       31   0.113047D-03  0.646350D-03 -0.494268D-03  0.624813D-03  0.123055D-03


           ESTIMATED COVARIANCE MATRIX FOR PARAMETER ESTIMATES
                    31
              ________
       31   0.903198D-03


           ESTIMATED CORRELATION MATRIX FOR PARAMETER ESTIMATES
                     1             2             3             4             5
              ________      ________      ________      ________      ________
        1       1.000
        2       0.041         1.000
        3      -0.051        -0.122         1.000
        4      -0.060        -0.104        -0.046         1.000
        5       0.176         0.004         0.169        -0.285         1.000
        6      -0.211        -0.077        -0.204         0.379        -0.539
        7       0.014        -0.054        -0.125         0.004         0.046
        8      -0.028        -0.050         0.083        -0.233        -0.078
        9       0.088        -0.012        -0.053         0.060        -0.024
       10       0.136         0.128        -0.112        -0.286        -0.174
       11      -0.282         0.131         0.024         0.309        -0.152
       12      -0.053         0.131         0.004         0.200         0.001
       13      -0.036         0.092        -0.177         0.210        -0.138
       14      -0.078        -0.093         0.015         0.080        -0.477
       15       0.041        -0.323         0.146        -0.207        -0.011
       16      -0.138         0.065        -0.091         0.574        -0.407
       17      -0.136         0.099        -0.167         0.148         0.265
       18      -0.078        -0.370         0.067         0.196        -0.287
       19      -0.071         0.234         0.114         0.486        -0.248
       20      -0.073        -0.072        -0.136         0.035         0.128
       21      -0.177         0.080         0.070        -0.023        -0.289
       22       0.292         0.093         0.044        -0.054        -0.257
       23      -0.035         0.075         0.120        -0.103        -0.402
       24       0.263        -0.131         0.118         0.015        -0.089
       25       0.137         0.039         0.025        -0.367         0.036
       26       0.002         0.111         0.188         0.137        -0.075
       27      -0.042         0.137        -0.083        -0.102         0.158
       28       0.115         0.088        -0.136         0.136        -0.303
       29       0.002         0.078         0.168        -0.087         0.830
       30       0.136         0.150        -0.057         0.106         0.147
       31       0.061        -0.142         0.141         0.440         0.348


           ESTIMATED CORRELATION MATRIX FOR PARAMETER ESTIMATES
                     6             7             8             9            10
              ________      ________      ________      ________      ________
        6       1.000
        7      -0.002         1.000
        8       0.009        -0.470         1.000
        9       0.012        -0.204        -0.027         1.000
       10       0.170         0.240        -0.017        -0.234         1.000
       11      -0.063        -0.038         0.017         0.028        -0.543
       12      -0.250        -0.023        -0.021         0.095        -0.581
       13       0.307         0.387        -0.371        -0.116         0.060
       14      -0.095         0.088        -0.135        -0.148         0.028
       15      -0.027        -0.162        -0.054         0.102        -0.127
       16       0.553         0.123        -0.059        -0.085         0.186
       17       0.124         0.080         0.049         0.075        -0.109
       18       0.382         0.166        -0.045         0.018         0.034
       19       0.380        -0.019        -0.194        -0.265         0.277
       20       0.161         0.175        -0.109         0.002         0.121
       21       0.289        -0.116         0.174        -0.014         0.026
       22       0.187        -0.077         0.241         0.110         0.422
       23      -0.007        -0.061         0.205        -0.098         0.143
       24      -0.001         0.107        -0.115        -0.171         0.425
       25      -0.059        -0.444         0.352        -0.003         0.161
       26       0.133         0.053        -0.246        -0.119         0.061
       27      -0.350        -0.200         0.070        -0.002        -0.256
       28       0.339         0.249        -0.118        -0.216         0.910
       29      -0.528         0.021        -0.062        -0.006        -0.466
       30       0.078         0.304        -0.175        -0.257         0.784
       31      -0.344         0.121        -0.337        -0.111        -0.322


           ESTIMATED CORRELATION MATRIX FOR PARAMETER ESTIMATES
                    11            12            13            14            15
              ________      ________      ________      ________      ________
       11       1.000
       12       0.949         1.000
       13       0.182         0.097         1.000
       14       0.006        -0.030         0.051         1.000
       15      -0.114        -0.063        -0.047        -0.037         1.000
       16       0.109        -0.073         0.339        -0.190        -0.137
       17       0.255         0.220         0.102        -0.554        -0.362
       18      -0.028        -0.080         0.093         0.298        -0.069
       19       0.069        -0.115         0.348        -0.001        -0.180
       20       0.075         0.088         0.014        -0.292        -0.273
       21       0.057        -0.122         0.121         0.079        -0.098
       22      -0.310        -0.310        -0.508        -0.207        -0.007
       23      -0.038        -0.094        -0.033         0.473         0.107
       24      -0.473        -0.454        -0.464         0.233        -0.016
       25      -0.273        -0.226        -0.323         0.015         0.008
       26      -0.021        -0.100         0.400         0.139         0.111
       27       0.011         0.079        -0.404         0.118        -0.086
       28      -0.429        -0.514         0.153         0.063        -0.220
       29       0.426         0.536        -0.023        -0.433        -0.074
       30      -0.244        -0.277         0.165        -0.188        -0.303
       31       0.061         0.103         0.048         0.459        -0.174


           ESTIMATED CORRELATION MATRIX FOR PARAMETER ESTIMATES
                    16            17            18            19            20
              ________      ________      ________      ________      ________
       16       1.000
       17       0.216         1.000
       18       0.036        -0.340         1.000
       19       0.634         0.060        -0.076         1.000
       20      -0.079         0.588         0.050        -0.042         1.000
       21       0.191         0.045         0.069         0.193        -0.196
       22       0.293        -0.048        -0.061         0.135        -0.104
       23       0.044        -0.683         0.115         0.065        -0.598
       24       0.079        -0.337         0.081         0.250        -0.132
       25      -0.385        -0.017         0.009        -0.277         0.085
       26       0.280        -0.307        -0.018         0.407        -0.560
       27      -0.185        -0.053        -0.301        -0.178        -0.138
       28       0.441        -0.049         0.119         0.496         0.140
       29      -0.311         0.387        -0.279        -0.188         0.160
       30       0.328         0.176        -0.029         0.467         0.260
       31      -0.177        -0.130         0.110         0.077        -0.107


           ESTIMATED CORRELATION MATRIX FOR PARAMETER ESTIMATES
                    21            22            23            24            25
              ________      ________      ________      ________      ________
       21       1.000
       22       0.258         1.000
       23       0.243         0.224         1.000
       24      -0.157         0.443         0.133         1.000
       25       0.222         0.140        -0.035        -0.111         1.000
       26       0.205        -0.078         0.241         0.094        -0.184
       27      -0.167         0.053         0.108         0.109         0.014
       28       0.017         0.413         0.103         0.446         0.008
       29      -0.233        -0.411        -0.389        -0.349        -0.121
       30      -0.120         0.235        -0.114         0.311        -0.064
       31      -0.218        -0.453        -0.039         0.125        -0.188


           ESTIMATED CORRELATION MATRIX FOR PARAMETER ESTIMATES
                    26            27            28            29            30
              ________      ________      ________      ________      ________
       26       1.000
       27      -0.181         1.000
       28       0.122        -0.308         1.000
       29      -0.081         0.150        -0.519         1.000
       30       0.094        -0.270         0.856        -0.003         1.000
       31       0.136         0.184        -0.143         0.353         0.046


           ESTIMATED CORRELATION MATRIX FOR PARAMETER ESTIMATES
                    31
              ________
       31       1.000


     Beginning Time:  20:58:20
        Ending Time:  20:58:21
       Elapsed Time:  00:00:01



MUTHEN & MUTHEN
3463 Stoner Ave.
Los Angeles, CA  90066

Tel: (310) 391-9971
Fax: (310) 391-8971
Web: www.StatModel.com
Support: Support@StatModel.com

Copyright (c) 1998-2014 Muthen & Muthen
