Mplus VERSION 7.2 (Mac)
MUTHEN & MUTHEN
04/30/2018   9:16 PM

INPUT INSTRUCTIONS

  TITLE:	2-1-2 mediation
  DATA: 	FILE IS ex9.10.dat;

  VARIABLE:	NAMES ARE x1 m y x2 m2 w clus;
  	!BETWEEN = w;
  	
  usevariables are clus m yb xb;	
  	
  	CLUSTER = clus;
  	
  	BETWEEN ARE xb yb;
  	
  define:
    xb = cluster_mean(x1);
    yb = cluster_mean(y);

  ANALYSIS:	TYPE = TWOLEVEL RANDOM;
  	estimator=bayes; !this will provide bayesian credible intervals

  MODEL:
  	%WITHIN%
  	
  	m;
  	
  	%BETWEEN%
  	xb yb;
  	m on xb(a);
  	yb on m(b);
  	yb on xb;
  	
  MODEL CONSTRAINT:
  	NEW (indb);
  	
  	indb = a*b;	

  OUTPUT:	sampstat CINTERVAL;



*** WARNING in OUTPUT command
  SAMPSTAT option is not available for ESTIMATOR=BAYES.  Use TYPE=BASIC.
  Request for SAMPSTAT is ignored.
   1 WARNING(S) FOUND IN THE INPUT INSTRUCTIONS



2-1-2 mediation

SUMMARY OF ANALYSIS

Number of groups                                                 1
Number of observations                                         500

Number of dependent variables                                    2
Number of independent variables                                  1
Number of continuous latent variables                            0

Observed dependent variables

  Continuous
   YB          M

Observed independent variables
   XB

Variables with special functions

  Cluster variable      CLUS

  Between variables
   YB          XB


Estimator                                                    BAYES
Specifications for Bayesian Estimation
  Point estimate                                            MEDIAN
  Number of Markov chain Monte Carlo (MCMC) chains               2
  Random seed for the first chain                                0
  Starting value information                           UNPERTURBED
  Treatment of categorical mediator                         LATENT
  Algorithm used for Markov chain Monte Carlo           GIBBS(PX1)
  Convergence criterion                                  0.500D-01
  Maximum number of iterations                               50000
  K-th iteration used for thinning                               1

Input data file(s)
  ex9.10.dat
Input data format  FREE


SUMMARY OF DATA

     Number of clusters                         90




THE MODEL ESTIMATION TERMINATED NORMALLY

     USE THE FBITERATIONS OPTION TO INCREASE THE NUMBER OF ITERATIONS BY A FACTOR
     OF AT LEAST TWO TO CHECK CONVERGENCE AND THAT THE PSR VALUE DOES NOT INCREASE.



Number of Free Parameters                              10



MODEL RESULTS

                                Posterior  One-Tailed         95% C.I.
                    Estimate       S.D.      P-Value   Lower 2.5%  Upper 2.5%  Significance

Within Level

 Variances
    M                  2.019       0.127      0.000       1.796       2.280      *

Between Level

 M          ON
    XB                 0.725       0.094      0.000       0.536       0.909      *

 YB         ON
    M                  1.557       0.353      0.000       1.228       2.628      *
    XB                -0.315       0.290      0.033      -1.175       0.024

 Means
    XB                -0.079       0.099      0.189      -0.280       0.098

 Intercepts
    YB                 0.061       0.101      0.291      -0.137       0.270
    M                 -0.003       0.070      0.486      -0.130       0.147

 Variances
    XB                 0.904       0.144      0.000       0.685       1.198      *

 Residual Variances
    YB                 0.045       0.044      0.000       0.006       0.168      *
    M                  0.131       0.051      0.000       0.041       0.240      *

New/Additional Parameters
    INDB               1.150       0.292      0.000       0.808       2.020      *


CREDIBILITY INTERVALS OF MODEL RESULTS

                  Lower .5%  Lower 2.5%    Lower 5%    Estimate    Upper 5%  Upper 2.5%   Upper .5%

Within Level

 Variances
    M                1.726       1.796       1.828       2.019       2.239       2.280       2.363

Between Level

 M        ON
    XB               0.511       0.536       0.563       0.725       0.878       0.909       0.962

 YB       ON
    M                1.165       1.228       1.257       1.557       2.288       2.628       2.938
    XB              -1.597      -1.175      -0.996      -0.315      -0.025       0.024       0.108

 Means
    XB              -0.341      -0.280      -0.249      -0.079       0.072       0.098       0.177

 Intercepts
    YB              -0.177      -0.137      -0.111       0.061       0.239       0.270       0.293
    M               -0.187      -0.130      -0.112      -0.003       0.117       0.147       0.171

 Variances
    XB               0.613       0.685       0.708       0.904       1.149       1.198       1.450

 Residual Variances
    YB               0.004       0.006       0.007       0.045       0.152       0.168       0.198
    M                0.028       0.041       0.051       0.131       0.220       0.240       0.268

New/Additional Parameters
    INDB             0.689       0.808       0.853       1.150       1.795       2.020       2.413


     Beginning Time:  21:16:15
        Ending Time:  21:16:16
       Elapsed Time:  00:00:01



MUTHEN & MUTHEN
3463 Stoner Ave.
Los Angeles, CA  90066

Tel: (310) 391-9971
Fax: (310) 391-8971
Web: www.StatModel.com
Support: Support@StatModel.com

Copyright (c) 1998-2014 Muthen & Muthen
