Mplus VERSION 7.2 (Mac)
MUTHEN & MUTHEN
04/30/2018   7:56 PM

INPUT INSTRUCTIONS

  TITLE: pregaming and ptsd invited manuscript

  DATA:	
      FILE IS PregamePTSD021615.TXT;
  !random intercept model
  !number of alchohol related consequences (consd) reported per day
  !Hypothesis 1


  VARIABLE: NAMES ARE
     IDNUM CAPS_STATUS_R CAPS_STATUS_combined
     SEX AGE RACE EDLEVEL TLEQ_SV_Dich
      LEC_SV_Dich CRITBMSx CRITCMSx CRITDMSx
      TLEQ_CE TLEQ_CFH PHQ_TOT PHQ_Severity2groups
      bfi_E bfi_A
      bfi_C bfi_N bfi_O DERS_TOTAL dmqsoc dmqcop
      dmqenh dmqcnf DMQ_Total KEXtr KEXsl KEXae
      KEXpe YAQ_TOT
      YAQ_soc YAQ_cont YAQ_selfp YAQ_selfc YAQ_risk
      YAQ_acoc YAQ_dep YAQ_blk drnkdays30 Hvydays Bngdays
      Prgmdays nopgdays TOTDRK30 TOTPGEDRK TOTDRKPGD
      TOTDRKNOPG totcons30 Totpgcons Totnopgcons
      Sexual_Consequence Pregamer Day P_TALUS TALUS ALC
      DRINKDAY PGDAY pgdALC nopgALC CONSd ycond PGCONS
      NOPGCONS DDD DPGD DNPGD CDD CPGD CNPGD
      PTSD1 PTSD2 PTSD3;

      !DUMMY CODE FOR CAPS_STATUS_combined
      !                       PTSD1   PTSD2 PTSD3
      !Criteria A Negative    1       0      0
      !PTSD Negative          0       1      0
      !PTSD Positive          0       0      1

      MISSING = ALL (-999);

    USEVARIABLES ARE

        CONSd
      ;

     ! count are CONSd (nbh) ;
     ! categorical are PGDAY;


    CLUSTER IS IDNUM;
  ANALYSIS:
     TYPE IS TWOLEVEL RANDOM;
  MODEL:
     %WITHIN%
     consd;
     %BETWEEN%
     consd;






*** WARNING in MODEL command
  Variable is uncorrelated with all other variables: CONSD
*** WARNING in MODEL command
  At least one variable is uncorrelated with all other variables in the model.
  Check that this is what is intended.
*** WARNING
  Data set contains cases with missing on all variables.
  These cases were not included in the analysis.
  Number of cases with missing on all variables:  1
   3 WARNING(S) FOUND IN THE INPUT INSTRUCTIONS



pregaming and ptsd invited manuscript

SUMMARY OF ANALYSIS

Number of groups                                                 1
Number of observations                                       17985

Number of dependent variables                                    1
Number of independent variables                                  0
Number of continuous latent variables                            0

Observed dependent variables

  Continuous
   CONSD

Variables with special functions

  Cluster variable      IDNUM

Estimator                                                      MLR
Information matrix                                        OBSERVED
Maximum number of iterations                                   100
Convergence criterion                                    0.100D-05
Maximum number of EM iterations                                500
Convergence criteria for the EM algorithm
  Loglikelihood change                                   0.100D-02
  Relative loglikelihood change                          0.100D-05
  Derivative                                             0.100D-03
Minimum variance                                         0.100D-03
Maximum number of steepest descent iterations                   20
Maximum number of iterations for H1                           2000
Convergence criterion for H1                             0.100D-03
Optimization algorithm                                         EMA

Input data file(s)
  PregamePTSD021615.TXT
Input data format  FREE


SUMMARY OF DATA

     Number of missing data patterns             1
     Number of clusters                        600

     Average cluster size       29.975

     Estimated Intraclass Correlations for the Y Variables

                Intraclass
     Variable  Correlation

     CONSD        0.082



COVARIANCE COVERAGE OF DATA

Minimum covariance coverage value   0.100


     PROPORTION OF DATA PRESENT


           Covariance Coverage
              CONSD
              ________
 CONSD          1.000



THE MODEL ESTIMATION TERMINATED NORMALLY



MODEL FIT INFORMATION

Number of Free Parameters                        3

Loglikelihood

          H0 Value                      -28216.504
          H0 Scaling Correction Factor     21.6471
            for MLR
          H1 Value                      -28216.504
          H1 Scaling Correction Factor     21.6471
            for MLR

Information Criteria

          Akaike (AIC)                   56439.007
          Bayesian (BIC)                 56462.399
          Sample-Size Adjusted BIC       56452.865
            (n* = (n + 2) / 24)

Chi-Square Test of Model Fit

          Value                              0.000*
          Degrees of Freedom                     0
          P-Value                           0.0000
          Scaling Correction Factor         1.0000
            for MLR

*   The chi-square value for MLM, MLMV, MLR, ULSMV, WLSM and WLSMV cannot be used
    for chi-square difference testing in the regular way.  MLM, MLR and WLSM
    chi-square difference testing is described on the Mplus website.  MLMV, WLSMV,
    and ULSMV difference testing is done using the DIFFTEST option.

RMSEA (Root Mean Square Error Of Approximation)

          Estimate                           0.000

CFI/TLI

          CFI                                0.000
          TLI                                1.000

Chi-Square Test of Model Fit for the Baseline Model

          Value                              0.000
          Degrees of Freedom                     0
          P-Value                           1.0000

SRMR (Standardized Root Mean Square Residual)

          Value for Within                   0.000
          Value for Between                  0.000



MODEL RESULTS

                                                    Two-Tailed
                    Estimate       S.E.  Est./S.E.    P-Value

Within Level

 Variances
    CONSD              1.292      0.099     12.997      0.000

Between Level

 Means
    CONSD              0.319      0.016     19.537      0.000

 Variances
    CONSD              0.116      0.031      3.776      0.000


QUALITY OF NUMERICAL RESULTS

     Condition Number for the Information Matrix              0.205E-02
       (ratio of smallest to largest eigenvalue)


     Beginning Time:  19:56:32
        Ending Time:  19:56:33
       Elapsed Time:  00:00:01



MUTHEN & MUTHEN
3463 Stoner Ave.
Los Angeles, CA  90066

Tel: (310) 391-9971
Fax: (310) 391-8971
Web: www.StatModel.com
Support: Support@StatModel.com

Copyright (c) 1998-2014 Muthen & Muthen
