Mplus VERSION 7.2 (Mac)
MUTHEN & MUTHEN
04/30/2018   8:25 PM

INPUT INSTRUCTIONS

  TITLE: pregaming and ptsd invited manuscript

  DATA:
     ! PC file name	
      FILE IS C:\Users\mprince\Dropbox\Jen Read\Pregame
      PTSD 021615.dat;

     !Mac file name
     !FILE IS

  VARIABLE: NAMES ARE
     IDNUM CAPS_STATUS_R CAPS_STATUS_combined
     SEX AGE RACE EDLEVEL TLEQ_SV_Dich
      LEC_SV_Dich CRITBMSx CRITCMSx CRITDMSx
      TLEQ_CE TLEQ_CFH PHQ_TOT PHQ_Severity2groups
      bfi_E bfi_A
      bfi_C bfi_N bfi_O DERS_TOTAL dmqsoc dmqcop
      dmqenh dmqcnf DMQ_Total KEXtr KEXsl KEXae
      KEXpe YAQ_TOT
      YAQ_soc YAQ_cont YAQ_selfp YAQ_selfc YAQ_risk
      YAQ_acoc YAQ_dep YAQ_blk drnkdays30 Hvydays Bngdays
      Prgmdays nopgdays TOTDRK30 TOTPGEDRK TOTDRKPGD
      TOTDRKNOPG totcons30 Totpgcons Totnopgcons
      Sexual_Consequence Pregamer Day P_TALUS TALUS ALC
      DRINKDAY PGDAY pgdALC nopgALC CONSd ycond PGCONS
      NOPGCONS DDD DPGD DNPGD CDD CPGD CNPGD
      PTSD1 PTSD2 PTSD3;

      !DUMMY CODE FOR CAPS_STATUS_combined
      !                       PTSD1   PTSD2 PTSD3
      !Criteria A Negative    1       0      0
      !PTSD Negative          0       1      0
      !PTSD Positive          0       0      1

      MISSING = ALL (-999);

    USEVARIABLES ARE
        IDNUM
        PTSD1 PTSD3
        PGDAY
        CONSd
        sex
        bfi_n;


   ! USEOBSERVATION ARE (TPt ge 2 AND TOTLDRNKS GE 1);

        !WITHIN = ;
        BETWEEN = PTSD1 PTSD3 sex bfi_n;
        CLUSTER = IDNUM;


    ANALYSIS:
    TYPE = TWOLEVEL basic;




*** ERROR in DATA command
  The file specified for the FILE option cannot be found.  Check that this
  file exists:  C:\Users\mprince\Dropbox\Jen Read\Pregame PTSD 021615.dat


MUTHEN & MUTHEN
3463 Stoner Ave.
Los Angeles, CA  90066

Tel: (310) 391-9971
Fax: (310) 391-8971
Web: www.StatModel.com
Support: Support@StatModel.com

Copyright (c) 1998-2014 Muthen & Muthen
