Mplus VERSION 7.4 (Mac)
MUTHEN & MUTHEN
01/25/2017   4:32 PM

INPUT INSTRUCTIONS

  TITLE:	this is an example of a linear growth
  	model for a continuous outcome
  DATA:	FILE IS ex6.2.dat;
  VARIABLE:	NAMES ARE y11-y14;
  MODEL:	i s | y11@0 y12@1 y13*2 y14*3;



INPUT READING TERMINATED NORMALLY



this is an example of a linear growth
model for a continuous outcome

SUMMARY OF ANALYSIS

Number of groups                                                 1
Number of observations                                         500

Number of dependent variables                                    4
Number of independent variables                                  0
Number of continuous latent variables                            2

Observed dependent variables

  Continuous
   Y11         Y12         Y13         Y14

Continuous latent variables
   I           S


Estimator                                                       ML
Information matrix                                        OBSERVED
Maximum number of iterations                                  1000
Convergence criterion                                    0.500D-04
Maximum number of steepest descent iterations                   20

Input data file(s)
  ex6.2.dat

Input data format  FREE



THE MODEL ESTIMATION TERMINATED NORMALLY



MODEL FIT INFORMATION

Number of Free Parameters                       11

Loglikelihood

          H0 Value                       -2809.284
          H1 Value                       -2802.065

Information Criteria

          Akaike (AIC)                    5640.568
          Bayesian (BIC)                  5686.929
          Sample-Size Adjusted BIC        5652.014
            (n* = (n + 2) / 24)

Chi-Square Test of Model Fit

          Value                             14.438
          Degrees of Freedom                     3
          P-Value                           0.0024

RMSEA (Root Mean Square Error Of Approximation)

          Estimate                           0.087
          90 Percent C.I.                    0.046  0.135
          Probability RMSEA <= .05           0.068

CFI/TLI

          CFI                                0.991
          TLI                                0.982

Chi-Square Test of Model Fit for the Baseline Model

          Value                           1292.010
          Degrees of Freedom                     6
          P-Value                           0.0000

SRMR (Standardized Root Mean Square Residual)

          Value                              0.041



MODEL RESULTS

                                                    Two-Tailed
                    Estimate       S.E.  Est./S.E.    P-Value

 I        |
    Y11                1.000      0.000    999.000    999.000
    Y12                1.000      0.000    999.000    999.000
    Y13                1.000      0.000    999.000    999.000
    Y14                1.000      0.000    999.000    999.000

 S        |
    Y11                0.000      0.000    999.000    999.000
    Y12                1.000      0.000    999.000    999.000
    Y13                2.047      0.078     26.081      0.000
    Y14                3.220      0.123     26.133      0.000

 S        WITH
    I                  0.132      0.023      5.613      0.000

 Means
    I                  0.760      0.040     19.208      0.000
    S                  0.905      0.042     21.462      0.000

 Intercepts
    Y11                0.000      0.000    999.000    999.000
    Y12                0.000      0.000    999.000    999.000
    Y13                0.000      0.000    999.000    999.000
    Y14                0.000      0.000    999.000    999.000

 Variances
    I                  0.517      0.051     10.070      0.000
    S                  0.202      0.024      8.366      0.000

 Residual Variances
    Y11                0.274      0.041      6.757      0.000
    Y12                0.537      0.041     13.137      0.000
    Y13                0.482      0.048      9.998      0.000
    Y14                0.386      0.086      4.481      0.000


QUALITY OF NUMERICAL RESULTS

     Condition Number for the Information Matrix              0.181E-01
       (ratio of smallest to largest eigenvalue)


     Beginning Time:  16:32:21
        Ending Time:  16:32:21
       Elapsed Time:  00:00:00



MUTHEN & MUTHEN
3463 Stoner Ave.
Los Angeles, CA  90066

Tel: (310) 391-9971
Fax: (310) 391-8971
Web: www.StatModel.com
Support: Support@StatModel.com

Copyright (c) 1998-2015 Muthen & Muthen
