Mplus VERSION 7
MUTHEN & MUTHEN
02/12/2018  11:09 AM

INPUT INSTRUCTIONS

  TITLE:	this is an example of a path analysis
  	with continuous dependent variables,
  	bootstrapped standard errors, indirect
  	effects, and confidence intervals
  DATA:	FILE IS ex3.11.dat;
  VARIABLE:	NAMES ARE y1-y3 x1-x3;
  ANALYSIS:	BOOTSTRAP = 1000;

  MODEL:	y1 on x1 (a1);
  	y1 on x2;
  	y1 on x3;
  	
  	y2 ON x1 (a2);
  	y2 on x2;
  	y2 on x3;
  	
  	y3 ON y1 (b1);
  	y3 on y2 (b2);
  	y3 on x2;

  Model constraint:
  new(ind1 ind2);
  ind1 = a1*b1;
  ind2 = a2*b2;

  !MODEL INDIRECT:
  !	y3 IND y1 x1;
  !	y3 IND y2 x1;

  OUTPUT:	CINTERVAL (bcbootstrap);



INPUT READING TERMINATED NORMALLY



this is an example of a path analysis
with continuous dependent variables,
bootstrapped standard errors, indirect
effects, and confidence intervals

SUMMARY OF ANALYSIS

Number of groups                                                 1
Number of observations                                         500

Number of dependent variables                                    3
Number of independent variables                                  3
Number of continuous latent variables                            0

Observed dependent variables

  Continuous
   Y1          Y2          Y3

Observed independent variables
   X1          X2          X3


Estimator                                                       ML
Information matrix                                        OBSERVED
Maximum number of iterations                                  1000
Convergence criterion                                    0.500D-04
Maximum number of steepest descent iterations                   20
Number of bootstrap draws
    Requested                                                 1000
    Completed                                                 1000

Input data file(s)
  ex3.11.dat

Input data format  FREE



THE MODEL ESTIMATION TERMINATED NORMALLY



MODEL FIT INFORMATION

Number of Free Parameters                       15

Loglikelihood

          H0 Value                       -2364.002
          H1 Value                       -2363.623

Information Criteria

          Akaike (AIC)                    4758.004
          Bayesian (BIC)                  4821.223
          Sample-Size Adjusted BIC        4773.612
            (n* = (n + 2) / 24)

Chi-Square Test of Model Fit

          Value                              0.757
          Degrees of Freedom                     3
          P-Value                           0.8598

RMSEA (Root Mean Square Error Of Approximation)

          Estimate                           0.000
          90 Percent C.I.                    0.000  0.040
          Probability RMSEA <= .05           0.972

CFI/TLI

          CFI                                1.000
          TLI                                1.002

Chi-Square Test of Model Fit for the Baseline Model

          Value                           4107.449
          Degrees of Freedom                    12
          P-Value                           0.0000

SRMR (Standardized Root Mean Square Residual)

          Value                              0.001



MODEL RESULTS

                                                    Two-Tailed
                    Estimate       S.E.  Est./S.E.    P-Value

 Y1       ON
    X1                 0.992      0.044     22.616      0.000
    X2                 2.001      0.044     45.697      0.000
    X3                 3.052      0.039     77.618      0.000

 Y2       ON
    X1                 2.935      0.049     59.416      0.000
    X2                 1.992      0.051     38.853      0.000
    X3                 1.023      0.049     20.710      0.000

 Y3       ON
    Y1                 0.507      0.020     25.737      0.000
    Y2                 0.746      0.019     39.799      0.000
    X2                 1.046      0.076     13.744      0.000

 Intercepts
    Y1                -1.064      0.046    -23.284      0.000
    Y2                -0.042      0.052     -0.799      0.424
    Y3                 1.068      0.063     17.004      0.000

 Residual Variances
    Y1                 1.061      0.068     15.545      0.000
    Y2                 1.408      0.082     17.266      0.000
    Y3                 1.717      0.114     15.046      0.000

 New/Additional Parameters
    IND1               0.503      0.030     17.008      0.000
    IND2               2.188      0.065     33.868      0.000


CONFIDENCE INTERVALS OF MODEL RESULTS

                  Lower .5%  Lower 2.5%    Lower 5%    Estimate    Upper 5%  Upper 2.5%   Upper .5%

 Y1       ON
    X1               0.892       0.907       0.915       0.992       1.063       1.075       1.102
    X2               1.885       1.914       1.926       2.001       2.071       2.084       2.115
    X3               2.950       2.978       2.991       3.052       3.122       3.134       3.160

 Y2       ON
    X1               2.801       2.838       2.855       2.935       3.015       3.035       3.053
    X2               1.844       1.892       1.909       1.992       2.078       2.099       2.133
    X3               0.894       0.930       0.948       1.023       1.112       1.126       1.159

 Y3       ON
    Y1               0.455       0.467       0.471       0.507       0.536       0.542       0.553
    Y2               0.696       0.707       0.713       0.746       0.773       0.779       0.794
    X2               0.862       0.907       0.924       1.046       1.175       1.205       1.245

 Intercepts
    Y1              -1.181      -1.154      -1.141      -1.064      -0.992      -0.975      -0.942
    Y2              -0.170      -0.140      -0.125      -0.042       0.043       0.058       0.097
    Y3               0.875       0.945       0.964       1.068       1.166       1.188       1.226

 Residual Variances
    Y1               0.905       0.943       0.966       1.061       1.186       1.215       1.245
    Y2               1.224       1.271       1.297       1.408       1.563       1.582       1.631
    Y3               1.436       1.506       1.545       1.717       1.935       1.962       2.008

 New/Additional Parameters
    IND1             0.430       0.447       0.452       0.503       0.551       0.559       0.579
    IND2             2.028       2.064       2.083       2.188       2.297       2.317       2.374


DIAGRAM INFORMATION

  Use View Diagram under the Diagram menu in the Mplus Editor to view the diagram.
  If running Mplus from the Mplus Diagrammer, the diagram opens automatically.

  Diagram output
    c:\users\lara\dropbox\sem 2018 shared\code and data\mediation\ex3.16_modconst_bcbootstrap.dgm

     Beginning Time:  11:09:52
        Ending Time:  11:09:54
       Elapsed Time:  00:00:02



MUTHEN & MUTHEN
3463 Stoner Ave.
Los Angeles, CA  90066

Tel: (310) 391-9971
Fax: (310) 391-8971
Web: www.StatModel.com
Support: Support@StatModel.com

Copyright (c) 1998-2012 Muthen & Muthen
