Mplus VERSION 7
MUTHEN & MUTHEN
02/13/2018  12:09 PM

INPUT INSTRUCTIONS

  TITLE:	this is an example of a path analysis
  	with continuous dependent variables,
  	bootstrapped standard errors, indirect
  	effects, and confidence intervals
  DATA:	FILE IS ex3.11.dat;
  VARIABLE:	NAMES ARE y1-y3 x1-x3;
  ANALYSIS:	BOOTSTRAP = 1000;

  MODEL:	y1 on x1 (a1);
  	y1 on x2;
  	y1 on x3;
  	
  	y2 ON x1 (a2);
  	y2 on x2;
  	y2 on x3;
  	
  	y3 ON y1 (b1);
  	y3 on y2 (b2);
      y3 on x1 (c);
  	y3 on x2;

  Model constraint:
  new(ind1 ind2
  );
  ind1 = (a1*b1);
  ind2 = (a2*b2);


  !MODEL INDIRECT:
  !	y3 IND y1 x1;
  !	y3 IND y2 x1;

  OUTPUT:	CINTERVAL (bcbootstrap);



INPUT READING TERMINATED NORMALLY



this is an example of a path analysis
with continuous dependent variables,
bootstrapped standard errors, indirect
effects, and confidence intervals

SUMMARY OF ANALYSIS

Number of groups                                                 1
Number of observations                                         500

Number of dependent variables                                    3
Number of independent variables                                  3
Number of continuous latent variables                            0

Observed dependent variables

  Continuous
   Y1          Y2          Y3

Observed independent variables
   X1          X2          X3


Estimator                                                       ML
Information matrix                                        OBSERVED
Maximum number of iterations                                  1000
Convergence criterion                                    0.500D-04
Maximum number of steepest descent iterations                   20
Number of bootstrap draws
    Requested                                                 1000
    Completed                                                 1000

Input data file(s)
  ex3.11.dat

Input data format  FREE



THE MODEL ESTIMATION TERMINATED NORMALLY



MODEL FIT INFORMATION

Number of Free Parameters                       16

Loglikelihood

          H0 Value                       -2363.624
          H1 Value                       -2363.623

Information Criteria

          Akaike (AIC)                    4759.248
          Bayesian (BIC)                  4826.682
          Sample-Size Adjusted BIC        4775.897
            (n* = (n + 2) / 24)

Chi-Square Test of Model Fit

          Value                              0.001
          Degrees of Freedom                     2
          P-Value                           0.9995

RMSEA (Root Mean Square Error Of Approximation)

          Estimate                           0.000
          90 Percent C.I.                    0.000  0.000
          Probability RMSEA <= .05           1.000

CFI/TLI

          CFI                                1.000
          TLI                                1.003

Chi-Square Test of Model Fit for the Baseline Model

          Value                           4107.449
          Degrees of Freedom                    12
          P-Value                           0.0000

SRMR (Standardized Root Mean Square Residual)

          Value                              0.000



MODEL RESULTS

                                                    Two-Tailed
                    Estimate       S.E.  Est./S.E.    P-Value

 Y1       ON
    X1                 0.992      0.044     22.616      0.000
    X2                 2.001      0.044     45.697      0.000
    X3                 3.052      0.039     77.618      0.000

 Y2       ON
    X1                 2.935      0.049     59.416      0.000
    X2                 1.992      0.051     38.854      0.000
    X3                 1.023      0.049     20.710      0.000

 Y3       ON
    Y1                 0.497      0.023     22.023      0.000
    Y2                 0.783      0.046     16.945      0.000
    X1                -0.119      0.130     -0.919      0.358
    X2                 0.990      0.097     10.221      0.000

 Intercepts
    Y1                -1.064      0.046    -23.284      0.000
    Y2                -0.042      0.052     -0.799      0.424
    Y3                 1.061      0.063     16.703      0.000

 Residual Variances
    Y1                 1.061      0.068     15.544      0.000
    Y2                 1.408      0.082     17.266      0.000
    Y3                 1.714      0.114     15.040      0.000

 New/Additional Parameters
    IND1               0.493      0.031     15.844      0.000
    IND2               2.299      0.138     16.611      0.000


CONFIDENCE INTERVALS OF MODEL RESULTS

                  Lower .5%  Lower 2.5%    Lower 5%    Estimate    Upper 5%  Upper 2.5%   Upper .5%

 Y1       ON
    X1               0.892       0.907       0.915       0.992       1.063       1.075       1.102
    X2               1.885       1.914       1.926       2.001       2.071       2.084       2.115
    X3               2.950       2.978       2.991       3.052       3.122       3.134       3.160

 Y2       ON
    X1               2.801       2.838       2.855       2.935       3.015       3.035       3.053
    X2               1.844       1.892       1.909       1.992       2.078       2.099       2.133
    X3               0.894       0.930       0.948       1.023       1.112       1.126       1.159

 Y3       ON
    Y1               0.443       0.456       0.462       0.497       0.535       0.541       0.555
    Y2               0.659       0.685       0.703       0.783       0.854       0.872       0.897
    X1              -0.436      -0.361      -0.329      -0.119       0.106       0.150       0.219
    X2               0.761       0.803       0.831       0.990       1.146       1.181       1.219

 Intercepts
    Y1              -1.181      -1.154      -1.141      -1.064      -0.992      -0.975      -0.942
    Y2              -0.170      -0.140      -0.125      -0.042       0.043       0.058       0.097
    Y3               0.872       0.936       0.955       1.061       1.162       1.183       1.227

 Residual Variances
    Y1               0.905       0.943       0.966       1.061       1.186       1.215       1.245
    Y2               1.224       1.271       1.297       1.408       1.563       1.582       1.631
    Y3               1.446       1.515       1.551       1.714       1.940       1.959       1.997

 New/Additional Parameters
    IND1             0.417       0.432       0.441       0.493       0.544       0.554       0.571
    IND2             1.950       2.022       2.065       2.299       2.527       2.581       2.668


DIAGRAM INFORMATION

  Use View Diagram under the Diagram menu in the Mplus Editor to view the diagram.
  If running Mplus from the Mplus Diagrammer, the diagram opens automatically.

  Diagram output
    c:\users\lara\desktop\sem ta\s2017 [sem]\code and data\2 mediation\ex3.16_modconst_bcbootstrap.d

     Beginning Time:  12:09:36
        Ending Time:  12:09:37
       Elapsed Time:  00:00:01



MUTHEN & MUTHEN
3463 Stoner Ave.
Los Angeles, CA  90066

Tel: (310) 391-9971
Fax: (310) 391-8971
Web: www.StatModel.com
Support: Support@StatModel.com

Copyright (c) 1998-2012 Muthen & Muthen
