Mplus VERSION 7.4 (Mac)
MUTHEN & MUTHEN
01/30/2017   5:58 PM

INPUT INSTRUCTIONS

  TITLE:	this is an example of a path analysis
  	with continuous dependent variables,
  	bootstrapped standard errors, indirect
  	effects, and confidence intervals
  DATA:	FILE IS ex3.11.dat;
  VARIABLE:	NAMES ARE y1-y3 x1-x3;
  ANALYSIS:	!BOOTSTRAP = 1000;
  MODEL:	y1 y2 ON x1 x2 x3;
  	y3 ON y1 y2 x2;
  MODEL INDIRECT:
  	y3 IND y1 x1;
  	y3 IND y2 x1;
  OUTPUT:	CINTERVAL tech3;



INPUT READING TERMINATED NORMALLY



this is an example of a path analysis
with continuous dependent variables,
bootstrapped standard errors, indirect
effects, and confidence intervals

SUMMARY OF ANALYSIS

Number of groups                                                 1
Number of observations                                         500

Number of dependent variables                                    3
Number of independent variables                                  3
Number of continuous latent variables                            0

Observed dependent variables

  Continuous
   Y1          Y2          Y3

Observed independent variables
   X1          X2          X3


Estimator                                                       ML
Information matrix                                        OBSERVED
Maximum number of iterations                                  1000
Convergence criterion                                    0.500D-04
Maximum number of steepest descent iterations                   20

Input data file(s)
  ex3.11.dat

Input data format  FREE



THE MODEL ESTIMATION TERMINATED NORMALLY



MODEL FIT INFORMATION

Number of Free Parameters                       15

Loglikelihood

          H0 Value                       -2364.002
          H1 Value                       -2363.623

Information Criteria

          Akaike (AIC)                    4758.004
          Bayesian (BIC)                  4821.223
          Sample-Size Adjusted BIC        4773.612
            (n* = (n + 2) / 24)

Chi-Square Test of Model Fit

          Value                              0.757
          Degrees of Freedom                     3
          P-Value                           0.8598

RMSEA (Root Mean Square Error Of Approximation)

          Estimate                           0.000
          90 Percent C.I.                    0.000  0.040
          Probability RMSEA <= .05           0.972

CFI/TLI

          CFI                                1.000
          TLI                                1.002

Chi-Square Test of Model Fit for the Baseline Model

          Value                           4107.449
          Degrees of Freedom                    12
          P-Value                           0.0000

SRMR (Standardized Root Mean Square Residual)

          Value                              0.001



MODEL RESULTS

                                                    Two-Tailed
                    Estimate       S.E.  Est./S.E.    P-Value

 Y1       ON
    X1                 0.992      0.043     22.979      0.000
    X2                 2.001      0.045     44.618      0.000
    X3                 3.052      0.045     68.274      0.000

 Y2       ON
    X1                 2.935      0.050     59.002      0.000
    X2                 1.992      0.052     38.556      0.000
    X3                 1.023      0.051     19.869      0.000

 Y3       ON
    Y1                 0.507      0.020     25.491      0.000
    Y2                 0.746      0.020     37.914      0.000
    X2                 1.046      0.072     14.540      0.000

 Intercepts
    Y1                -1.064      0.046    -23.059      0.000
    Y2                -0.042      0.053     -0.784      0.433
    Y3                 1.068      0.063     17.093      0.000

 Residual Variances
    Y1                 1.061      0.067     15.811      0.000
    Y2                 1.408      0.089     15.811      0.000
    Y3                 1.717      0.109     15.811      0.000


QUALITY OF NUMERICAL RESULTS

     Condition Number for the Information Matrix              0.979E-02
       (ratio of smallest to largest eigenvalue)


TOTAL, TOTAL INDIRECT, SPECIFIC INDIRECT, AND DIRECT EFFECTS


                                                    Two-Tailed
                    Estimate       S.E.  Est./S.E.    P-Value

Effects from X1 to Y3

  Sum of indirect      2.691      0.066     40.498      0.000

  Specific indirect

    Y3
    Y1
    X1                 0.503      0.029     17.068      0.000

    Y3
    Y2
    X1                 2.188      0.069     31.897      0.000



CONFIDENCE INTERVALS OF MODEL RESULTS

                  Lower .5%  Lower 2.5%    Lower 5%    Estimate    Upper 5%  Upper 2.5%   Upper .5%

 Y1       ON
    X1               0.881       0.908       0.921       0.992       1.063       1.077       1.104
    X2               1.886       1.913       1.927       2.001       2.075       2.089       2.117
    X3               2.937       2.964       2.978       3.052       3.126       3.140       3.167

 Y2       ON
    X1               2.807       2.837       2.853       2.935       3.017       3.032       3.063
    X2               1.858       1.890       1.907       1.992       2.076       2.093       2.125
    X3               0.890       0.922       0.938       1.023       1.108       1.124       1.156

 Y3       ON
    Y1               0.455       0.468       0.474       0.507       0.539       0.546       0.558
    Y2               0.695       0.707       0.713       0.746       0.778       0.784       0.796
    X2               0.861       0.905       0.928       1.046       1.164       1.187       1.231

 Intercepts
    Y1              -1.183      -1.154      -1.140      -1.064      -0.988      -0.973      -0.945
    Y2              -0.179      -0.146      -0.129      -0.042       0.046       0.062       0.095
    Y3               0.907       0.946       0.966       1.068       1.171       1.191       1.229

 Residual Variances
    Y1               0.889       0.930       0.951       1.061       1.172       1.193       1.234
    Y2               1.179       1.233       1.261       1.408       1.554       1.583       1.637
    Y3               1.437       1.504       1.538       1.717       1.896       1.930       1.997


CONFIDENCE INTERVALS OF TOTAL, TOTAL INDIRECT, SPECIFIC INDIRECT, AND DIRECT EFFECTS


                  Lower .5%  Lower 2.5%    Lower 5%    Estimate    Upper 5%  Upper 2.5%   Upper .5%

Effects from X1 to Y3

  Sum of indirect    2.520       2.561       2.582       2.691       2.800       2.821       2.862

  Specific indirect

    Y3
    Y1
    X1               0.427       0.445       0.454       0.503       0.551       0.560       0.579

    Y3
    Y2
    X1               2.012       2.054       2.075       2.188       2.301       2.323       2.365



TECHNICAL 3 OUTPUT


           ESTIMATED COVARIANCE MATRIX FOR PARAMETER ESTIMATES
                  1             2             3             4             5
              ________      ________      ________      ________      ________
      1     0.212839D-02
      2    -0.224086D-17  0.282330D-02
      3    -0.392161D-17  0.126896D-16  0.390647D-02
      4    -0.857327D-04 -0.547067D-17  0.491199D-16  0.186524D-02
      5     0.555014D-04  0.166434D-17  0.163773D-16 -0.782146D-04  0.201135D-02
      6     0.131824D-04  0.121628D-17  0.456077D-16  0.107894D-03 -0.183401D-03
      7    -0.829285D-17 -0.113724D-03  0.107691D-15  0.454795D-15  0.345894D-15
      8    -0.189554D-17  0.736223D-04  0.146771D-15  0.407340D-15  0.481122D-15
      9    -0.163218D-17  0.174863D-04  0.156740D-15  0.371285D-15  0.388255D-15
     10    -0.111466D-17  0.648440D-18  0.429874D-03  0.449558D-16  0.150894D-16
     11    -0.408780D-18 -0.405513D-17 -0.241075D-03  0.300700D-16  0.320518D-16
     12    -0.173901D-18  0.167343D-17 -0.378822D-03  0.496331D-17  0.191461D-16
     13    -0.335124D-13 -0.201281D-19  0.403476D-18 -0.375794D-13 -0.220022D-13
     14    -0.130548D-17 -0.348774D-14  0.350279D-16  0.139993D-15  0.143530D-15
     15     0.155435D-18  0.138914D-17 -0.769076D-07 -0.143273D-17  0.382699D-17


           ESTIMATED COVARIANCE MATRIX FOR PARAMETER ESTIMATES
                  6             7             8             9            10
              ________      ________      ________      ________      ________
      6     0.199831D-02
      7     0.269646D-15  0.247423D-02
      8     0.322165D-15 -0.103751D-03  0.266804D-02
      9     0.419090D-15  0.143120D-03 -0.243281D-03  0.265075D-02
     10     0.423075D-16  0.100125D-15  0.131018D-15  0.144417D-15  0.394918D-03
     11     0.102330D-16  0.126425D-15  0.587198D-16  0.111987D-16 -0.198976D-03
     12    -0.364542D-16  0.597220D-17  0.119826D-15 -0.108557D-15 -0.476871D-03
     13     0.290078D-13  0.655191D-16  0.771440D-16  0.770759D-16  0.459575D-18
     14     0.104791D-15  0.124008D-14 -0.879026D-15  0.244104D-14  0.323548D-16
     15    -0.109396D-17 -0.401871D-17  0.465559D-16 -0.389881D-17 -0.264473D-07


           ESTIMATED COVARIANCE MATRIX FOR PARAMETER ESTIMATES
                 11            12            13            14            15
              ________      ________      ________      ________      ________
     11     0.386746D-03
     12    -0.387499D-03  0.517386D-02
     13     0.512606D-17  0.114307D-17  0.450649D-02
     14     0.237668D-16 -0.653567D-17  0.218361D-16  0.792956D-02
     15    -0.287744D-07  0.299695D-06  0.188729D-18  0.265639D-17  0.117934D-01


           ESTIMATED CORRELATION MATRIX FOR PARAMETER ESTIMATES
                  1             2             3             4             5
              ________      ________      ________      ________      ________
      1         1.000
      2         0.000         1.000
      3         0.000         0.000         1.000
      4        -0.043         0.000         0.000         1.000
      5         0.027         0.000         0.000        -0.040         1.000
      6         0.006         0.000         0.000         0.056        -0.091
      7         0.000        -0.043         0.000         0.000         0.000
      8         0.000         0.027         0.000         0.000         0.000
      9         0.000         0.006         0.000         0.000         0.000
     10         0.000         0.000         0.346         0.000         0.000
     11         0.000         0.000        -0.196         0.000         0.000
     12         0.000         0.000        -0.084         0.000         0.000
     13         0.000         0.000         0.000         0.000         0.000
     14         0.000         0.000         0.000         0.000         0.000
     15         0.000         0.000         0.000         0.000         0.000


           ESTIMATED CORRELATION MATRIX FOR PARAMETER ESTIMATES
                  6             7             8             9            10
              ________      ________      ________      ________      ________
      6         1.000
      7         0.000         1.000
      8         0.000        -0.040         1.000
      9         0.000         0.056        -0.091         1.000
     10         0.000         0.000         0.000         0.000         1.000
     11         0.000         0.000         0.000         0.000        -0.509
     12         0.000         0.000         0.000         0.000        -0.334
     13         0.000         0.000         0.000         0.000         0.000
     14         0.000         0.000         0.000         0.000         0.000
     15         0.000         0.000         0.000         0.000         0.000


           ESTIMATED CORRELATION MATRIX FOR PARAMETER ESTIMATES
                 11            12            13            14            15
              ________      ________      ________      ________      ________
     11         1.000
     12        -0.274         1.000
     13         0.000         0.000         1.000
     14         0.000         0.000         0.000         1.000
     15         0.000         0.000         0.000         0.000         1.000


     Beginning Time:  17:58:59
        Ending Time:  17:58:59
       Elapsed Time:  00:00:00



MUTHEN & MUTHEN
3463 Stoner Ave.
Los Angeles, CA  90066

Tel: (310) 391-9971
Fax: (310) 391-8971
Web: www.StatModel.com
Support: Support@StatModel.com

Copyright (c) 1998-2015 Muthen & Muthen
