Mplus VERSION 7.2 (Mac)
MUTHEN & MUTHEN
03/26/2018   9:03 PM

INPUT INSTRUCTIONS

  DATA:
  FILE is hints.csv;

  VARIABLE:
  NAMES ARE ID Gender Rural Metro Census Age Employ Military Marital
  Educ EducA EducB BornUSA English NotHisp HispCat White RaceCat RaceEthn
  HHInc Income Internet Health
  Happy Angry Anxious Hopeful Sad Strengths Values Optimistic
  Fruit Veggies Soda ExerDays Weights TV BMI
  SleepWk SleepWkEND Smoke100 SmokeNow SmokeDay SmokeHome
  ;

  MISSING ARE ALL (999);

  USEVARIABLES ARE Angry Anxious Sad Health;

  GROUPING IS gender (0=female 1=male);

  ANALYSIS:
  MODEL = CONFIGURAL METRIC SCALAR;

  MODEL:
  !Factor model for negative mood
  mood BY Angry Anxious Sad;
  !Factor model for healthy
  healthy BY Health@1;
  !Constrain variance of Health at 0.10
  Health@.1;
  !Allow  mood to covary with health
  mood WITH healthy;

  OUTPUT:
  SAMPSTAT RESIDUAL CINTERVAL TECH1 TECH4;



INPUT READING TERMINATED NORMALLY




SUMMARY OF ANALYSIS

Number of groups                                                 2
Number of observations
   Group FEMALE                                                751
   Group MALE                                                  527
   Total sample size                                          1278

Number of dependent variables                                    4
Number of independent variables                                  0
Number of continuous latent variables                            2

Observed dependent variables

  Continuous
   ANGRY       ANXIOUS     SAD         HEALTH

Continuous latent variables
   MOOD        HEALTHY

Variables with special functions

  Grouping variable     GENDER

Estimator                                                       ML
Information matrix                                        OBSERVED
Maximum number of iterations                                  1000
Convergence criterion                                    0.500D-04
Maximum number of steepest descent iterations                   20
Maximum number of iterations for H1                           2000
Convergence criterion for H1                             0.100D-03

Input data file(s)
  hints.csv

Input data format  FREE


SUMMARY OF DATA

   Group FEMALE
     Number of missing data patterns             1

   Group MALE
     Number of missing data patterns             1


COVARIANCE COVERAGE OF DATA

Minimum covariance coverage value   0.100


     PROPORTION OF DATA PRESENT FOR FEMALE


           Covariance Coverage
              ANGRY         ANXIOUS       SAD           HEALTH
              ________      ________      ________      ________
 ANGRY          1.000
 ANXIOUS        1.000         1.000
 SAD            1.000         1.000         1.000
 HEALTH         1.000         1.000         1.000         1.000


     PROPORTION OF DATA PRESENT FOR MALE


           Covariance Coverage
              ANGRY         ANXIOUS       SAD           HEALTH
              ________      ________      ________      ________
 ANGRY          1.000
 ANXIOUS        1.000         1.000
 SAD            1.000         1.000         1.000
 HEALTH         1.000         1.000         1.000         1.000


SAMPLE STATISTICS



     ESTIMATED SAMPLE STATISTICS FOR FEMALE


           Means
              ANGRY         ANXIOUS       SAD           HEALTH
              ________      ________      ________      ________
      1         1.137         1.362         1.153         2.558


           Covariances
              ANGRY         ANXIOUS       SAD           HEALTH
              ________      ________      ________      ________
 ANGRY          0.499
 ANXIOUS        0.310         0.897
 SAD            0.331         0.429         0.694
 HEALTH        -0.148        -0.245        -0.200         0.843


           Correlations
              ANGRY         ANXIOUS       SAD           HEALTH
              ________      ________      ________      ________
 ANGRY          1.000
 ANXIOUS        0.463         1.000
 SAD            0.561         0.544         1.000
 HEALTH        -0.229        -0.281        -0.261         1.000


     ESTIMATED SAMPLE STATISTICS FOR MALE


           Means
              ANGRY         ANXIOUS       SAD           HEALTH
              ________      ________      ________      ________
      1         1.152         1.235         0.968         2.554


           Covariances
              ANGRY         ANXIOUS       SAD           HEALTH
              ________      ________      ________      ________
 ANGRY          0.489
 ANXIOUS        0.255         0.810
 SAD            0.274         0.324         0.631
 HEALTH        -0.097        -0.117        -0.176         0.706


           Correlations
              ANGRY         ANXIOUS       SAD           HEALTH
              ________      ________      ________      ________
 ANGRY          1.000
 ANXIOUS        0.404         1.000
 SAD            0.494         0.454         1.000
 HEALTH        -0.166        -0.155        -0.263         1.000


     MAXIMUM LOG-LIKELIHOOD VALUE FOR THE UNRESTRICTED (H1) MODEL IS -5791.703

MODEL FIT INFORMATION

Invariance Testing

                   Number of                   Degrees of
     Model        Parameters      Chi-square    Freedom     P-value

     Configural        24              7.752         4       0.1011
     Metric            22              8.694         6       0.1915
     Scalar            20             25.448         8       0.0013

                                               Degrees of
     Models Compared              Chi-square    Freedom     P-value

     Metric against Configural         0.942         2       0.6243
     Scalar against Configural        17.697         4       0.0014
     Scalar against Metric            16.754         2       0.0002


MODEL FIT INFORMATION FOR THE CONFIGURAL MODEL

Number of Free Parameters                       24

Loglikelihood

          H0 Value                       -5795.579
          H1 Value                       -5791.703

Information Criteria

          Akaike (AIC)                   11639.158
          Bayesian (BIC)                 11762.831
          Sample-Size Adjusted BIC       11686.595
            (n* = (n + 2) / 24)

Chi-Square Test of Model Fit

          Value                              7.752
          Degrees of Freedom                     4
          P-Value                           0.1011

Chi-Square Contribution and P-Value From Each Group (degrees of freedom = 2)

          FEMALE                             4.450     0.108
          MALE                               3.302     0.192

RMSEA (Root Mean Square Error Of Approximation)

          Estimate                           0.038
          90 Percent C.I.                    0.000  0.079
          Probability RMSEA <= .05           0.626

CFI/TLI

          CFI                                0.996
          TLI                                0.989

Chi-Square Test of Model Fit for the Baseline Model

          Value                           1004.196
          Degrees of Freedom                    12
          P-Value                           0.0000

SRMR (Standardized Root Mean Square Residual)

          Value                              0.014


MODEL FIT INFORMATION FOR THE METRIC MODEL

Number of Free Parameters                       22

Loglikelihood

          H0 Value                       -5796.050
          H1 Value                       -5791.703

Information Criteria

          Akaike (AIC)                   11636.100
          Bayesian (BIC)                 11749.467
          Sample-Size Adjusted BIC       11679.584
            (n* = (n + 2) / 24)

Chi-Square Test of Model Fit

          Value                              8.694
          Degrees of Freedom                     6
          P-Value                           0.1915

Chi-Square Contribution From Each Group

          FEMALE                             4.761
          MALE                               3.933

RMSEA (Root Mean Square Error Of Approximation)

          Estimate                           0.027
          90 Percent C.I.                    0.000  0.062
          Probability RMSEA <= .05           0.838

CFI/TLI

          CFI                                0.997
          TLI                                0.995

Chi-Square Test of Model Fit for the Baseline Model

          Value                           1004.196
          Degrees of Freedom                    12
          P-Value                           0.0000

SRMR (Standardized Root Mean Square Residual)

          Value                              0.016


MODEL FIT INFORMATION FOR THE SCALAR MODEL

Number of Free Parameters                       20

Loglikelihood

          H0 Value                       -5804.427
          H1 Value                       -5791.703

Information Criteria

          Akaike (AIC)                   11648.854
          Bayesian (BIC)                 11751.915
          Sample-Size Adjusted BIC       11688.385
            (n* = (n + 2) / 24)

Chi-Square Test of Model Fit

          Value                             25.448
          Degrees of Freedom                     8
          P-Value                           0.0013

Chi-Square Contribution From Each Group

          FEMALE                            11.168
          MALE                              14.280

RMSEA (Root Mean Square Error Of Approximation)

          Estimate                           0.058
          90 Percent C.I.                    0.034  0.085
          Probability RMSEA <= .05           0.259

CFI/TLI

          CFI                                0.982
          TLI                                0.974

Chi-Square Test of Model Fit for the Baseline Model

          Value                           1004.196
          Degrees of Freedom                    12
          P-Value                           0.0000

SRMR (Standardized Root Mean Square Residual)

          Value                              0.027



MODEL RESULTS FOR THE CONFIGURAL MODEL

                                                    Two-Tailed
                    Estimate       S.E.  Est./S.E.    P-Value

Group FEMALE

 MOOD     BY
    ANGRY              1.000      0.000    999.000    999.000
    ANXIOUS            1.322      0.090     14.743      0.000
    SAD                1.364      0.088     15.485      0.000

 HEALTHY  BY
    HEALTH             1.000      0.000    999.000    999.000

 MOOD     WITH
    HEALTHY           -0.156      0.021     -7.606      0.000

 Means
    MOOD               0.000      0.000    999.000    999.000
    HEALTHY            0.000      0.000    999.000    999.000

 Intercepts
    ANGRY              1.137      0.026     44.108      0.000
    ANXIOUS            1.362      0.035     39.419      0.000
    SAD                1.153      0.030     37.926      0.000
    HEALTH             2.558      0.034     76.339      0.000

 Variances
    MOOD               0.239      0.025      9.404      0.000
    HEALTHY            0.743      0.044     17.080      0.000

 Residual Variances
    ANGRY              0.260      0.019     14.041      0.000
    ANXIOUS            0.479      0.034     14.134      0.000
    SAD                0.249      0.027      9.303      0.000
    HEALTH             0.100      0.000    999.000    999.000

Group MALE

 MOOD     BY
    ANGRY              1.000      0.000    999.000    999.000
    ANXIOUS            1.190      0.117     10.170      0.000
    SAD                1.354      0.138      9.796      0.000

 HEALTHY  BY
    HEALTH             1.000      0.000    999.000    999.000

 MOOD     WITH
    HEALTHY           -0.115      0.021     -5.480      0.000

 Means
    MOOD               0.000      0.000    999.000    999.000
    HEALTHY            0.000      0.000    999.000    999.000

 Intercepts
    ANGRY              1.152      0.030     37.801      0.000
    ANXIOUS            1.235      0.039     31.511      0.000
    SAD                0.968      0.035     27.971      0.000
    HEALTH             2.554      0.037     69.766      0.000

 Variances
    MOOD               0.204      0.031      6.643      0.000
    HEALTHY            0.606      0.044     13.934      0.000

 Residual Variances
    ANGRY              0.285      0.026     11.154      0.000
    ANXIOUS            0.521      0.042     12.459      0.000
    SAD                0.257      0.037      6.923      0.000
    HEALTH             0.100      0.000    999.000    999.000


MODEL RESULTS FOR THE METRIC MODEL

                                                    Two-Tailed
                    Estimate       S.E.  Est./S.E.    P-Value

Group FEMALE

 MOOD     BY
    ANGRY              1.000      0.000    999.000    999.000
    ANXIOUS            1.276      0.071     17.900      0.000
    SAD                1.359      0.074     18.406      0.000

 HEALTHY  BY
    HEALTH             1.000      0.000    999.000    999.000

 MOOD     WITH
    HEALTHY           -0.158      0.020     -7.715      0.000

 Means
    MOOD               0.000      0.000    999.000    999.000
    HEALTHY            0.000      0.000    999.000    999.000

 Intercepts
    ANGRY              1.137      0.026     43.943      0.000
    ANXIOUS            1.362      0.034     39.687      0.000
    SAD                1.153      0.030     37.857      0.000
    HEALTH             2.558      0.034     76.339      0.000

 Variances
    MOOD               0.244      0.023     10.504      0.000
    HEALTHY            0.743      0.044     17.080      0.000

 Residual Variances
    ANGRY              0.259      0.018     14.260      0.000
    ANXIOUS            0.487      0.033     14.807      0.000
    SAD                0.246      0.026      9.615      0.000
    HEALTH             0.100      0.000    999.000    999.000

Group MALE

 MOOD     BY
    ANGRY              1.000      0.000    999.000    999.000
    ANXIOUS            1.276      0.071     17.900      0.000
    SAD                1.359      0.074     18.406      0.000

 HEALTHY  BY
    HEALTH             1.000      0.000    999.000    999.000

 MOOD     WITH
    HEALTHY           -0.112      0.020     -5.629      0.000

 Means
    MOOD               0.000      0.000    999.000    999.000
    HEALTHY            0.000      0.000    999.000    999.000

 Intercepts
    ANGRY              1.152      0.030     38.032      0.000
    ANXIOUS            1.235      0.040     31.167      0.000
    SAD                0.968      0.034     28.057      0.000
    HEALTH             2.554      0.037     69.767      0.000

 Variances
    MOOD               0.196      0.022      9.003      0.000
    HEALTHY            0.606      0.044     13.934      0.000

 Residual Variances
    ANGRY              0.287      0.023     12.582      0.000
    ANXIOUS            0.508      0.039     12.937      0.000
    SAD                0.265      0.030      8.942      0.000
    HEALTH             0.100      0.000    999.000    999.000


MODEL RESULTS FOR THE SCALAR MODEL

                                                    Two-Tailed
                    Estimate       S.E.  Est./S.E.    P-Value

Group FEMALE

 MOOD     BY
    ANGRY              1.000      0.000    999.000    999.000
    ANXIOUS            1.304      0.073     17.871      0.000
    SAD                1.401      0.077     18.168      0.000

 HEALTHY  BY
    HEALTH             1.000      0.000    999.000    999.000

 MOOD     WITH
    HEALTHY           -0.154      0.020     -7.673      0.000

 Means
    MOOD               0.000      0.000    999.000    999.000
    HEALTHY            0.000      0.000    999.000    999.000

 Intercepts
    ANGRY              1.177      0.024     49.395      0.000
    ANXIOUS            1.358      0.031     43.269      0.000
    SAD                1.129      0.030     37.921      0.000
    HEALTH             2.558      0.034     76.339      0.000

 Variances
    MOOD               0.235      0.023     10.292      0.000
    HEALTHY            0.743      0.044     17.080      0.000

 Residual Variances
    ANGRY              0.265      0.018     14.486      0.000
    ANXIOUS            0.487      0.033     14.706      0.000
    SAD                0.241      0.026      9.236      0.000
    HEALTH             0.100      0.000    999.000    999.000

Group MALE

 MOOD     BY
    ANGRY              1.000      0.000    999.000    999.000
    ANXIOUS            1.304      0.073     17.871      0.000
    SAD                1.401      0.077     18.168      0.000

 HEALTHY  BY
    HEALTH             1.000      0.000    999.000    999.000

 MOOD     WITH
    HEALTHY           -0.110      0.020     -5.637      0.000

 Means
    MOOD              -0.089      0.030     -2.969      0.003
    HEALTHY           -0.004      0.050     -0.077      0.938

 Intercepts
    ANGRY              1.177      0.024     49.395      0.000
    ANXIOUS            1.358      0.031     43.269      0.000
    SAD                1.129      0.030     37.921      0.000
    HEALTH             2.558      0.034     76.339      0.000

 Variances
    MOOD               0.188      0.021      8.880      0.000
    HEALTHY            0.606      0.044     13.934      0.000

 Residual Variances
    ANGRY              0.297      0.023     12.768      0.000
    ANXIOUS            0.508      0.040     12.865      0.000
    SAD                0.262      0.030      8.633      0.000
    HEALTH             0.100      0.000    999.000    999.000


QUALITY OF NUMERICAL RESULTS FOR THE CONFIGURAL MODEL

     Condition Number for the Information Matrix              0.161E-01
       (ratio of smallest to largest eigenvalue)


QUALITY OF NUMERICAL RESULTS FOR THE METRIC MODEL

     Condition Number for the Information Matrix              0.161E-01
       (ratio of smallest to largest eigenvalue)


QUALITY OF NUMERICAL RESULTS FOR THE SCALAR MODEL

     Condition Number for the Information Matrix              0.161E-01
       (ratio of smallest to largest eigenvalue)


CONFIDENCE INTERVALS OF MODEL RESULTS

                  Lower .5%  Lower 2.5%    Lower 5%    Estimate    Upper 5%  Upper 2.5%   Upper .5%

Group FEMALE

 MOOD     BY
    ANGRY            1.000       1.000       1.000       1.000       1.000       1.000       1.000
    ANXIOUS          1.116       1.161       1.184       1.304       1.424       1.447       1.492
    SAD              1.202       1.250       1.274       1.401       1.528       1.552       1.600

 HEALTHY  BY
    HEALTH           1.000       1.000       1.000       1.000       1.000       1.000       1.000

 MOOD     WITH
    HEALTHY         -0.206      -0.194      -0.187      -0.154      -0.121      -0.115      -0.102

 Means
    MOOD             0.000       0.000       0.000       0.000       0.000       0.000       0.000
    HEALTHY          0.000       0.000       0.000       0.000       0.000       0.000       0.000

 Intercepts
    ANGRY            1.116       1.130       1.138       1.177       1.216       1.224       1.238
    ANXIOUS          1.277       1.296       1.306       1.358       1.409       1.419       1.439
    SAD              1.053       1.071       1.080       1.129       1.178       1.188       1.206
    HEALTH           2.472       2.492       2.503       2.558       2.613       2.624       2.644

 Variances
    MOOD             0.176       0.190       0.197       0.235       0.272       0.279       0.293
    HEALTHY          0.631       0.658       0.672       0.743       0.815       0.828       0.855

 Residual Variances
    ANGRY            0.218       0.229       0.235       0.265       0.295       0.300       0.312
    ANXIOUS          0.401       0.422       0.432       0.487       0.541       0.552       0.572
    SAD              0.174       0.190       0.198       0.241       0.284       0.292       0.308
    HEALTH           0.100       0.100       0.100       0.100       0.100       0.100       0.100

Group MALE

 MOOD     BY
    ANGRY            1.000       1.000       1.000       1.000       1.000       1.000       1.000
    ANXIOUS          1.116       1.161       1.184       1.304       1.424       1.447       1.492
    SAD              1.202       1.250       1.274       1.401       1.528       1.552       1.600

 HEALTHY  BY
    HEALTH           1.000       1.000       1.000       1.000       1.000       1.000       1.000

 MOOD     WITH
    HEALTHY         -0.161      -0.149      -0.143      -0.110      -0.078      -0.072      -0.060

 Means
    MOOD            -0.166      -0.148      -0.138      -0.089      -0.040      -0.030      -0.012
    HEALTHY         -0.132      -0.101      -0.085      -0.004       0.078       0.093       0.124

 Intercepts
    ANGRY            1.116       1.130       1.138       1.177       1.216       1.224       1.238
    ANXIOUS          1.277       1.296       1.306       1.358       1.409       1.419       1.439
    SAD              1.053       1.071       1.080       1.129       1.178       1.188       1.206
    HEALTH           2.472       2.492       2.503       2.558       2.613       2.624       2.644

 Variances
    MOOD             0.133       0.146       0.153       0.188       0.223       0.229       0.242
    HEALTHY          0.494       0.521       0.535       0.606       0.678       0.692       0.718

 Residual Variances
    ANGRY            0.237       0.251       0.258       0.297       0.335       0.342       0.356
    ANXIOUS          0.407       0.431       0.443       0.508       0.573       0.586       0.610
    SAD              0.184       0.203       0.212       0.262       0.312       0.322       0.341
    HEALTH           0.100       0.100       0.100       0.100       0.100       0.100       0.100


RESIDUAL OUTPUT FOR THE CONFIGURAL MODEL


     ESTIMATED MODEL AND RESIDUALS (OBSERVED - ESTIMATED) FOR FEMALE


           Model Estimated Means/Intercepts/Thresholds
              ANGRY         ANXIOUS       SAD           HEALTH
              ________      ________      ________      ________
      1         1.137         1.362         1.153         2.558


           Residuals for Means/Intercepts/Thresholds
              ANGRY         ANXIOUS       SAD           HEALTH
              ________      ________      ________      ________
      1         0.000         0.000         0.000         0.000


           Standardized Residuals (z-scores) for Means/Intercepts/Thresholds
              ANGRY         ANXIOUS       SAD           HEALTH
              ________      ________      ________      ________
      1         0.000         0.000         0.000         0.000


           Normalized Residuals for Means/Intercepts/Thresholds
              ANGRY         ANXIOUS       SAD           HEALTH
              ________      ________      ________      ________
      1         0.000         0.000         0.000         0.000


           Model Estimated Covariances/Correlations/Residual Correlations
              ANGRY         ANXIOUS       SAD           HEALTH
              ________      ________      ________      ________
 ANGRY          0.499
 ANXIOUS        0.316         0.897
 SAD            0.326         0.431         0.694
 HEALTH        -0.156        -0.207        -0.213         0.843


           Residuals for Covariances/Correlations/Residual Correlations
              ANGRY         ANXIOUS       SAD           HEALTH
              ________      ________      ________      ________
 ANGRY          0.000
 ANXIOUS       -0.006         0.000
 SAD            0.004        -0.002         0.000
 HEALTH         0.008        -0.038         0.013         0.000


           Standardized Residuals (z-scores) for Covariances/Correlations/Residual Corr
              ANGRY         ANXIOUS       SAD           HEALTH
              ________      ________      ________      ________
 ANGRY          0.000
 ANXIOUS       -1.186         0.000
 SAD           12.020        -0.567         0.000
 HEALTH         0.622        -2.119         1.309         0.000


           Normalized Residuals for Covariances/Correlations/Residual Correlations
              ANGRY         ANXIOUS       SAD           HEALTH
              ________      ________      ________      ________
 ANGRY          0.000
 ANXIOUS       -0.228         0.000
 SAD            0.178        -0.055         0.000
 HEALTH         0.331        -1.150         0.467         0.000


     ESTIMATED MODEL AND RESIDUALS (OBSERVED - ESTIMATED) FOR MALE


           Model Estimated Means/Intercepts/Thresholds
              ANGRY         ANXIOUS       SAD           HEALTH
              ________      ________      ________      ________
      1         1.152         1.235         0.968         2.554


           Residuals for Means/Intercepts/Thresholds
              ANGRY         ANXIOUS       SAD           HEALTH
              ________      ________      ________      ________
      1         0.000         0.000         0.000         0.000


           Standardized Residuals (z-scores) for Means/Intercepts/Thresholds
              ANGRY         ANXIOUS       SAD           HEALTH
              ________      ________      ________      ________
      1       999.000        -0.127        -0.124       999.000


           Normalized Residuals for Means/Intercepts/Thresholds
              ANGRY         ANXIOUS       SAD           HEALTH
              ________      ________      ________      ________
      1         0.000         0.000         0.000         0.001


           Model Estimated Covariances/Correlations/Residual Correlations
              ANGRY         ANXIOUS       SAD           HEALTH
              ________      ________      ________      ________
 ANGRY          0.489
 ANXIOUS        0.243         0.810
 SAD            0.276         0.329         0.631
 HEALTH        -0.115        -0.137        -0.156         0.706


           Residuals for Covariances/Correlations/Residual Correlations
              ANGRY         ANXIOUS       SAD           HEALTH
              ________      ________      ________      ________
 ANGRY          0.000
 ANXIOUS        0.012         0.000
 SAD           -0.002        -0.004         0.000
 HEALTH         0.017         0.020        -0.020         0.000


           Standardized Residuals (z-scores) for Covariances/Correlations/Residual Corr
              ANGRY         ANXIOUS       SAD           HEALTH
              ________      ________      ________      ________
 ANGRY        999.000
 ANXIOUS        4.227         0.000
 SAD           -0.716        -0.899         0.000
 HEALTH         1.143         0.905        -2.126         0.000


           Normalized Residuals for Covariances/Correlations/Residual Correlations
              ANGRY         ANXIOUS       SAD           HEALTH
              ________      ________      ________      ________
 ANGRY          0.000
 ANXIOUS        0.394         0.000
 SAD           -0.078        -0.131         0.000
 HEALTH         0.674         0.588        -0.670         0.000


RESIDUAL OUTPUT FOR THE METRIC MODEL


     ESTIMATED MODEL AND RESIDUALS (OBSERVED - ESTIMATED) FOR FEMALE


           Model Estimated Means/Intercepts/Thresholds
              ANGRY         ANXIOUS       SAD           HEALTH
              ________      ________      ________      ________
      1         1.137         1.362         1.153         2.558


           Residuals for Means/Intercepts/Thresholds
              ANGRY         ANXIOUS       SAD           HEALTH
              ________      ________      ________      ________
      1         0.000         0.000         0.000         0.000


           Standardized Residuals (z-scores) for Means/Intercepts/Thresholds
              ANGRY         ANXIOUS       SAD           HEALTH
              ________      ________      ________      ________
      1         0.000         0.000         0.000         0.000


           Normalized Residuals for Means/Intercepts/Thresholds
              ANGRY         ANXIOUS       SAD           HEALTH
              ________      ________      ________      ________
      1         0.000         0.000         0.000         0.000


           Model Estimated Covariances/Correlations/Residual Correlations
              ANGRY         ANXIOUS       SAD           HEALTH
              ________      ________      ________      ________
 ANGRY          0.503
 ANXIOUS        0.312         0.885
 SAD            0.332         0.424         0.697
 HEALTH        -0.158        -0.201        -0.214         0.843


           Residuals for Covariances/Correlations/Residual Correlations
              ANGRY         ANXIOUS       SAD           HEALTH
              ________      ________      ________      ________
 ANGRY         -0.004
 ANXIOUS       -0.002         0.012
 SAD           -0.002         0.005        -0.003
 HEALTH         0.009        -0.044         0.014         0.000


           Standardized Residuals (z-scores) for Covariances/Correlations/Residual Corr
              ANGRY         ANXIOUS       SAD           HEALTH
              ________      ________      ________      ________
 ANGRY         -0.674
 ANXIOUS       -0.205         0.789
 SAD           -0.258         0.552        -0.492
 HEALTH         0.700        -2.219         1.380         0.000


           Normalized Residuals for Covariances/Correlations/Residual Correlations
              ANGRY         ANXIOUS       SAD           HEALTH
              ________      ________      ________      ________
 ANGRY         -0.146
 ANXIOUS       -0.077         0.260
 SAD           -0.062         0.166        -0.070
 HEALTH         0.378        -1.320         0.492         0.000


     ESTIMATED MODEL AND RESIDUALS (OBSERVED - ESTIMATED) FOR MALE


           Model Estimated Means/Intercepts/Thresholds
              ANGRY         ANXIOUS       SAD           HEALTH
              ________      ________      ________      ________
      1         1.152         1.235         0.968         2.554


           Residuals for Means/Intercepts/Thresholds
              ANGRY         ANXIOUS       SAD           HEALTH
              ________      ________      ________      ________
      1         0.000         0.000         0.000         0.000


           Standardized Residuals (z-scores) for Means/Intercepts/Thresholds
              ANGRY         ANXIOUS       SAD           HEALTH
              ________      ________      ________      ________
      1         0.000         0.000         0.000         0.000


           Normalized Residuals for Means/Intercepts/Thresholds
              ANGRY         ANXIOUS       SAD           HEALTH
              ________      ________      ________      ________
      1         0.000         0.000         0.000         0.000


           Model Estimated Covariances/Correlations/Residual Correlations
              ANGRY         ANXIOUS       SAD           HEALTH
              ________      ________      ________      ________
 ANGRY          0.483
 ANXIOUS        0.250         0.828
 SAD            0.267         0.340         0.627
 HEALTH        -0.112        -0.143        -0.153         0.706


           Residuals for Covariances/Correlations/Residual Correlations
              ANGRY         ANXIOUS       SAD           HEALTH
              ________      ________      ________      ________
 ANGRY          0.006
 ANXIOUS        0.004        -0.018
 SAD            0.008        -0.016         0.004
 HEALTH         0.015         0.026        -0.023         0.000


           Standardized Residuals (z-scores) for Covariances/Correlations/Residual Corr
              ANGRY         ANXIOUS       SAD           HEALTH
              ________      ________      ________      ________
 ANGRY          0.495
 ANXIOUS        0.243        -1.335
 SAD            0.675        -1.109         0.355
 HEALTH         0.902         1.226        -1.780         0.000


           Normalized Residuals for Covariances/Correlations/Residual Correlations
              ANGRY         ANXIOUS       SAD           HEALTH
              ________      ________      ________      ________
 ANGRY          0.197
 ANXIOUS        0.140        -0.359
 SAD            0.285        -0.463         0.099
 HEALTH         0.576         0.789        -0.766         0.000


RESIDUAL OUTPUT FOR THE SCALAR MODEL


     ESTIMATED MODEL AND RESIDUALS (OBSERVED - ESTIMATED) FOR FEMALE


           Model Estimated Means/Intercepts/Thresholds
              ANGRY         ANXIOUS       SAD           HEALTH
              ________      ________      ________      ________
      1         1.177         1.358         1.129         2.558


           Residuals for Means/Intercepts/Thresholds
              ANGRY         ANXIOUS       SAD           HEALTH
              ________      ________      ________      ________
      1        -0.040         0.004         0.024         0.000


           Standardized Residuals (z-scores) for Means/Intercepts/Thresholds
              ANGRY         ANXIOUS       SAD           HEALTH
              ________      ________      ________      ________
      1        -4.049         0.306         3.890         0.000


           Normalized Residuals for Means/Intercepts/Thresholds
              ANGRY         ANXIOUS       SAD           HEALTH
              ________      ________      ________      ________
      1        -1.546         0.128         0.785         0.000


           Model Estimated Covariances/Correlations/Residual Correlations
              ANGRY         ANXIOUS       SAD           HEALTH
              ________      ________      ________      ________
 ANGRY          0.499
 ANXIOUS        0.306         0.886
 SAD            0.329         0.429         0.702
 HEALTH        -0.154        -0.201        -0.216         0.843


           Residuals for Covariances/Correlations/Residual Correlations
              ANGRY         ANXIOUS       SAD           HEALTH
              ________      ________      ________      ________
 ANGRY          0.000
 ANXIOUS        0.004         0.011
 SAD            0.002         0.000        -0.007
 HEALTH         0.006        -0.043         0.016         0.000


           Standardized Residuals (z-scores) for Covariances/Correlations/Residual Corr
              ANGRY         ANXIOUS       SAD           HEALTH
              ________      ________      ________      ________
 ANGRY         -0.016
 ANXIOUS        0.370         0.726
 SAD            0.282         0.051        -5.922
 HEALTH         0.431        -2.229         1.669         0.000


           Normalized Residuals for Covariances/Correlations/Residual Correlations
              ANGRY         ANXIOUS       SAD           HEALTH
              ________      ________      ________      ________
 ANGRY         -0.004
 ANXIOUS        0.141         0.236
 SAD            0.073         0.015        -0.205
 HEALTH         0.242        -1.318         0.562         0.000


     ESTIMATED MODEL AND RESIDUALS (OBSERVED - ESTIMATED) FOR MALE


           Model Estimated Means/Intercepts/Thresholds
              ANGRY         ANXIOUS       SAD           HEALTH
              ________      ________      ________      ________
      1         1.088         1.242         1.005         2.554


           Residuals for Means/Intercepts/Thresholds
              ANGRY         ANXIOUS       SAD           HEALTH
              ________      ________      ________      ________
      1         0.064        -0.007        -0.037         0.000


           Standardized Residuals (z-scores) for Means/Intercepts/Thresholds
              ANGRY         ANXIOUS       SAD           HEALTH
              ________      ________      ________      ________
      1         3.932        -0.330        -3.427         0.000


           Normalized Residuals for Means/Intercepts/Thresholds
              ANGRY         ANXIOUS       SAD           HEALTH
              ________      ________      ________      ________
      1         2.089        -0.168        -1.070         0.000


           Model Estimated Covariances/Correlations/Residual Correlations
              ANGRY         ANXIOUS       SAD           HEALTH
              ________      ________      ________      ________
 ANGRY          0.484
 ANXIOUS        0.245         0.828
 SAD            0.263         0.343         0.631
 HEALTH        -0.110        -0.144        -0.155         0.706


           Residuals for Covariances/Correlations/Residual Correlations
              ANGRY         ANXIOUS       SAD           HEALTH
              ________      ________      ________      ________
 ANGRY          0.005
 ANXIOUS        0.010        -0.018
 SAD            0.011        -0.019         0.000
 HEALTH         0.013         0.027        -0.021         0.000


           Standardized Residuals (z-scores) for Covariances/Correlations/Residual Corr
              ANGRY         ANXIOUS       SAD           HEALTH
              ________      ________      ________      ________
 ANGRY          0.415
 ANXIOUS        0.556        -1.343
 SAD            0.959        -1.348        -0.010
 HEALTH         0.761         1.252        -1.698         0.000


           Normalized Residuals for Covariances/Correlations/Residual Correlations
              ANGRY         ANXIOUS       SAD           HEALTH
              ________      ________      ________      ________
 ANGRY          0.162
 ANXIOUS        0.328        -0.358
 SAD            0.418        -0.544        -0.002
 HEALTH         0.499         0.805        -0.701         0.000


TECHNICAL 1 OUTPUT FOR THE CONFIGURAL MODEL


     PARAMETER SPECIFICATION FOR FEMALE


           NU
              ANGRY         ANXIOUS       SAD           HEALTH
              ________      ________      ________      ________
      1           1             2             3             4


           LAMBDA
              MOOD          HEALTHY
              ________      ________
 ANGRY              0             0
 ANXIOUS            5             0
 SAD                6             0
 HEALTH             0             0


           THETA
              ANGRY         ANXIOUS       SAD           HEALTH
              ________      ________      ________      ________
 ANGRY              7
 ANXIOUS            0             8
 SAD                0             0             9
 HEALTH             0             0             0             0


           ALPHA
              MOOD          HEALTHY
              ________      ________
      1           0             0


           BETA
              MOOD          HEALTHY
              ________      ________
 MOOD               0             0
 HEALTHY            0             0


           PSI
              MOOD          HEALTHY
              ________      ________
 MOOD              10
 HEALTHY           11            12


     PARAMETER SPECIFICATION FOR MALE


           NU
              ANGRY         ANXIOUS       SAD           HEALTH
              ________      ________      ________      ________
      1          13            14            15            16


           LAMBDA
              MOOD          HEALTHY
              ________      ________
 ANGRY              0             0
 ANXIOUS           17             0
 SAD               18             0
 HEALTH             0             0


           THETA
              ANGRY         ANXIOUS       SAD           HEALTH
              ________      ________      ________      ________
 ANGRY             19
 ANXIOUS            0            20
 SAD                0             0            21
 HEALTH             0             0             0             0


           ALPHA
              MOOD          HEALTHY
              ________      ________
      1           0             0


           BETA
              MOOD          HEALTHY
              ________      ________
 MOOD               0             0
 HEALTHY            0             0


           PSI
              MOOD          HEALTHY
              ________      ________
 MOOD              22
 HEALTHY           23            24


     STARTING VALUES FOR FEMALE


           NU
              ANGRY         ANXIOUS       SAD           HEALTH
              ________      ________      ________      ________
      1         1.137         1.362         1.153         2.558


           LAMBDA
              MOOD          HEALTHY
              ________      ________
 ANGRY          1.000         0.000
 ANXIOUS        1.299         0.000
 SAD            1.385         0.000
 HEALTH         0.000         1.000


           THETA
              ANGRY         ANXIOUS       SAD           HEALTH
              ________      ________      ________      ________
 ANGRY          0.250
 ANXIOUS        0.000         0.448
 SAD            0.000         0.000         0.347
 HEALTH         0.000         0.000         0.000         0.100


           ALPHA
              MOOD          HEALTHY
              ________      ________
      1         0.000         0.000


           BETA
              MOOD          HEALTHY
              ________      ________
 MOOD           0.000         0.000
 HEALTHY        0.000         0.000


           PSI
              MOOD          HEALTHY
              ________      ________
 MOOD           0.050
 HEALTHY        0.000         0.050


     STARTING VALUES FOR MALE


           NU
              ANGRY         ANXIOUS       SAD           HEALTH
              ________      ________      ________      ________
      1         1.137         1.362         1.153         2.558


           LAMBDA
              MOOD          HEALTHY
              ________      ________
 ANGRY          1.000         0.000
 ANXIOUS        1.183         0.000
 SAD            1.274         0.000
 HEALTH         0.000         1.000


           THETA
              ANGRY         ANXIOUS       SAD           HEALTH
              ________      ________      ________      ________
 ANGRY          0.250
 ANXIOUS        0.000         0.448
 SAD            0.000         0.000         0.347
 HEALTH         0.000         0.000         0.000         0.100


           ALPHA
              MOOD          HEALTHY
              ________      ________
      1         0.000         0.000


           BETA
              MOOD          HEALTHY
              ________      ________
 MOOD           0.000         0.000
 HEALTHY        0.000         0.000


           PSI
              MOOD          HEALTHY
              ________      ________
 MOOD           0.050
 HEALTHY        0.000         0.050


TECHNICAL 1 OUTPUT FOR THE METRIC MODEL


     PARAMETER SPECIFICATION FOR FEMALE


           NU
              ANGRY         ANXIOUS       SAD           HEALTH
              ________      ________      ________      ________
      1           1             2             3             4


           LAMBDA
              MOOD          HEALTHY
              ________      ________
 ANGRY              0             0
 ANXIOUS            5             0
 SAD                6             0
 HEALTH             0             0


           THETA
              ANGRY         ANXIOUS       SAD           HEALTH
              ________      ________      ________      ________
 ANGRY              7
 ANXIOUS            0             8
 SAD                0             0             9
 HEALTH             0             0             0             0


           ALPHA
              MOOD          HEALTHY
              ________      ________
      1           0             0


           BETA
              MOOD          HEALTHY
              ________      ________
 MOOD               0             0
 HEALTHY            0             0


           PSI
              MOOD          HEALTHY
              ________      ________
 MOOD              10
 HEALTHY           11            12


     PARAMETER SPECIFICATION FOR MALE


           NU
              ANGRY         ANXIOUS       SAD           HEALTH
              ________      ________      ________      ________
      1          13            14            15            16


           LAMBDA
              MOOD          HEALTHY
              ________      ________
 ANGRY              0             0
 ANXIOUS            5             0
 SAD                6             0
 HEALTH             0             0


           THETA
              ANGRY         ANXIOUS       SAD           HEALTH
              ________      ________      ________      ________
 ANGRY             17
 ANXIOUS            0            18
 SAD                0             0            19
 HEALTH             0             0             0             0


           ALPHA
              MOOD          HEALTHY
              ________      ________
      1           0             0


           BETA
              MOOD          HEALTHY
              ________      ________
 MOOD               0             0
 HEALTHY            0             0


           PSI
              MOOD          HEALTHY
              ________      ________
 MOOD              20
 HEALTHY           21            22


     STARTING VALUES FOR FEMALE


           NU
              ANGRY         ANXIOUS       SAD           HEALTH
              ________      ________      ________      ________
      1         1.137         1.362         1.153         2.558


           LAMBDA
              MOOD          HEALTHY
              ________      ________
 ANGRY          1.000         0.000
 ANXIOUS        1.299         0.000
 SAD            1.385         0.000
 HEALTH         0.000         1.000


           THETA
              ANGRY         ANXIOUS       SAD           HEALTH
              ________      ________      ________      ________
 ANGRY          0.250
 ANXIOUS        0.000         0.448
 SAD            0.000         0.000         0.347
 HEALTH         0.000         0.000         0.000         0.100


           ALPHA
              MOOD          HEALTHY
              ________      ________
      1         0.000         0.000


           BETA
              MOOD          HEALTHY
              ________      ________
 MOOD           0.000         0.000
 HEALTHY        0.000         0.000


           PSI
              MOOD          HEALTHY
              ________      ________
 MOOD           0.050
 HEALTHY        0.000         0.050


     STARTING VALUES FOR MALE


           NU
              ANGRY         ANXIOUS       SAD           HEALTH
              ________      ________      ________      ________
      1         1.137         1.362         1.153         2.558


           LAMBDA
              MOOD          HEALTHY
              ________      ________
 ANGRY          1.000         0.000
 ANXIOUS        1.183         0.000
 SAD            1.274         0.000
 HEALTH         0.000         1.000


           THETA
              ANGRY         ANXIOUS       SAD           HEALTH
              ________      ________      ________      ________
 ANGRY          0.250
 ANXIOUS        0.000         0.448
 SAD            0.000         0.000         0.347
 HEALTH         0.000         0.000         0.000         0.100


           ALPHA
              MOOD          HEALTHY
              ________      ________
      1         0.000         0.000


           BETA
              MOOD          HEALTHY
              ________      ________
 MOOD           0.000         0.000
 HEALTHY        0.000         0.000


           PSI
              MOOD          HEALTHY
              ________      ________
 MOOD           0.050
 HEALTHY        0.000         0.050


TECHNICAL 1 OUTPUT FOR THE SCALAR MODEL


     PARAMETER SPECIFICATION FOR FEMALE


           NU
              ANGRY         ANXIOUS       SAD           HEALTH
              ________      ________      ________      ________
      1           1             2             3             4


           LAMBDA
              MOOD          HEALTHY
              ________      ________
 ANGRY              0             0
 ANXIOUS            5             0
 SAD                6             0
 HEALTH             0             0


           THETA
              ANGRY         ANXIOUS       SAD           HEALTH
              ________      ________      ________      ________
 ANGRY              7
 ANXIOUS            0             8
 SAD                0             0             9
 HEALTH             0             0             0             0


           ALPHA
              MOOD          HEALTHY
              ________      ________
      1           0             0


           BETA
              MOOD          HEALTHY
              ________      ________
 MOOD               0             0
 HEALTHY            0             0


           PSI
              MOOD          HEALTHY
              ________      ________
 MOOD              10
 HEALTHY           11            12


     PARAMETER SPECIFICATION FOR MALE


           NU
              ANGRY         ANXIOUS       SAD           HEALTH
              ________      ________      ________      ________
      1           1             2             3             4


           LAMBDA
              MOOD          HEALTHY
              ________      ________
 ANGRY              0             0
 ANXIOUS            5             0
 SAD                6             0
 HEALTH             0             0


           THETA
              ANGRY         ANXIOUS       SAD           HEALTH
              ________      ________      ________      ________
 ANGRY             13
 ANXIOUS            0            14
 SAD                0             0            15
 HEALTH             0             0             0             0


           ALPHA
              MOOD          HEALTHY
              ________      ________
      1          16            17


           BETA
              MOOD          HEALTHY
              ________      ________
 MOOD               0             0
 HEALTHY            0             0


           PSI
              MOOD          HEALTHY
              ________      ________
 MOOD              18
 HEALTHY           19            20


     STARTING VALUES FOR FEMALE


           NU
              ANGRY         ANXIOUS       SAD           HEALTH
              ________      ________      ________      ________
      1         1.137         1.362         1.153         2.558


           LAMBDA
              MOOD          HEALTHY
              ________      ________
 ANGRY          1.000         0.000
 ANXIOUS        1.299         0.000
 SAD            1.385         0.000
 HEALTH         0.000         1.000


           THETA
              ANGRY         ANXIOUS       SAD           HEALTH
              ________      ________      ________      ________
 ANGRY          0.250
 ANXIOUS        0.000         0.448
 SAD            0.000         0.000         0.347
 HEALTH         0.000         0.000         0.000         0.100


           ALPHA
              MOOD          HEALTHY
              ________      ________
      1         0.000         0.000


           BETA
              MOOD          HEALTHY
              ________      ________
 MOOD           0.000         0.000
 HEALTHY        0.000         0.000


           PSI
              MOOD          HEALTHY
              ________      ________
 MOOD           0.050
 HEALTHY        0.000         0.050


     STARTING VALUES FOR MALE


           NU
              ANGRY         ANXIOUS       SAD           HEALTH
              ________      ________      ________      ________
      1         1.137         1.362         1.153         2.558


           LAMBDA
              MOOD          HEALTHY
              ________      ________
 ANGRY          1.000         0.000
 ANXIOUS        1.183         0.000
 SAD            1.274         0.000
 HEALTH         0.000         1.000


           THETA
              ANGRY         ANXIOUS       SAD           HEALTH
              ________      ________      ________      ________
 ANGRY          0.250
 ANXIOUS        0.000         0.448
 SAD            0.000         0.000         0.347
 HEALTH         0.000         0.000         0.000         0.100


           ALPHA
              MOOD          HEALTHY
              ________      ________
      1         0.000         0.000


           BETA
              MOOD          HEALTHY
              ________      ________
 MOOD           0.000         0.000
 HEALTHY        0.000         0.000


           PSI
              MOOD          HEALTHY
              ________      ________
 MOOD           0.050
 HEALTHY        0.000         0.050


TECHNICAL 4 OUTPUT FOR THE CONFIGURAL MODEL


     ESTIMATES DERIVED FROM THE MODEL FOR FEMALE


           ESTIMATED MEANS FOR THE LATENT VARIABLES
              MOOD          HEALTHY
              ________      ________
      1         0.000         0.000


           S.E. FOR ESTIMATED MEANS FOR THE LATENT VARIABLES
              MOOD          HEALTHY
              ________      ________
      1         0.000         0.000


           EST./S.E. FOR ESTIMATED MEANS FOR THE LATENT VARIABLES
              MOOD          HEALTHY
              ________      ________
      1         0.000         0.000


           TWO-TAILED P-VALUE FOR ESTIMATED MEANS FOR THE LATENT VARIABLES
              MOOD          HEALTHY
              ________      ________
      1         1.000         1.000


           ESTIMATED COVARIANCE MATRIX FOR THE LATENT VARIABLES
              MOOD          HEALTHY
              ________      ________
 MOOD           0.239
 HEALTHY       -0.156         0.743


           S.E. FOR ESTIMATED COVARIANCE MATRIX FOR THE LATENT VARIABLES
              MOOD          HEALTHY
              ________      ________
 MOOD           0.025
 HEALTHY        0.021         0.044


           EST./S.E. FOR ESTIMATED COVARIANCE MATRIX FOR THE LATENT VARIABLES
              MOOD          HEALTHY
              ________      ________
 MOOD           9.404
 HEALTHY       -7.606        17.080


           TWO-TAILED P-VALUE FOR ESTIMATED COVARIANCE MATRIX FOR THE LATENT VARIABLES
              MOOD          HEALTHY
              ________      ________
 MOOD           0.000
 HEALTHY        0.000         0.000


           ESTIMATED CORRELATION MATRIX FOR THE LATENT VARIABLES
              MOOD          HEALTHY
              ________      ________
 MOOD           1.000
 HEALTHY       -0.371         1.000


           S.E. FOR ESTIMATED CORRELATION MATRIX FOR THE LATENT VARIABLES
              MOOD          HEALTHY
              ________      ________
 MOOD           0.000
 HEALTHY        0.039         0.000


           EST./S.E. FOR ESTIMATED CORRELATION MATRIX FOR THE LATENT VARIABLES
              MOOD          HEALTHY
              ________      ________
 MOOD         999.000
 HEALTHY       -9.439       999.000


           TWO-TAILED P-VALUE FOR ESTIMATED CORRELATION MATRIX FOR THE LATENT VARIABLES
              MOOD          HEALTHY
              ________      ________
 MOOD           0.000
 HEALTHY        0.000         0.000


     ESTIMATES DERIVED FROM THE MODEL FOR MALE


           ESTIMATED MEANS FOR THE LATENT VARIABLES
              MOOD          HEALTHY
              ________      ________
      1         0.000         0.000


           S.E. FOR ESTIMATED MEANS FOR THE LATENT VARIABLES
              MOOD          HEALTHY
              ________      ________
      1         0.000         0.000


           EST./S.E. FOR ESTIMATED MEANS FOR THE LATENT VARIABLES
              MOOD          HEALTHY
              ________      ________
      1         0.000         0.000


           TWO-TAILED P-VALUE FOR ESTIMATED MEANS FOR THE LATENT VARIABLES
              MOOD          HEALTHY
              ________      ________
      1         1.000         1.000


           ESTIMATED COVARIANCE MATRIX FOR THE LATENT VARIABLES
              MOOD          HEALTHY
              ________      ________
 MOOD           0.204
 HEALTHY       -0.115         0.606


           S.E. FOR ESTIMATED COVARIANCE MATRIX FOR THE LATENT VARIABLES
              MOOD          HEALTHY
              ________      ________
 MOOD           0.031
 HEALTHY        0.021         0.044


           EST./S.E. FOR ESTIMATED COVARIANCE MATRIX FOR THE LATENT VARIABLES
              MOOD          HEALTHY
              ________      ________
 MOOD           6.643
 HEALTHY       -5.480        13.934


           TWO-TAILED P-VALUE FOR ESTIMATED COVARIANCE MATRIX FOR THE LATENT VARIABLES
              MOOD          HEALTHY
              ________      ________
 MOOD           0.000
 HEALTHY        0.000         0.000


           ESTIMATED CORRELATION MATRIX FOR THE LATENT VARIABLES
              MOOD          HEALTHY
              ________      ________
 MOOD           1.000
 HEALTHY       -0.327         1.000


           S.E. FOR ESTIMATED CORRELATION MATRIX FOR THE LATENT VARIABLES
              MOOD          HEALTHY
              ________      ________
 MOOD           0.000
 HEALTHY        0.051         0.000


           EST./S.E. FOR ESTIMATED CORRELATION MATRIX FOR THE LATENT VARIABLES
              MOOD          HEALTHY
              ________      ________
 MOOD         999.000
 HEALTHY       -6.450       999.000


           TWO-TAILED P-VALUE FOR ESTIMATED CORRELATION MATRIX FOR THE LATENT VARIABLES
              MOOD          HEALTHY
              ________      ________
 MOOD           0.000
 HEALTHY        0.000         0.000


TECHNICAL 4 OUTPUT FOR THE METRIC MODEL


     ESTIMATES DERIVED FROM THE MODEL FOR FEMALE


           ESTIMATED MEANS FOR THE LATENT VARIABLES
              MOOD          HEALTHY
              ________      ________
      1         0.000         0.000


           S.E. FOR ESTIMATED MEANS FOR THE LATENT VARIABLES
              MOOD          HEALTHY
              ________      ________
      1         0.000         0.000


           EST./S.E. FOR ESTIMATED MEANS FOR THE LATENT VARIABLES
              MOOD          HEALTHY
              ________      ________
      1         0.000         0.000


           TWO-TAILED P-VALUE FOR ESTIMATED MEANS FOR THE LATENT VARIABLES
              MOOD          HEALTHY
              ________      ________
      1         1.000         1.000


           ESTIMATED COVARIANCE MATRIX FOR THE LATENT VARIABLES
              MOOD          HEALTHY
              ________      ________
 MOOD           0.244
 HEALTHY       -0.158         0.743


           S.E. FOR ESTIMATED COVARIANCE MATRIX FOR THE LATENT VARIABLES
              MOOD          HEALTHY
              ________      ________
 MOOD           0.023
 HEALTHY        0.020         0.044


           EST./S.E. FOR ESTIMATED COVARIANCE MATRIX FOR THE LATENT VARIABLES
              MOOD          HEALTHY
              ________      ________
 MOOD          10.504
 HEALTHY       -7.715        17.080


           TWO-TAILED P-VALUE FOR ESTIMATED COVARIANCE MATRIX FOR THE LATENT VARIABLES
              MOOD          HEALTHY
              ________      ________
 MOOD           0.000
 HEALTHY        0.000         0.000


           ESTIMATED CORRELATION MATRIX FOR THE LATENT VARIABLES
              MOOD          HEALTHY
              ________      ________
 MOOD           1.000
 HEALTHY       -0.370         1.000


           S.E. FOR ESTIMATED CORRELATION MATRIX FOR THE LATENT VARIABLES
              MOOD          HEALTHY
              ________      ________
 MOOD           0.000
 HEALTHY        0.039         0.000


           EST./S.E. FOR ESTIMATED CORRELATION MATRIX FOR THE LATENT VARIABLES
              MOOD          HEALTHY
              ________      ________
 MOOD         999.000
 HEALTHY       -9.412       999.000


           TWO-TAILED P-VALUE FOR ESTIMATED CORRELATION MATRIX FOR THE LATENT VARIABLES
              MOOD          HEALTHY
              ________      ________
 MOOD           0.000
 HEALTHY        0.000         0.000


     ESTIMATES DERIVED FROM THE MODEL FOR MALE


           ESTIMATED MEANS FOR THE LATENT VARIABLES
              MOOD          HEALTHY
              ________      ________
      1         0.000         0.000


           S.E. FOR ESTIMATED MEANS FOR THE LATENT VARIABLES
              MOOD          HEALTHY
              ________      ________
      1         0.000         0.000


           EST./S.E. FOR ESTIMATED MEANS FOR THE LATENT VARIABLES
              MOOD          HEALTHY
              ________      ________
      1         0.000         0.000


           TWO-TAILED P-VALUE FOR ESTIMATED MEANS FOR THE LATENT VARIABLES
              MOOD          HEALTHY
              ________      ________
      1         1.000         1.000


           ESTIMATED COVARIANCE MATRIX FOR THE LATENT VARIABLES
              MOOD          HEALTHY
              ________      ________
 MOOD           0.196
 HEALTHY       -0.112         0.606


           S.E. FOR ESTIMATED COVARIANCE MATRIX FOR THE LATENT VARIABLES
              MOOD          HEALTHY
              ________      ________
 MOOD           0.022
 HEALTHY        0.020         0.044


           EST./S.E. FOR ESTIMATED COVARIANCE MATRIX FOR THE LATENT VARIABLES
              MOOD          HEALTHY
              ________      ________
 MOOD           9.003
 HEALTHY       -5.629        13.934


           TWO-TAILED P-VALUE FOR ESTIMATED COVARIANCE MATRIX FOR THE LATENT VARIABLES
              MOOD          HEALTHY
              ________      ________
 MOOD           0.000
 HEALTHY        0.000         0.000


           ESTIMATED CORRELATION MATRIX FOR THE LATENT VARIABLES
              MOOD          HEALTHY
              ________      ________
 MOOD           1.000
 HEALTHY       -0.326         1.000


           S.E. FOR ESTIMATED CORRELATION MATRIX FOR THE LATENT VARIABLES
              MOOD          HEALTHY
              ________      ________
 MOOD           0.000
 HEALTHY        0.051         0.000


           EST./S.E. FOR ESTIMATED CORRELATION MATRIX FOR THE LATENT VARIABLES
              MOOD          HEALTHY
              ________      ________
 MOOD         999.000
 HEALTHY       -6.421       999.000


           TWO-TAILED P-VALUE FOR ESTIMATED CORRELATION MATRIX FOR THE LATENT VARIABLES
              MOOD          HEALTHY
              ________      ________
 MOOD           0.000
 HEALTHY        0.000         0.000


TECHNICAL 4 OUTPUT FOR THE SCALAR MODEL


     ESTIMATES DERIVED FROM THE MODEL FOR FEMALE


           ESTIMATED MEANS FOR THE LATENT VARIABLES
              MOOD          HEALTHY
              ________      ________
      1         0.000         0.000


           S.E. FOR ESTIMATED MEANS FOR THE LATENT VARIABLES
              MOOD          HEALTHY
              ________      ________
      1         0.000         0.000


           EST./S.E. FOR ESTIMATED MEANS FOR THE LATENT VARIABLES
              MOOD          HEALTHY
              ________      ________
      1         0.000         0.000


           TWO-TAILED P-VALUE FOR ESTIMATED MEANS FOR THE LATENT VARIABLES
              MOOD          HEALTHY
              ________      ________
      1         1.000         1.000


           ESTIMATED COVARIANCE MATRIX FOR THE LATENT VARIABLES
              MOOD          HEALTHY
              ________      ________
 MOOD           0.235
 HEALTHY       -0.154         0.743


           S.E. FOR ESTIMATED COVARIANCE MATRIX FOR THE LATENT VARIABLES
              MOOD          HEALTHY
              ________      ________
 MOOD           0.023
 HEALTHY        0.020         0.044


           EST./S.E. FOR ESTIMATED COVARIANCE MATRIX FOR THE LATENT VARIABLES
              MOOD          HEALTHY
              ________      ________
 MOOD          10.292
 HEALTHY       -7.673        17.080


           TWO-TAILED P-VALUE FOR ESTIMATED COVARIANCE MATRIX FOR THE LATENT VARIABLES
              MOOD          HEALTHY
              ________      ________
 MOOD           0.000
 HEALTHY        0.000         0.000


           ESTIMATED CORRELATION MATRIX FOR THE LATENT VARIABLES
              MOOD          HEALTHY
              ________      ________
 MOOD           1.000
 HEALTHY       -0.369         1.000


           S.E. FOR ESTIMATED CORRELATION MATRIX FOR THE LATENT VARIABLES
              MOOD          HEALTHY
              ________      ________
 MOOD           0.000
 HEALTHY        0.039         0.000


           EST./S.E. FOR ESTIMATED CORRELATION MATRIX FOR THE LATENT VARIABLES
              MOOD          HEALTHY
              ________      ________
 MOOD         999.000
 HEALTHY       -9.395       999.000


           TWO-TAILED P-VALUE FOR ESTIMATED CORRELATION MATRIX FOR THE LATENT VARIABLES
              MOOD          HEALTHY
              ________      ________
 MOOD           0.000
 HEALTHY        0.000         0.000


     ESTIMATES DERIVED FROM THE MODEL FOR MALE


           ESTIMATED MEANS FOR THE LATENT VARIABLES
              MOOD          HEALTHY
              ________      ________
      1        -0.089        -0.004


           S.E. FOR ESTIMATED MEANS FOR THE LATENT VARIABLES
              MOOD          HEALTHY
              ________      ________
      1         0.030         0.050


           EST./S.E. FOR ESTIMATED MEANS FOR THE LATENT VARIABLES
              MOOD          HEALTHY
              ________      ________
      1        -2.969        -0.077


           TWO-TAILED P-VALUE FOR ESTIMATED MEANS FOR THE LATENT VARIABLES
              MOOD          HEALTHY
              ________      ________
      1         0.003         0.938


           ESTIMATED COVARIANCE MATRIX FOR THE LATENT VARIABLES
              MOOD          HEALTHY
              ________      ________
 MOOD           0.188
 HEALTHY       -0.110         0.606


           S.E. FOR ESTIMATED COVARIANCE MATRIX FOR THE LATENT VARIABLES
              MOOD          HEALTHY
              ________      ________
 MOOD           0.021
 HEALTHY        0.020         0.044


           EST./S.E. FOR ESTIMATED COVARIANCE MATRIX FOR THE LATENT VARIABLES
              MOOD          HEALTHY
              ________      ________
 MOOD           8.880
 HEALTHY       -5.637        13.934


           TWO-TAILED P-VALUE FOR ESTIMATED COVARIANCE MATRIX FOR THE LATENT VARIABLES
              MOOD          HEALTHY
              ________      ________
 MOOD           0.000
 HEALTHY        0.000         0.000


           ESTIMATED CORRELATION MATRIX FOR THE LATENT VARIABLES
              MOOD          HEALTHY
              ________      ________
 MOOD           1.000
 HEALTHY       -0.327         1.000


           S.E. FOR ESTIMATED CORRELATION MATRIX FOR THE LATENT VARIABLES
              MOOD          HEALTHY
              ________      ________
 MOOD           0.000
 HEALTHY        0.051         0.000


           EST./S.E. FOR ESTIMATED CORRELATION MATRIX FOR THE LATENT VARIABLES
              MOOD          HEALTHY
              ________      ________
 MOOD         999.000
 HEALTHY       -6.448       999.000


           TWO-TAILED P-VALUE FOR ESTIMATED CORRELATION MATRIX FOR THE LATENT VARIABLES
              MOOD          HEALTHY
              ________      ________
 MOOD           0.000
 HEALTHY        0.000         0.000


TECHNICAL 9 OUTPUT

Error messages for the Configural Model:

THE MODEL ESTIMATION TERMINATED NORMALLY

Error messages for the Metric Model:

THE MODEL ESTIMATION TERMINATED NORMALLY

Error messages for the Scalar Model:

THE MODEL ESTIMATION TERMINATED NORMALLY



     Beginning Time:  21:03:23
        Ending Time:  21:03:23
       Elapsed Time:  00:00:00



MUTHEN & MUTHEN
3463 Stoner Ave.
Los Angeles, CA  90066

Tel: (310) 391-9971
Fax: (310) 391-8971
Web: www.StatModel.com
Support: Support@StatModel.com

Copyright (c) 1998-2014 Muthen & Muthen
