Mplus VERSION 7.3
MUTHEN & MUTHEN
03/28/2015   2:50 PM

INPUT INSTRUCTIONS

  DATA:
  FILE IS aim3_cbi.dat;

  VARIABLE:
  NAMES ARE
  ID_COMB Site TXASSGN CELL ACAMPROS NALTREXO THERAPY GENDER AGE MARRIED RACE
  EMPLOY EDUC INCOME MINORITY FAMHIS FAMHISNO AEDA32 WAGE
  AUD_CNSM AUD_DPND AUD_PROB AUD_TTL
  ADSTOT SCDAE19 SCDAE22 ALCDEPND SMKHIS PACKYR EXSMKYRS EXSMKNO SMKCDAY SMKCYRS
  AEDA37 AEDA37A AEDA37C AEDA37D COMORBID
  AEDA8A AEDA10A AEDA19A AEDA19B AEDA22A AEDA23A AEDA19CH
  MHEA3 TEEA1A TEEA1B TEEA1C TEEA1D TEEA1E TEEA1F THD1 THD2 THD3
  FRST_DK FRST_DTM TOTL_REL INTX_REL FSTTRTD
  PSYA1A PSYA1B PSYA1C PSYA1D PSYA2A PSYA2B PSYA3A PSYA3B PSYA4A
  IPI_SIZE IPI_NODRN IPI_PCTDRN WHOPHYS WHOPSYC WHOSOC WHOENVI
  TXHIS TEEA2 TEEA3 TEEA4 SUPPORT DRNCBPH DRNCBRE DRNCBIN DRNCBIM DRNCBSR
  DRNCBTOT CONTROL PRECONT CONTEMP ACTION MAINTEN READINES
  T0_ABST T1_ABST T2_ABST T3_ABST T4_ABST T26_ABST T52_ABST T68_ABST
  T0_TDRK T1_TDRK T2_TDRK T3_TDRK T4_TDRK T26_TDRK T52_TDRK T68_TDRK
  T0_TDHD T1_TDHD T2_TDHD T3_TDHD T4_TDHD T5_TDHD T6_TDHD T26_TDHD
  T7_TDHD T8_TDHD T9_TDHD T10_TDHD T11_TDHD T12_TDHD T13_TDHD T52_TDHD
  T14_TDHD T15_TDHD T16_TDHD T17_TDHD T68_TDHD T0_TDHW T1_TDHW T2_TDHW
  T3_TDHW T4_TDHW T26_TDHW T52_TDHW T68_TDHW
  T0_DPDD T1_DPDD T2_DPDD T3_DPDD T4_DPDD T26_DPDD T52_DPDD T68_DPDD
  T0_DPD2 T1_DPD2 T2_DPD2 T3_DPD2 T4_DPD2 T26_DPD2 T52_DPD2 T68_DPD2
  T0_DPDW T1_DPDW T2_DPDW T3_DPDW T4_DPDW T26_DPDW T52_DPDW T68_DPDW
  T0_PDA T1_PDA T2_PDA T3_PDA T4_PDA T26_PDA T52_PDA T68_PDA
  T0_PPDD T1_PPDD T2_PPDD T3_PPDD T4_PPDD T26_PPDD T52_PPDD T68_PPDD
  T0_PHD T1_PHD  T2_PHD  T3_PHD  T4_PHD  T26_PHD  T52_PHD  T68_PHD
  MAXDRINK  T1_THD  T2_THD  T3_THD  T4_THD  T26_THD  T52_THD  T68_THD
  T0_ACPR  T2_ACPR  T4_ACPR  T26_ACPR  T52_ACPR  T68_ACPR  T0_FDRO
  T1_FDRO  T2_FDRO  T3_FDRO  T4_FDRO  T26_FDRO  T52_FDRO  T68_FDRO
  RELAPSE1  RELAPSE2  RELAPSE3  DTH1  DTH2  DTH3  DRELPSE1  DRELPSE2  DRELPSE3
  DLASTR   TDD1  TDD2  TDD3  FULLTIME  FRST_DRK  FRSTDKTM  ABSTI
  T0_CCO T2_CCO  T4_CCO  T26_CCO  T52_CCO  T68_CCO CAD  TAD
  PSS0 PSS1 PSS2 PSS4 PSS6 PSS8 PSS10 PSS12 PSS14 PSS16 PSS23 PSS26 PSS52 PSS54 PSS68
  TENS0 TENS1 TENS2 TENS4 TENS6 TENS8 TENS9 TENS10 TENS12 TENS14 TENS15 TENS16
  DEPRES0 DEPRES1 DEPRES2 DEPRES4 DEPRES6 DEPRES8 DEPRES9 DEPRES10
  DEPRES12 DEPRES14 DEPRES15 DEPRES16
  ANGER0 ANGER1 ANGER2 ANGER4 ANGER6 ANGER8 ANGER9 ANGER10
  ANGER12 ANGER14 ANGER15 ANGER16
  VIGOR0 VIGOR1 VIGOR2 VIGOR4 VIGOR6 VIGOR8 VIGOR9 VIGOR10
  VIGOR12 VIGOR14 VIGOR15 VIGOR16
  FATIG0 FATIG1 FATIG2 FATIG4 FATIG6 FATIG8 FATIG9 FATIG10
  FATIG12 FATIG14 FATIG15 FATIG16
  CONFUS0 CONFUS1 CONFUS2 CONFUS4 CONFUS6 CONFUS8 CONFUS9 CONFUS10
  CONFUS12 CONFUS14 CONFUS15 CONFUS16
  ocdtot0 ocdtot1 ocdtot2 ocdtot4 ocdtot6 ocdtot8 ocdtot10 ocdtot12
  ocdtot14 ocdtot16 ocdtot26 ocdtot52
  T0_DRO T2_DRO T4_DRO T26_DRO T52_DRO T68_DRO
  TREAT totrel INTXREL pstxrel
  t1ddd_u t2ddd_u t3ddd_u t4ddd_u t26ddd_u t52ddd_u t68ddd_u
  frstdrnk abstain RELAPSE INTXRL POSTL ADHERE numcase moodnum cravnum moodmod cravmod
  mood_0 mood_1 mood_2 mood_3 mood_4 mood_5 mood_6 mood_7 mood_8 mood_9 mood_10 mood_11
  mood_12 mood_13 mood_14 mood_15 mood_16
  crav_0 crav_1 crav_2 crav_3 crav_4 crav_5 crav_6 crav_7 crav_8 crav_9 crav_10 crav_11
  crav_12 crav_13 crav_14 crav_15 crav_16
  deppre0 deppre1 deppre2 deppre3 deppre4 deppre5 deppre6 deppre7 deppre8 deppre9
  deppre10 deppre11 deppo0 deppo1 deppo2 deppo3 deppo4 deppo5 deppo6 deppo7 deppo8
  deppo9 deppo10 deppo11
  ;

  MISSING ARE ALL (999);

  USEVARIABLES ARE depres0 depres4 depres8 depres12 depres16;


  MODEL:
  !The | command provides all of the default constraints for a growth model,
  i s q | depres0@0 depres4@1 depres8@2 depres12@3 depres16@4;


  OUTPUT:
  TECH1 TECH4 TECH8 SAMPSTAT STANDARDIZED CINTERVAL MODINDICES;

  PLOT:
  TYPE IS PLOT3;
  SERIES IS depres0(0) depres4(4) depres8(8) depres12(12) depres16(16);




*** WARNING in OUTPUT command
  TECH8 option is available only with analysis types MIXTURE, RANDOM, or
  TWOLEVEL with estimators ML, MLF, or MLR or ALGORITHM=INTEGRATION.
  Request for TECH8 is ignored.
*** WARNING
  Data set contains cases with missing on all variables.
  These cases were not included in the analysis.
  Number of cases with missing on all variables:  2
   2 WARNING(S) FOUND IN THE INPUT INSTRUCTIONS




SUMMARY OF ANALYSIS

Number of groups                                                 1
Number of observations                                         774

Number of dependent variables                                    5
Number of independent variables                                  0
Number of continuous latent variables                            3

Observed dependent variables

  Continuous
   DEPRES0     DEPRES4     DEPRES8     DEPRES12    DEPRES16

Continuous latent variables
   I           S           Q


Estimator                                                       ML
Information matrix                                        OBSERVED
Maximum number of iterations                                  1000
Convergence criterion                                    0.500D-04
Maximum number of steepest descent iterations                   20
Maximum number of iterations for H1                           2000
Convergence criterion for H1                             0.100D-03

Input data file(s)
  aim3_cbi.dat

Input data format  FREE


SUMMARY OF DATA

     Number of missing data patterns            19


COVARIANCE COVERAGE OF DATA

Minimum covariance coverage value   0.100


     PROPORTION OF DATA PRESENT


           Covariance Coverage
              DEPRES0       DEPRES4       DEPRES8       DEPRES12      DEPRES16
              ________      ________      ________      ________      ________
 DEPRES0        0.995
 DEPRES4        0.850         0.854
 DEPRES8        0.804         0.762         0.807
 DEPRES12       0.742         0.699         0.700         0.744
 DEPRES16       0.815         0.757         0.747         0.716         0.819


SAMPLE STATISTICS


     ESTIMATED SAMPLE STATISTICS


           Means
              DEPRES0       DEPRES4       DEPRES8       DEPRES12      DEPRES16
              ________      ________      ________      ________      ________
      1         4.353         3.662         3.401         3.629         3.293


           Covariances
              DEPRES0       DEPRES4       DEPRES8       DEPRES12      DEPRES16
              ________      ________      ________      ________      ________
 DEPRES0       17.238
 DEPRES4        9.984        16.684
 DEPRES8        9.256        11.214        16.487
 DEPRES12       8.539        10.907        12.630        17.846
 DEPRES16       7.820        10.056        11.723        12.764        16.648


           Correlations
              DEPRES0       DEPRES4       DEPRES8       DEPRES12      DEPRES16
              ________      ________      ________      ________      ________
 DEPRES0        1.000
 DEPRES4        0.589         1.000
 DEPRES8        0.549         0.676         1.000
 DEPRES12       0.487         0.632         0.736         1.000
 DEPRES16       0.462         0.603         0.708         0.741         1.000


     MAXIMUM LOG-LIKELIHOOD VALUE FOR THE UNRESTRICTED (H1) MODEL IS -8385.076


UNIVARIATE HIGHER-ORDER MOMENT DESCRIPTIVE STATISTICS


     UNIVARIATE HIGHER-ORDER MOMENT DESCRIPTIVE STATISTICS

         Variable/         Mean/     Skewness/   Minimum/ % with                Percentiles
        Sample Size      Variance    Kurtosis    Maximum  Min/Max      20%/60%    40%/80%    Median

     DEPRES0               4.357       1.034       0.000   21.56%       0.000      2.000      3.000
             770.000      17.262       0.530      20.000    0.13%       5.000      8.000
     DEPRES4               3.573       1.478       0.000   29.20%       0.000      1.000      2.000
             661.000      16.061       2.145      20.000    0.45%       4.000      6.000
     DEPRES8               3.369       1.714       0.000   31.04%       0.000      1.000      2.000
             625.000      16.329       3.130      20.000    0.96%       3.000      6.000
     DEPRES12              3.571       1.414       0.000   29.69%       0.000      1.000      2.000
             576.000      16.901       1.690      20.000    0.52%       3.000      7.000
     DEPRES16              3.263       1.656       0.000   32.02%       0.000      1.000      2.000
             634.000      16.210       2.551      20.000    0.32%       3.000      5.000


THE MODEL ESTIMATION TERMINATED NORMALLY



MODEL FIT INFORMATION

Number of Free Parameters                       14

Loglikelihood

          H0 Value                       -8392.222
          H1 Value                       -8385.076

Information Criteria

          Akaike (AIC)                   16812.444
          Bayesian (BIC)                 16877.566
          Sample-Size Adjusted BIC       16833.110
            (n* = (n + 2) / 24)

Chi-Square Test of Model Fit

          Value                             14.291
          Degrees of Freedom                     6
          P-Value                           0.0265

RMSEA (Root Mean Square Error Of Approximation)

          Estimate                           0.042
          90 Percent C.I.                    0.013  0.071
          Probability RMSEA <= .05           0.630

CFI/TLI

          CFI                                0.995
          TLI                                0.992

Chi-Square Test of Model Fit for the Baseline Model

          Value                           1667.115
          Degrees of Freedom                    10
          P-Value                           0.0000

SRMR (Standardized Root Mean Square Residual)

          Value                              0.018



MODEL RESULTS

                                                    Two-Tailed
                    Estimate       S.E.  Est./S.E.    P-Value

 I        |
    DEPRES0            1.000      0.000    999.000    999.000
    DEPRES4            1.000      0.000    999.000    999.000
    DEPRES8            1.000      0.000    999.000    999.000
    DEPRES12           1.000      0.000    999.000    999.000
    DEPRES16           1.000      0.000    999.000    999.000

 S        |
    DEPRES0            0.000      0.000    999.000    999.000
    DEPRES4            1.000      0.000    999.000    999.000
    DEPRES8            2.000      0.000    999.000    999.000
    DEPRES12           3.000      0.000    999.000    999.000
    DEPRES16           4.000      0.000    999.000    999.000

 Q        |
    DEPRES0            0.000      0.000    999.000    999.000
    DEPRES4            1.000      0.000    999.000    999.000
    DEPRES8            4.000      0.000    999.000    999.000
    DEPRES12           9.000      0.000    999.000    999.000
    DEPRES16          16.000      0.000    999.000    999.000

 S        WITH
    I                 -0.806      0.829     -0.972      0.331

 Q        WITH
    I                  0.016      0.161      0.099      0.921
    S                 -0.400      0.163     -2.456      0.014

 Means
    I                  4.273      0.147     29.125      0.000
    S                 -0.558      0.117     -4.786      0.000
    Q                  0.083      0.026      3.253      0.001

 Intercepts
    DEPRES0            0.000      0.000    999.000    999.000
    DEPRES4            0.000      0.000    999.000    999.000
    DEPRES8            0.000      0.000    999.000    999.000
    DEPRES12           0.000      0.000    999.000    999.000
    DEPRES16           0.000      0.000    999.000    999.000

 Variances
    I                 10.783      1.142      9.443      0.000
    S                  2.462      0.787      3.129      0.002
    Q                  0.078      0.038      2.064      0.039

 Residual Variances
    DEPRES0            6.442      0.973      6.619      0.000
    DEPRES4            5.873      0.440     13.334      0.000
    DEPRES8            4.088      0.375     10.904      0.000
    DEPRES12           4.750      0.417     11.378      0.000
    DEPRES16           3.713      0.835      4.447      0.000


STANDARDIZED MODEL RESULTS


STDYX Standardization

                                                    Two-Tailed
                    Estimate       S.E.  Est./S.E.    P-Value

 I        |
    DEPRES0            0.791      0.035     22.669      0.000
    DEPRES4            0.801      0.036     21.997      0.000
    DEPRES8            0.809      0.044     18.431      0.000
    DEPRES12           0.777      0.043     17.962      0.000
    DEPRES16           0.804      0.045     18.011      0.000

 S        |
    DEPRES0            0.000      0.000    999.000    999.000
    DEPRES4            0.383      0.060      6.344      0.000
    DEPRES8            0.773      0.124      6.231      0.000
    DEPRES12           1.114      0.177      6.307      0.000
    DEPRES16           1.537      0.250      6.144      0.000

 Q        |
    DEPRES0            0.000      0.000    999.000    999.000
    DEPRES4            0.068      0.016      4.158      0.000
    DEPRES8            0.275      0.067      4.115      0.000
    DEPRES12           0.594      0.142      4.187      0.000
    DEPRES16           1.092      0.268      4.068      0.000

 S        WITH
    I                 -0.156      0.135     -1.155      0.248

 Q        WITH
    I                  0.017      0.173      0.101      0.920
    S                 -0.914      0.039    -23.292      0.000

 Means
    I                  1.301      0.080     16.201      0.000
    S                 -0.356      0.091     -3.889      0.000
    Q                  0.299      0.117      2.552      0.011

 Intercepts
    DEPRES0            0.000      0.000    999.000    999.000
    DEPRES4            0.000      0.000    999.000    999.000
    DEPRES8            0.000      0.000    999.000    999.000
    DEPRES12           0.000      0.000    999.000    999.000
    DEPRES16           0.000      0.000    999.000    999.000

 Variances
    I                  1.000      0.000    999.000    999.000
    S                  1.000      0.000    999.000    999.000
    Q                  1.000      0.000    999.000    999.000

 Residual Variances
    DEPRES0            0.374      0.055      6.772      0.000
    DEPRES4            0.349      0.023     15.152      0.000
    DEPRES8            0.248      0.023     10.956      0.000
    DEPRES12           0.266      0.021     12.428      0.000
    DEPRES16           0.223      0.050      4.451      0.000


STDY Standardization

                                                    Two-Tailed
                    Estimate       S.E.  Est./S.E.    P-Value

 I        |
    DEPRES0            0.791      0.035     22.669      0.000
    DEPRES4            0.801      0.036     21.997      0.000
    DEPRES8            0.809      0.044     18.431      0.000
    DEPRES12           0.777      0.043     17.962      0.000
    DEPRES16           0.804      0.045     18.011      0.000

 S        |
    DEPRES0            0.000      0.000    999.000    999.000
    DEPRES4            0.383      0.060      6.344      0.000
    DEPRES8            0.773      0.124      6.231      0.000
    DEPRES12           1.114      0.177      6.307      0.000
    DEPRES16           1.537      0.250      6.144      0.000

 Q        |
    DEPRES0            0.000      0.000    999.000    999.000
    DEPRES4            0.068      0.016      4.158      0.000
    DEPRES8            0.275      0.067      4.115      0.000
    DEPRES12           0.594      0.142      4.187      0.000
    DEPRES16           1.092      0.268      4.068      0.000

 S        WITH
    I                 -0.156      0.135     -1.155      0.248

 Q        WITH
    I                  0.017      0.173      0.101      0.920
    S                 -0.914      0.039    -23.292      0.000

 Means
    I                  1.301      0.080     16.201      0.000
    S                 -0.356      0.091     -3.889      0.000
    Q                  0.299      0.117      2.552      0.011

 Intercepts
    DEPRES0            0.000      0.000    999.000    999.000
    DEPRES4            0.000      0.000    999.000    999.000
    DEPRES8            0.000      0.000    999.000    999.000
    DEPRES12           0.000      0.000    999.000    999.000
    DEPRES16           0.000      0.000    999.000    999.000

 Variances
    I                  1.000      0.000    999.000    999.000
    S                  1.000      0.000    999.000    999.000
    Q                  1.000      0.000    999.000    999.000

 Residual Variances
    DEPRES0            0.374      0.055      6.772      0.000
    DEPRES4            0.349      0.023     15.152      0.000
    DEPRES8            0.248      0.023     10.956      0.000
    DEPRES12           0.266      0.021     12.428      0.000
    DEPRES16           0.223      0.050      4.451      0.000


STD Standardization

                                                    Two-Tailed
                    Estimate       S.E.  Est./S.E.    P-Value

 I        |
    DEPRES0            3.284      0.174     18.886      0.000
    DEPRES4            3.284      0.174     18.886      0.000
    DEPRES8            3.284      0.174     18.886      0.000
    DEPRES12           3.284      0.174     18.886      0.000
    DEPRES16           3.284      0.174     18.886      0.000

 S        |
    DEPRES0            0.000      0.000    999.000    999.000
    DEPRES4            1.569      0.251      6.258      0.000
    DEPRES8            3.138      0.501      6.258      0.000
    DEPRES12           4.707      0.752      6.258      0.000
    DEPRES16           6.276      1.003      6.258      0.000

 Q        |
    DEPRES0            0.000      0.000    999.000    999.000
    DEPRES4            0.279      0.068      4.128      0.000
    DEPRES8            1.115      0.270      4.128      0.000
    DEPRES12           2.509      0.608      4.128      0.000
    DEPRES16           4.461      1.081      4.128      0.000

 S        WITH
    I                 -0.156      0.135     -1.155      0.248

 Q        WITH
    I                  0.017      0.173      0.101      0.920
    S                 -0.914      0.039    -23.292      0.000

 Means
    I                  1.301      0.080     16.201      0.000
    S                 -0.356      0.091     -3.889      0.000
    Q                  0.299      0.117      2.552      0.011

 Intercepts
    DEPRES0            0.000      0.000    999.000    999.000
    DEPRES4            0.000      0.000    999.000    999.000
    DEPRES8            0.000      0.000    999.000    999.000
    DEPRES12           0.000      0.000    999.000    999.000
    DEPRES16           0.000      0.000    999.000    999.000

 Variances
    I                  1.000      0.000    999.000    999.000
    S                  1.000      0.000    999.000    999.000
    Q                  1.000      0.000    999.000    999.000

 Residual Variances
    DEPRES0            6.442      0.973      6.619      0.000
    DEPRES4            5.873      0.440     13.334      0.000
    DEPRES8            4.088      0.375     10.904      0.000
    DEPRES12           4.750      0.417     11.378      0.000
    DEPRES16           3.713      0.835      4.447      0.000


R-SQUARE

    Observed                                        Two-Tailed
    Variable        Estimate       S.E.  Est./S.E.    P-Value

    DEPRES0            0.626      0.055     11.335      0.000
    DEPRES4            0.651      0.023     28.232      0.000
    DEPRES8            0.752      0.023     33.188      0.000
    DEPRES12           0.734      0.021     34.283      0.000
    DEPRES16           0.777      0.050     15.549      0.000


QUALITY OF NUMERICAL RESULTS

     Condition Number for the Information Matrix              0.387E-05
       (ratio of smallest to largest eigenvalue)


CONFIDENCE INTERVALS OF MODEL RESULTS

                  Lower .5%  Lower 2.5%    Lower 5%    Estimate    Upper 5%  Upper 2.5%   Upper .5%

 I        |
    DEPRES0          1.000       1.000       1.000       1.000       1.000       1.000       1.000
    DEPRES4          1.000       1.000       1.000       1.000       1.000       1.000       1.000
    DEPRES8          1.000       1.000       1.000       1.000       1.000       1.000       1.000
    DEPRES12         1.000       1.000       1.000       1.000       1.000       1.000       1.000
    DEPRES16         1.000       1.000       1.000       1.000       1.000       1.000       1.000

 S        |
    DEPRES0          0.000       0.000       0.000       0.000       0.000       0.000       0.000
    DEPRES4          1.000       1.000       1.000       1.000       1.000       1.000       1.000
    DEPRES8          2.000       2.000       2.000       2.000       2.000       2.000       2.000
    DEPRES12         3.000       3.000       3.000       3.000       3.000       3.000       3.000
    DEPRES16         4.000       4.000       4.000       4.000       4.000       4.000       4.000

 Q        |
    DEPRES0          0.000       0.000       0.000       0.000       0.000       0.000       0.000
    DEPRES4          1.000       1.000       1.000       1.000       1.000       1.000       1.000
    DEPRES8          4.000       4.000       4.000       4.000       4.000       4.000       4.000
    DEPRES12         9.000       9.000       9.000       9.000       9.000       9.000       9.000
    DEPRES16        16.000      16.000      16.000      16.000      16.000      16.000      16.000

 S        WITH
    I               -2.940      -2.430      -2.169      -0.806       0.558       0.819       1.329

 Q        WITH
    I               -0.399      -0.300      -0.249       0.016       0.281       0.332       0.431
    S               -0.819      -0.719      -0.668      -0.400      -0.132      -0.081       0.020

 Means
    I                3.895       3.986       4.032       4.273       4.515       4.561       4.651
    S               -0.858      -0.787      -0.750      -0.558      -0.366      -0.330      -0.258
    Q                0.017       0.033       0.041       0.083       0.126       0.134       0.149

 Intercepts
    DEPRES0          0.000       0.000       0.000       0.000       0.000       0.000       0.000
    DEPRES4          0.000       0.000       0.000       0.000       0.000       0.000       0.000
    DEPRES8          0.000       0.000       0.000       0.000       0.000       0.000       0.000
    DEPRES12         0.000       0.000       0.000       0.000       0.000       0.000       0.000
    DEPRES16         0.000       0.000       0.000       0.000       0.000       0.000       0.000

 Variances
    I                7.841       8.544       8.904      10.783      12.661      13.021      13.724
    S                0.435       0.920       1.168       2.462       3.756       4.004       4.489
    Q               -0.019       0.004       0.016       0.078       0.140       0.152       0.175

 Residual Variances
    DEPRES0          3.935       4.534       4.841       6.442       8.043       8.350       8.949
    DEPRES4          4.739       5.010       5.149       5.873       6.598       6.737       7.008
    DEPRES8          3.122       3.353       3.471       4.088       4.705       4.823       5.054
    DEPRES12         3.675       3.932       4.063       4.750       5.437       5.568       5.825
    DEPRES16         1.562       2.076       2.339       3.713       5.086       5.349       5.863


CONFIDENCE INTERVALS OF STANDARDIZED MODEL RESULTS


STDYX Standardization

                  Lower .5%  Lower 2.5%    Lower 5%    Estimate    Upper 5%  Upper 2.5%   Upper .5%

 I        |
    DEPRES0          0.701       0.723       0.734       0.791       0.849       0.860       0.881
    DEPRES4          0.707       0.729       0.741       0.801       0.861       0.872       0.894
    DEPRES8          0.696       0.723       0.737       0.809       0.881       0.895       0.922
    DEPRES12         0.666       0.692       0.706       0.777       0.848       0.862       0.889
    DEPRES16         0.689       0.716       0.731       0.804       0.877       0.891       0.919

 S        |
    DEPRES0          0.000       0.000       0.000       0.000       0.000       0.000       0.000
    DEPRES4          0.227       0.264       0.283       0.383       0.482       0.501       0.538
    DEPRES8          0.454       0.530       0.569       0.773       0.977       1.016       1.093
    DEPRES12         0.659       0.768       0.823       1.114       1.405       1.460       1.569
    DEPRES16         0.892       1.046       1.125       1.537       1.948       2.027       2.181

 Q        |
    DEPRES0          0.000       0.000       0.000       0.000       0.000       0.000       0.000
    DEPRES4          0.026       0.036       0.041       0.068       0.095       0.100       0.110
    DEPRES8          0.103       0.144       0.165       0.275       0.385       0.406       0.447
    DEPRES12         0.229       0.316       0.361       0.594       0.827       0.872       0.959
    DEPRES16         0.401       0.566       0.650       1.092       1.534       1.618       1.784

 S        WITH
    I               -0.505      -0.422      -0.379      -0.156       0.066       0.109       0.192

 Q        WITH
    I               -0.428      -0.321      -0.267       0.017       0.302       0.356       0.463
    S               -1.015      -0.991      -0.978      -0.914      -0.849      -0.837      -0.813

 Means
    I                1.094       1.144       1.169       1.301       1.434       1.459       1.508
    S               -0.591      -0.535      -0.506      -0.356      -0.205      -0.176      -0.120
    Q               -0.003       0.069       0.106       0.299       0.492       0.529       0.601

 Intercepts
    DEPRES0          0.000       0.000       0.000       0.000       0.000       0.000       0.000
    DEPRES4          0.000       0.000       0.000       0.000       0.000       0.000       0.000
    DEPRES8          0.000       0.000       0.000       0.000       0.000       0.000       0.000
    DEPRES12         0.000       0.000       0.000       0.000       0.000       0.000       0.000
    DEPRES16         0.000       0.000       0.000       0.000       0.000       0.000       0.000

 Variances
    I                1.000       1.000       1.000       1.000       1.000       1.000       1.000
    S                1.000       1.000       1.000       1.000       1.000       1.000       1.000
    Q                1.000       1.000       1.000       1.000       1.000       1.000       1.000

 Residual Variances
    DEPRES0          0.232       0.266       0.283       0.374       0.465       0.482       0.516
    DEPRES4          0.290       0.304       0.311       0.349       0.387       0.394       0.409
    DEPRES8          0.190       0.204       0.211       0.248       0.285       0.293       0.307
    DEPRES12         0.211       0.224       0.231       0.266       0.301       0.308       0.321
    DEPRES16         0.094       0.125       0.140       0.223       0.305       0.321       0.351


STDY Standardization

                  Lower .5%  Lower 2.5%    Lower 5%    Estimate    Upper 5%  Upper 2.5%   Upper .5%

 I        |
    DEPRES0          0.701       0.723       0.734       0.791       0.849       0.860       0.881
    DEPRES4          0.707       0.729       0.741       0.801       0.861       0.872       0.894
    DEPRES8          0.696       0.723       0.737       0.809       0.881       0.895       0.922
    DEPRES12         0.666       0.692       0.706       0.777       0.848       0.862       0.889
    DEPRES16         0.689       0.716       0.731       0.804       0.877       0.891       0.919

 S        |
    DEPRES0          0.000       0.000       0.000       0.000       0.000       0.000       0.000
    DEPRES4          0.227       0.264       0.283       0.383       0.482       0.501       0.538
    DEPRES8          0.454       0.530       0.569       0.773       0.977       1.016       1.093
    DEPRES12         0.659       0.768       0.823       1.114       1.405       1.460       1.569
    DEPRES16         0.892       1.046       1.125       1.537       1.948       2.027       2.181

 Q        |
    DEPRES0          0.000       0.000       0.000       0.000       0.000       0.000       0.000
    DEPRES4          0.026       0.036       0.041       0.068       0.095       0.100       0.110
    DEPRES8          0.103       0.144       0.165       0.275       0.385       0.406       0.447
    DEPRES12         0.229       0.316       0.361       0.594       0.827       0.872       0.959
    DEPRES16         0.401       0.566       0.650       1.092       1.534       1.618       1.784

 S        WITH
    I               -0.505      -0.422      -0.379      -0.156       0.066       0.109       0.192

 Q        WITH
    I               -0.428      -0.321      -0.267       0.017       0.302       0.356       0.463
    S               -1.015      -0.991      -0.978      -0.914      -0.849      -0.837      -0.813

 Means
    I                1.094       1.144       1.169       1.301       1.434       1.459       1.508
    S               -0.591      -0.535      -0.506      -0.356      -0.205      -0.176      -0.120
    Q               -0.003       0.069       0.106       0.299       0.492       0.529       0.601

 Intercepts
    DEPRES0          0.000       0.000       0.000       0.000       0.000       0.000       0.000
    DEPRES4          0.000       0.000       0.000       0.000       0.000       0.000       0.000
    DEPRES8          0.000       0.000       0.000       0.000       0.000       0.000       0.000
    DEPRES12         0.000       0.000       0.000       0.000       0.000       0.000       0.000
    DEPRES16         0.000       0.000       0.000       0.000       0.000       0.000       0.000

 Variances
    I                1.000       1.000       1.000       1.000       1.000       1.000       1.000
    S                1.000       1.000       1.000       1.000       1.000       1.000       1.000
    Q                1.000       1.000       1.000       1.000       1.000       1.000       1.000

 Residual Variances
    DEPRES0          0.232       0.266       0.283       0.374       0.465       0.482       0.516
    DEPRES4          0.290       0.304       0.311       0.349       0.387       0.394       0.409
    DEPRES8          0.190       0.204       0.211       0.248       0.285       0.293       0.307
    DEPRES12         0.211       0.224       0.231       0.266       0.301       0.308       0.321
    DEPRES16         0.094       0.125       0.140       0.223       0.305       0.321       0.351


STD Standardization

                  Lower .5%  Lower 2.5%    Lower 5%    Estimate    Upper 5%  Upper 2.5%   Upper .5%

 I        |
    DEPRES0          2.836       2.943       2.998       3.284       3.570       3.624       3.732
    DEPRES4          2.836       2.943       2.998       3.284       3.570       3.624       3.732
    DEPRES8          2.836       2.943       2.998       3.284       3.570       3.624       3.732
    DEPRES12         2.836       2.943       2.998       3.284       3.570       3.624       3.732
    DEPRES16         2.836       2.943       2.998       3.284       3.570       3.624       3.732

 S        |
    DEPRES0          0.000       0.000       0.000       0.000       0.000       0.000       0.000
    DEPRES4          0.923       1.078       1.157       1.569       1.982       2.061       2.215
    DEPRES8          1.846       2.155       2.313       3.138       3.963       4.121       4.430
    DEPRES12         2.770       3.233       3.470       4.707       5.945       6.182       6.645
    DEPRES16         3.693       4.310       4.626       6.276       7.926       8.242       8.860

 Q        |
    DEPRES0          0.000       0.000       0.000       0.000       0.000       0.000       0.000
    DEPRES4          0.105       0.146       0.168       0.279       0.390       0.411       0.453
    DEPRES8          0.419       0.586       0.671       1.115       1.560       1.645       1.811
    DEPRES12         0.943       1.318       1.509       2.509       3.509       3.701       4.075
    DEPRES16         1.677       2.343       2.683       4.461       6.239       6.579       7.245

 S        WITH
    I               -0.505      -0.422      -0.379      -0.156       0.066       0.109       0.192

 Q        WITH
    I               -0.428      -0.321      -0.267       0.017       0.302       0.356       0.463
    S               -1.015      -0.991      -0.978      -0.914      -0.849      -0.837      -0.813

 Means
    I                1.094       1.144       1.169       1.301       1.434       1.459       1.508
    S               -0.591      -0.535      -0.506      -0.356      -0.205      -0.176      -0.120
    Q               -0.003       0.069       0.106       0.299       0.492       0.529       0.601

 Intercepts
    DEPRES0          0.000       0.000       0.000       0.000       0.000       0.000       0.000
    DEPRES4          0.000       0.000       0.000       0.000       0.000       0.000       0.000
    DEPRES8          0.000       0.000       0.000       0.000       0.000       0.000       0.000
    DEPRES12         0.000       0.000       0.000       0.000       0.000       0.000       0.000
    DEPRES16         0.000       0.000       0.000       0.000       0.000       0.000       0.000

 Variances
    I                1.000       1.000       1.000       1.000       1.000       1.000       1.000
    S                1.000       1.000       1.000       1.000       1.000       1.000       1.000
    Q                1.000       1.000       1.000       1.000       1.000       1.000       1.000

 Residual Variances
    DEPRES0          3.935       4.534       4.841       6.442       8.043       8.350       8.949
    DEPRES4          4.739       5.010       5.149       5.873       6.598       6.737       7.008
    DEPRES8          3.122       3.353       3.471       4.088       4.705       4.823       5.054
    DEPRES12         3.675       3.932       4.063       4.750       5.437       5.568       5.825
    DEPRES16         1.562       2.076       2.339       3.713       5.086       5.349       5.863


MODEL MODIFICATION INDICES

NOTE:  Modification indices for direct effects of observed dependent variables
regressed on covariates may not be included.  To include these, request
MODINDICES (ALL).

Minimum M.I. value for printing the modification index    10.000

                                   M.I.     E.P.C.  Std E.P.C.  StdYX E.P.C.

BY Statements

I        BY DEPRES16              10.420    -0.174     -0.570       -0.140

Means/Intercepts/Thresholds

[ DEPRES12 ]                      13.157     0.409      0.409        0.097
[ DEPRES16 ]                      13.950    -1.007     -1.007       -0.246


TECHNICAL 1 OUTPUT


     PARAMETER SPECIFICATION


           NU
              DEPRES0       DEPRES4       DEPRES8       DEPRES12      DEPRES16
              ________      ________      ________      ________      ________
      1           0             0             0             0             0


           LAMBDA
              I             S             Q
              ________      ________      ________
 DEPRES0            0             0             0
 DEPRES4            0             0             0
 DEPRES8            0             0             0
 DEPRES12           0             0             0
 DEPRES16           0             0             0


           THETA
              DEPRES0       DEPRES4       DEPRES8       DEPRES12      DEPRES16
              ________      ________      ________      ________      ________
 DEPRES0            1
 DEPRES4            0             2
 DEPRES8            0             0             3
 DEPRES12           0             0             0             4
 DEPRES16           0             0             0             0             5


           ALPHA
              I             S             Q
              ________      ________      ________
      1           6             7             8


           BETA
              I             S             Q
              ________      ________      ________
 I                  0             0             0
 S                  0             0             0
 Q                  0             0             0


           PSI
              I             S             Q
              ________      ________      ________
 I                  9
 S                 10            11
 Q                 12            13            14


     STARTING VALUES


           NU
              DEPRES0       DEPRES4       DEPRES8       DEPRES12      DEPRES16
              ________      ________      ________      ________      ________
      1         0.000         0.000         0.000         0.000         0.000


           LAMBDA
              I             S             Q
              ________      ________      ________
 DEPRES0        1.000         0.000         0.000
 DEPRES4        1.000         1.000         1.000
 DEPRES8        1.000         2.000         4.000
 DEPRES12       1.000         3.000         9.000
 DEPRES16       1.000         4.000        16.000


           THETA
              DEPRES0       DEPRES4       DEPRES8       DEPRES12      DEPRES16
              ________      ________      ________      ________      ________
 DEPRES0        8.631
 DEPRES4        0.000         8.030
 DEPRES8        0.000         0.000         8.164
 DEPRES12       0.000         0.000         0.000         8.451
 DEPRES16       0.000         0.000         0.000         0.000         8.105


           ALPHA
              I             S             Q
              ________      ________      ________
      1         4.362        -0.829         0.217


           BETA
              I             S             Q
              ________      ________      ________
 I              0.000         0.000         0.000
 S              0.000         0.000         0.000
 Q              0.000         0.000         0.000


           PSI
              I             S             Q
              ________      ________      ________
 I             17.192
 S              0.000        12.605
 Q              0.000         0.000         1.275


TECHNICAL 4 OUTPUT


     ESTIMATES DERIVED FROM THE MODEL


           ESTIMATED MEANS FOR THE LATENT VARIABLES
              I             S             Q
              ________      ________      ________
      1         4.273        -0.558         0.083


           S.E. FOR ESTIMATED MEANS FOR THE LATENT VARIABLES
              I             S             Q
              ________      ________      ________
      1         0.147         0.117         0.026


           EST./S.E. FOR ESTIMATED MEANS FOR THE LATENT VARIABLES
              I             S             Q
              ________      ________      ________
      1        29.125        -4.786         3.253


           TWO-TAILED P-VALUE FOR ESTIMATED MEANS FOR THE LATENT VARIABLES
              I             S             Q
              ________      ________      ________
      1         0.000         0.000         0.001


           ESTIMATED COVARIANCE MATRIX FOR THE LATENT VARIABLES
              I             S             Q
              ________      ________      ________
 I             10.783
 S             -0.806         2.462
 Q              0.016        -0.400         0.078


           S.E. FOR ESTIMATED COVARIANCE MATRIX FOR THE LATENT VARIABLES
              I             S             Q
              ________      ________      ________
 I              1.142
 S              0.829         0.787
 Q              0.161         0.163         0.038


           EST./S.E. FOR ESTIMATED COVARIANCE MATRIX FOR THE LATENT VARIABLES
              I             S             Q
              ________      ________      ________
 I              9.443
 S             -0.972         3.129
 Q              0.099        -2.456         2.064


           TWO-TAILED P-VALUE FOR ESTIMATED COVARIANCE MATRIX FOR THE LATENT VARIABLES
              I             S             Q
              ________      ________      ________
 I              0.000
 S              0.331         0.002
 Q              0.921         0.014         0.039


           ESTIMATED CORRELATION MATRIX FOR THE LATENT VARIABLES
              I             S             Q
              ________      ________      ________
 I              1.000
 S             -0.156         1.000
 Q              0.017        -0.914         1.000


           S.E. FOR ESTIMATED CORRELATION MATRIX FOR THE LATENT VARIABLES
              I             S             Q
              ________      ________      ________
 I              0.000
 S              0.135         0.000
 Q              0.173         0.039         0.000


           EST./S.E. FOR ESTIMATED CORRELATION MATRIX FOR THE LATENT VARIABLES
              I             S             Q
              ________      ________      ________
 I            999.000
 S             -1.155       999.000
 Q              0.101       -23.292       999.000


           TWO-TAILED P-VALUE FOR ESTIMATED CORRELATION MATRIX FOR THE LATENT VARIABLES
              I             S             Q
              ________      ________      ________
 I              0.000
 S              0.248         0.000
 Q              0.920         0.000         0.000


SAMPLE STATISTICS FOR ESTIMATED FACTOR SCORES


     SAMPLE STATISTICS


           Means
              I             I_SE          S             S_SE          Q
              ________      ________      ________      ________      ________
 1              4.273         1.633        -0.558         1.240         0.083


           Means
              Q_SE
              ________
 1              0.239


           Covariances
              I             I_SE          S             S_SE          Q
              ________      ________      ________      ________      ________
 I              8.101
 I_SE           0.006         0.015
 S              0.389         0.005         0.912
 S_SE          -0.004         0.011         0.002         0.012
 Q             -0.138        -0.001        -0.127         0.000         0.020
 Q_SE           0.000         0.001         0.000         0.001         0.000


           Covariances
              Q_SE
              ________
 Q_SE           0.000


           Correlations
              I             I_SE          S             S_SE          Q
              ________      ________      ________      ________      ________
 I              1.000
 I_SE           0.017         1.000
 S              0.143         0.041         1.000
 S_SE          -0.014         0.845         0.024         1.000
 Q             -0.340        -0.037        -0.931        -0.013         1.000
 Q_SE          -0.009         0.876         0.031         0.978        -0.020


           Correlations
              Q_SE
              ________
 Q_SE           1.000


PLOT INFORMATION

The following plots are available:

  Histograms (sample values, estimated factor scores, estimated values, residuals)
  Scatterplots (sample values, estimated factor scores, estimated values, residuals)
  Sample means
  Estimated means
  Sample and estimated means
  Latent variable distribution plots
  Observed individual values
  Estimated individual values

DIAGRAM INFORMATION

  Use View Diagram under the Diagram menu in the Mplus Editor to view the diagram.
  If running Mplus from the Mplus Diagrammer, the diagram opens automatically.

  Diagram output
    c:\users\laptop\dropbox\teaching\psyc 650 sem\data and examples\latent growth curve\lgc of depre

     Beginning Time:  14:50:48
        Ending Time:  14:50:48
       Elapsed Time:  00:00:00



MUTHEN & MUTHEN
3463 Stoner Ave.
Los Angeles, CA  90066

Tel: (310) 391-9971
Fax: (310) 391-8971
Web: www.StatModel.com
Support: Support@StatModel.com

Copyright (c) 1998-2014 Muthen & Muthen
