Mplus VERSION 7.3
MUTHEN & MUTHEN
03/28/2015   3:05 PM

INPUT INSTRUCTIONS

  DATA:
  FILE IS aim3_cbi.dat;

  VARIABLE:
  NAMES ARE
  ID_COMB Site TXASSGN CELL ACAMPROS NALTREXO THERAPY GENDER AGE MARRIED RACE
  EMPLOY EDUC INCOME MINORITY FAMHIS FAMHISNO AEDA32 WAGE
  AUD_CNSM AUD_DPND AUD_PROB AUD_TTL
  ADSTOT SCDAE19 SCDAE22 ALCDEPND SMKHIS PACKYR EXSMKYRS EXSMKNO SMKCDAY SMKCYRS
  AEDA37 AEDA37A AEDA37C AEDA37D COMORBID
  AEDA8A AEDA10A AEDA19A AEDA19B AEDA22A AEDA23A AEDA19CH
  MHEA3 TEEA1A TEEA1B TEEA1C TEEA1D TEEA1E TEEA1F THD1 THD2 THD3
  FRST_DK FRST_DTM TOTL_REL INTX_REL FSTTRTD
  PSYA1A PSYA1B PSYA1C PSYA1D PSYA2A PSYA2B PSYA3A PSYA3B PSYA4A
  IPI_SIZE IPI_NODRN IPI_PCTDRN WHOPHYS WHOPSYC WHOSOC WHOENVI
  TXHIS TEEA2 TEEA3 TEEA4 SUPPORT DRNCBPH DRNCBRE DRNCBIN DRNCBIM DRNCBSR
  DRNCBTOT CONTROL PRECONT CONTEMP ACTION MAINTEN READINES
  T0_ABST T1_ABST T2_ABST T3_ABST T4_ABST T26_ABST T52_ABST T68_ABST
  T0_TDRK T1_TDRK T2_TDRK T3_TDRK T4_TDRK T26_TDRK T52_TDRK T68_TDRK
  T0_TDHD T1_TDHD T2_TDHD T3_TDHD T4_TDHD T5_TDHD T6_TDHD T26_TDHD
  T7_TDHD T8_TDHD T9_TDHD T10_TDHD T11_TDHD T12_TDHD T13_TDHD T52_TDHD
  T14_TDHD T15_TDHD T16_TDHD T17_TDHD T68_TDHD T0_TDHW T1_TDHW T2_TDHW
  T3_TDHW T4_TDHW T26_TDHW T52_TDHW T68_TDHW
  T0_DPDD T1_DPDD T2_DPDD T3_DPDD T4_DPDD T26_DPDD T52_DPDD T68_DPDD
  T0_DPD2 T1_DPD2 T2_DPD2 T3_DPD2 T4_DPD2 T26_DPD2 T52_DPD2 T68_DPD2
  T0_DPDW T1_DPDW T2_DPDW T3_DPDW T4_DPDW T26_DPDW T52_DPDW T68_DPDW
  T0_PDA T1_PDA T2_PDA T3_PDA T4_PDA T26_PDA T52_PDA T68_PDA
  T0_PPDD T1_PPDD T2_PPDD T3_PPDD T4_PPDD T26_PPDD T52_PPDD T68_PPDD
  T0_PHD T1_PHD  T2_PHD  T3_PHD  T4_PHD  T26_PHD  T52_PHD  T68_PHD
  MAXDRINK  T1_THD  T2_THD  T3_THD  T4_THD  T26_THD  T52_THD  T68_THD
  T0_ACPR  T2_ACPR  T4_ACPR  T26_ACPR  T52_ACPR  T68_ACPR  T0_FDRO
  T1_FDRO  T2_FDRO  T3_FDRO  T4_FDRO  T26_FDRO  T52_FDRO  T68_FDRO
  RELAPSE1  RELAPSE2  RELAPSE3  DTH1  DTH2  DTH3  DRELPSE1  DRELPSE2  DRELPSE3
  DLASTR   TDD1  TDD2  TDD3  FULLTIME  FRST_DRK  FRSTDKTM  ABSTI
  T0_CCO T2_CCO  T4_CCO  T26_CCO  T52_CCO  T68_CCO CAD  TAD
  PSS0 PSS1 PSS2 PSS4 PSS6 PSS8 PSS10 PSS12 PSS14 PSS16 PSS23 PSS26 PSS52 PSS54 PSS68
  TENS0 TENS1 TENS2 TENS4 TENS6 TENS8 TENS9 TENS10 TENS12 TENS14 TENS15 TENS16
  DEPRES0 DEPRES1 DEPRES2 DEPRES4 DEPRES6 DEPRES8 DEPRES9 DEPRES10
  DEPRES12 DEPRES14 DEPRES15 DEPRES16
  ANGER0 ANGER1 ANGER2 ANGER4 ANGER6 ANGER8 ANGER9 ANGER10
  ANGER12 ANGER14 ANGER15 ANGER16
  VIGOR0 VIGOR1 VIGOR2 VIGOR4 VIGOR6 VIGOR8 VIGOR9 VIGOR10
  VIGOR12 VIGOR14 VIGOR15 VIGOR16
  FATIG0 FATIG1 FATIG2 FATIG4 FATIG6 FATIG8 FATIG9 FATIG10
  FATIG12 FATIG14 FATIG15 FATIG16
  CONFUS0 CONFUS1 CONFUS2 CONFUS4 CONFUS6 CONFUS8 CONFUS9 CONFUS10
  CONFUS12 CONFUS14 CONFUS15 CONFUS16
  ocdtot0 ocdtot1 ocdtot2 ocdtot4 ocdtot6 ocdtot8 ocdtot10 ocdtot12
  ocdtot14 ocdtot16 ocdtot26 ocdtot52
  T0_DRO T2_DRO T4_DRO T26_DRO T52_DRO T68_DRO
  TREAT totrel INTXREL pstxrel
  t1ddd_u t2ddd_u t3ddd_u t4ddd_u t26ddd_u t52ddd_u t68ddd_u
  frstdrnk abstain RELAPSE INTXRL POSTL ADHERE numcase moodnum cravnum moodmod cravmod
  mood_0 mood_1 mood_2 mood_3 mood_4 mood_5 mood_6 mood_7 mood_8 mood_9 mood_10 mood_11
  mood_12 mood_13 mood_14 mood_15 mood_16
  crav_0 crav_1 crav_2 crav_3 crav_4 crav_5 crav_6 crav_7 crav_8 crav_9 crav_10 crav_11
  crav_12 crav_13 crav_14 crav_15 crav_16
  deppre0 deppre1 deppre2 deppre3 deppre4 deppre5 deppre6 deppre7 deppre8 deppre9
  deppre10 deppre11 deppo0 deppo1 deppo2 deppo3 deppo4 deppo5 deppo6 deppo7 deppo8
  deppo9 deppo10 deppo11
  ;

  MISSING ARE ALL (999);

  USEVARIABLES ARE depres0 depres4 depres8 depres12 depres16;


  MODEL:
  !The | command provides all of the default constraints for a growth model,
  i s | depres0@0 depres4@1 depres8@2 depres12*3 depres16*4;


  OUTPUT:
  TECH1 TECH4 TECH8 SAMPSTAT STANDARDIZED CINTERVAL MODINDICES;

  PLOT:
  TYPE IS PLOT3;
  SERIES IS depres0(0) depres4(4) depres8(8) depres12(12) depres16(16);




*** WARNING in OUTPUT command
  TECH8 option is available only with analysis types MIXTURE, RANDOM, or
  TWOLEVEL with estimators ML, MLF, or MLR or ALGORITHM=INTEGRATION.
  Request for TECH8 is ignored.
*** WARNING
  Data set contains cases with missing on all variables.
  These cases were not included in the analysis.
  Number of cases with missing on all variables:  2
   2 WARNING(S) FOUND IN THE INPUT INSTRUCTIONS




SUMMARY OF ANALYSIS

Number of groups                                                 1
Number of observations                                         774

Number of dependent variables                                    5
Number of independent variables                                  0
Number of continuous latent variables                            2

Observed dependent variables

  Continuous
   DEPRES0     DEPRES4     DEPRES8     DEPRES12    DEPRES16

Continuous latent variables
   I           S


Estimator                                                       ML
Information matrix                                        OBSERVED
Maximum number of iterations                                  1000
Convergence criterion                                    0.500D-04
Maximum number of steepest descent iterations                   20
Maximum number of iterations for H1                           2000
Convergence criterion for H1                             0.100D-03

Input data file(s)
  aim3_cbi.dat

Input data format  FREE


SUMMARY OF DATA

     Number of missing data patterns            19


COVARIANCE COVERAGE OF DATA

Minimum covariance coverage value   0.100


     PROPORTION OF DATA PRESENT


           Covariance Coverage
              DEPRES0       DEPRES4       DEPRES8       DEPRES12      DEPRES16
              ________      ________      ________      ________      ________
 DEPRES0        0.995
 DEPRES4        0.850         0.854
 DEPRES8        0.804         0.762         0.807
 DEPRES12       0.742         0.699         0.700         0.744
 DEPRES16       0.815         0.757         0.747         0.716         0.819


SAMPLE STATISTICS


     ESTIMATED SAMPLE STATISTICS


           Means
              DEPRES0       DEPRES4       DEPRES8       DEPRES12      DEPRES16
              ________      ________      ________      ________      ________
      1         4.353         3.662         3.401         3.629         3.293


           Covariances
              DEPRES0       DEPRES4       DEPRES8       DEPRES12      DEPRES16
              ________      ________      ________      ________      ________
 DEPRES0       17.238
 DEPRES4        9.984        16.684
 DEPRES8        9.256        11.214        16.487
 DEPRES12       8.539        10.907        12.630        17.846
 DEPRES16       7.820        10.056        11.723        12.764        16.648


           Correlations
              DEPRES0       DEPRES4       DEPRES8       DEPRES12      DEPRES16
              ________      ________      ________      ________      ________
 DEPRES0        1.000
 DEPRES4        0.589         1.000
 DEPRES8        0.549         0.676         1.000
 DEPRES12       0.487         0.632         0.736         1.000
 DEPRES16       0.462         0.603         0.708         0.741         1.000


     MAXIMUM LOG-LIKELIHOOD VALUE FOR THE UNRESTRICTED (H1) MODEL IS -8385.076


UNIVARIATE HIGHER-ORDER MOMENT DESCRIPTIVE STATISTICS


     UNIVARIATE HIGHER-ORDER MOMENT DESCRIPTIVE STATISTICS

         Variable/         Mean/     Skewness/   Minimum/ % with                Percentiles
        Sample Size      Variance    Kurtosis    Maximum  Min/Max      20%/60%    40%/80%    Median

     DEPRES0               4.357       1.034       0.000   21.56%       0.000      2.000      3.000
             770.000      17.262       0.530      20.000    0.13%       5.000      8.000
     DEPRES4               3.573       1.478       0.000   29.20%       0.000      1.000      2.000
             661.000      16.061       2.145      20.000    0.45%       4.000      6.000
     DEPRES8               3.369       1.714       0.000   31.04%       0.000      1.000      2.000
             625.000      16.329       3.130      20.000    0.96%       3.000      6.000
     DEPRES12              3.571       1.414       0.000   29.69%       0.000      1.000      2.000
             576.000      16.901       1.690      20.000    0.52%       3.000      7.000
     DEPRES16              3.263       1.656       0.000   32.02%       0.000      1.000      2.000
             634.000      16.210       2.551      20.000    0.32%       3.000      5.000


THE MODEL ESTIMATION TERMINATED NORMALLY



MODEL FIT INFORMATION

Number of Free Parameters                       12

Loglikelihood

          H0 Value                       -8397.547
          H1 Value                       -8385.076

Information Criteria

          Akaike (AIC)                   16819.094
          Bayesian (BIC)                 16874.913
          Sample-Size Adjusted BIC       16836.807
            (n* = (n + 2) / 24)

Chi-Square Test of Model Fit

          Value                             24.941
          Degrees of Freedom                     8
          P-Value                           0.0016

RMSEA (Root Mean Square Error Of Approximation)

          Estimate                           0.052
          90 Percent C.I.                    0.030  0.076
          Probability RMSEA <= .05           0.394

CFI/TLI

          CFI                                0.990
          TLI                                0.987

Chi-Square Test of Model Fit for the Baseline Model

          Value                           1667.115
          Degrees of Freedom                    10
          P-Value                           0.0000

SRMR (Standardized Root Mean Square Residual)

          Value                              0.030



MODEL RESULTS

                                                    Two-Tailed
                    Estimate       S.E.  Est./S.E.    P-Value

 I        |
    DEPRES0            1.000      0.000    999.000    999.000
    DEPRES4            1.000      0.000    999.000    999.000
    DEPRES8            1.000      0.000    999.000    999.000
    DEPRES12           1.000      0.000    999.000    999.000
    DEPRES16           1.000      0.000    999.000    999.000

 S        |
    DEPRES0            0.000      0.000    999.000    999.000
    DEPRES4            1.000      0.000    999.000    999.000
    DEPRES8            2.000      0.000    999.000    999.000
    DEPRES12           2.216      0.166     13.360      0.000
    DEPRES16           2.393      0.194     12.313      0.000

 S        WITH
    I                 -1.081      0.371     -2.912      0.004

 Means
    I                  4.249      0.147     28.858      0.000
    S                 -0.383      0.070     -5.480      0.000

 Intercepts
    DEPRES0            0.000      0.000    999.000    999.000
    DEPRES4            0.000      0.000    999.000    999.000
    DEPRES8            0.000      0.000    999.000    999.000
    DEPRES12           0.000      0.000    999.000    999.000
    DEPRES16           0.000      0.000    999.000    999.000

 Variances
    I                 11.124      0.938     11.860      0.000
    S                  1.243      0.243      5.117      0.000

 Residual Variances
    DEPRES0            6.425      0.759      8.467      0.000
    DEPRES4            6.112      0.433     14.128      0.000
    DEPRES8            4.338      0.360     12.056      0.000
    DEPRES12           4.734      0.419     11.307      0.000
    DEPRES16           4.629      0.470      9.849      0.000


STANDARDIZED MODEL RESULTS


STDYX Standardization

                                                    Two-Tailed
                    Estimate       S.E.  Est./S.E.    P-Value

 I        |
    DEPRES0            0.796      0.025     31.389      0.000
    DEPRES4            0.826      0.026     31.338      0.000
    DEPRES8            0.831      0.034     24.115      0.000
    DEPRES12           0.805      0.035     22.702      0.000
    DEPRES16           0.793      0.036     21.922      0.000

 S        |
    DEPRES0            0.000      0.000    999.000    999.000
    DEPRES4            0.276      0.027     10.280      0.000
    DEPRES8            0.555      0.053     10.445      0.000
    DEPRES12           0.596      0.052     11.521      0.000
    DEPRES16           0.634      0.051     12.338      0.000

 S        WITH
    I                 -0.291      0.072     -4.042      0.000

 Means
    I                  1.274      0.068     18.700      0.000
    S                 -0.343      0.062     -5.555      0.000

 Intercepts
    DEPRES0            0.000      0.000    999.000    999.000
    DEPRES4            0.000      0.000    999.000    999.000
    DEPRES8            0.000      0.000    999.000    999.000
    DEPRES12           0.000      0.000    999.000    999.000
    DEPRES16           0.000      0.000    999.000    999.000

 Variances
    I                  1.000      0.000    999.000    999.000
    S                  1.000      0.000    999.000    999.000

 Residual Variances
    DEPRES0            0.366      0.040      9.064      0.000
    DEPRES4            0.375      0.022     16.756      0.000
    DEPRES8            0.269      0.022     12.100      0.000
    DEPRES12           0.276      0.025     11.169      0.000
    DEPRES16           0.262      0.026     10.051      0.000


STDY Standardization

                                                    Two-Tailed
                    Estimate       S.E.  Est./S.E.    P-Value

 I        |
    DEPRES0            0.796      0.025     31.389      0.000
    DEPRES4            0.826      0.026     31.338      0.000
    DEPRES8            0.831      0.034     24.115      0.000
    DEPRES12           0.805      0.035     22.702      0.000
    DEPRES16           0.793      0.036     21.922      0.000

 S        |
    DEPRES0            0.000      0.000    999.000    999.000
    DEPRES4            0.276      0.027     10.280      0.000
    DEPRES8            0.555      0.053     10.445      0.000
    DEPRES12           0.596      0.052     11.521      0.000
    DEPRES16           0.634      0.051     12.338      0.000

 S        WITH
    I                 -0.291      0.072     -4.042      0.000

 Means
    I                  1.274      0.068     18.700      0.000
    S                 -0.343      0.062     -5.555      0.000

 Intercepts
    DEPRES0            0.000      0.000    999.000    999.000
    DEPRES4            0.000      0.000    999.000    999.000
    DEPRES8            0.000      0.000    999.000    999.000
    DEPRES12           0.000      0.000    999.000    999.000
    DEPRES16           0.000      0.000    999.000    999.000

 Variances
    I                  1.000      0.000    999.000    999.000
    S                  1.000      0.000    999.000    999.000

 Residual Variances
    DEPRES0            0.366      0.040      9.064      0.000
    DEPRES4            0.375      0.022     16.756      0.000
    DEPRES8            0.269      0.022     12.100      0.000
    DEPRES12           0.276      0.025     11.169      0.000
    DEPRES16           0.262      0.026     10.051      0.000


STD Standardization

                                                    Two-Tailed
                    Estimate       S.E.  Est./S.E.    P-Value

 I        |
    DEPRES0            3.335      0.141     23.720      0.000
    DEPRES4            3.335      0.141     23.720      0.000
    DEPRES8            3.335      0.141     23.720      0.000
    DEPRES12           3.335      0.141     23.720      0.000
    DEPRES16           3.335      0.141     23.720      0.000

 S        |
    DEPRES0            0.000      0.000    999.000    999.000
    DEPRES4            1.115      0.109     10.235      0.000
    DEPRES8            2.230      0.218     10.235      0.000
    DEPRES12           2.470      0.219     11.293      0.000
    DEPRES16           2.667      0.215     12.408      0.000

 S        WITH
    I                 -0.291      0.072     -4.042      0.000

 Means
    I                  1.274      0.068     18.700      0.000
    S                 -0.343      0.062     -5.555      0.000

 Intercepts
    DEPRES0            0.000      0.000    999.000    999.000
    DEPRES4            0.000      0.000    999.000    999.000
    DEPRES8            0.000      0.000    999.000    999.000
    DEPRES12           0.000      0.000    999.000    999.000
    DEPRES16           0.000      0.000    999.000    999.000

 Variances
    I                  1.000      0.000    999.000    999.000
    S                  1.000      0.000    999.000    999.000

 Residual Variances
    DEPRES0            6.425      0.759      8.467      0.000
    DEPRES4            6.112      0.433     14.128      0.000
    DEPRES8            4.338      0.360     12.056      0.000
    DEPRES12           4.734      0.419     11.307      0.000
    DEPRES16           4.629      0.470      9.849      0.000


R-SQUARE

    Observed                                        Two-Tailed
    Variable        Estimate       S.E.  Est./S.E.    P-Value

    DEPRES0            0.634      0.040     15.694      0.000
    DEPRES4            0.625      0.022     27.980      0.000
    DEPRES8            0.731      0.022     32.834      0.000
    DEPRES12           0.724      0.025     29.347      0.000
    DEPRES16           0.738      0.026     28.373      0.000


QUALITY OF NUMERICAL RESULTS

     Condition Number for the Information Matrix              0.915E-02
       (ratio of smallest to largest eigenvalue)


CONFIDENCE INTERVALS OF MODEL RESULTS

                  Lower .5%  Lower 2.5%    Lower 5%    Estimate    Upper 5%  Upper 2.5%   Upper .5%

 I        |
    DEPRES0          1.000       1.000       1.000       1.000       1.000       1.000       1.000
    DEPRES4          1.000       1.000       1.000       1.000       1.000       1.000       1.000
    DEPRES8          1.000       1.000       1.000       1.000       1.000       1.000       1.000
    DEPRES12         1.000       1.000       1.000       1.000       1.000       1.000       1.000
    DEPRES16         1.000       1.000       1.000       1.000       1.000       1.000       1.000

 S        |
    DEPRES0          0.000       0.000       0.000       0.000       0.000       0.000       0.000
    DEPRES4          1.000       1.000       1.000       1.000       1.000       1.000       1.000
    DEPRES8          2.000       2.000       2.000       2.000       2.000       2.000       2.000
    DEPRES12         1.789       1.891       1.943       2.216       2.489       2.541       2.643
    DEPRES16         1.892       2.012       2.073       2.393       2.712       2.773       2.893

 S        WITH
    I               -2.037      -1.808      -1.691      -1.081      -0.470      -0.353      -0.125

 Means
    I                3.869       3.960       4.006       4.249       4.491       4.537       4.628
    S               -0.563      -0.520      -0.498      -0.383      -0.268      -0.246      -0.203

 Intercepts
    DEPRES0          0.000       0.000       0.000       0.000       0.000       0.000       0.000
    DEPRES4          0.000       0.000       0.000       0.000       0.000       0.000       0.000
    DEPRES8          0.000       0.000       0.000       0.000       0.000       0.000       0.000
    DEPRES12         0.000       0.000       0.000       0.000       0.000       0.000       0.000
    DEPRES16         0.000       0.000       0.000       0.000       0.000       0.000       0.000

 Variances
    I                8.708       9.286       9.581      11.124      12.667      12.963      13.540
    S                0.617       0.767       0.843       1.243       1.642       1.719       1.868

 Residual Variances
    DEPRES0          4.470       4.937       5.176       6.425       7.673       7.912       8.379
    DEPRES4          4.997       5.264       5.400       6.112       6.823       6.960       7.226
    DEPRES8          3.411       3.633       3.746       4.338       4.930       5.043       5.265
    DEPRES12         3.655       3.913       4.045       4.734       5.422       5.554       5.812
    DEPRES16         3.418       3.707       3.856       4.629       5.402       5.550       5.839


CONFIDENCE INTERVALS OF STANDARDIZED MODEL RESULTS


STDYX Standardization

                  Lower .5%  Lower 2.5%    Lower 5%    Estimate    Upper 5%  Upper 2.5%   Upper .5%

 I        |
    DEPRES0          0.731       0.746       0.754       0.796       0.838       0.846       0.862
    DEPRES4          0.758       0.774       0.782       0.826       0.869       0.877       0.894
    DEPRES8          0.742       0.763       0.774       0.831       0.888       0.899       0.920
    DEPRES12         0.714       0.735       0.747       0.805       0.863       0.874       0.896
    DEPRES16         0.700       0.722       0.733       0.793       0.852       0.864       0.886

 S        |
    DEPRES0          0.000       0.000       0.000       0.000       0.000       0.000       0.000
    DEPRES4          0.207       0.223       0.232       0.276       0.320       0.329       0.345
    DEPRES8          0.418       0.451       0.468       0.555       0.643       0.660       0.692
    DEPRES12         0.463       0.495       0.511       0.596       0.681       0.698       0.729
    DEPRES16         0.502       0.533       0.550       0.634       0.719       0.735       0.766

 S        WITH
    I               -0.476      -0.432      -0.409      -0.291      -0.172      -0.150      -0.105

 Means
    I                1.098       1.140       1.162       1.274       1.386       1.407       1.449
    S               -0.503      -0.464      -0.445      -0.343      -0.242      -0.222      -0.184

 Intercepts
    DEPRES0          0.000       0.000       0.000       0.000       0.000       0.000       0.000
    DEPRES4          0.000       0.000       0.000       0.000       0.000       0.000       0.000
    DEPRES8          0.000       0.000       0.000       0.000       0.000       0.000       0.000
    DEPRES12         0.000       0.000       0.000       0.000       0.000       0.000       0.000
    DEPRES16         0.000       0.000       0.000       0.000       0.000       0.000       0.000

 Variances
    I                1.000       1.000       1.000       1.000       1.000       1.000       1.000
    S                1.000       1.000       1.000       1.000       1.000       1.000       1.000

 Residual Variances
    DEPRES0          0.262       0.287       0.300       0.366       0.433       0.445       0.470
    DEPRES4          0.317       0.331       0.338       0.375       0.411       0.418       0.432
    DEPRES8          0.212       0.226       0.233       0.269       0.306       0.313       0.327
    DEPRES12         0.212       0.227       0.235       0.276       0.316       0.324       0.339
    DEPRES16         0.195       0.211       0.219       0.262       0.304       0.313       0.329


STDY Standardization

                  Lower .5%  Lower 2.5%    Lower 5%    Estimate    Upper 5%  Upper 2.5%   Upper .5%

 I        |
    DEPRES0          0.731       0.746       0.754       0.796       0.838       0.846       0.862
    DEPRES4          0.758       0.774       0.782       0.826       0.869       0.877       0.894
    DEPRES8          0.742       0.763       0.774       0.831       0.888       0.899       0.920
    DEPRES12         0.714       0.735       0.747       0.805       0.863       0.874       0.896
    DEPRES16         0.700       0.722       0.733       0.793       0.852       0.864       0.886

 S        |
    DEPRES0          0.000       0.000       0.000       0.000       0.000       0.000       0.000
    DEPRES4          0.207       0.223       0.232       0.276       0.320       0.329       0.345
    DEPRES8          0.418       0.451       0.468       0.555       0.643       0.660       0.692
    DEPRES12         0.463       0.495       0.511       0.596       0.681       0.698       0.729
    DEPRES16         0.502       0.533       0.550       0.634       0.719       0.735       0.766

 S        WITH
    I               -0.476      -0.432      -0.409      -0.291      -0.172      -0.150      -0.105

 Means
    I                1.098       1.140       1.162       1.274       1.386       1.407       1.449
    S               -0.503      -0.464      -0.445      -0.343      -0.242      -0.222      -0.184

 Intercepts
    DEPRES0          0.000       0.000       0.000       0.000       0.000       0.000       0.000
    DEPRES4          0.000       0.000       0.000       0.000       0.000       0.000       0.000
    DEPRES8          0.000       0.000       0.000       0.000       0.000       0.000       0.000
    DEPRES12         0.000       0.000       0.000       0.000       0.000       0.000       0.000
    DEPRES16         0.000       0.000       0.000       0.000       0.000       0.000       0.000

 Variances
    I                1.000       1.000       1.000       1.000       1.000       1.000       1.000
    S                1.000       1.000       1.000       1.000       1.000       1.000       1.000

 Residual Variances
    DEPRES0          0.262       0.287       0.300       0.366       0.433       0.445       0.470
    DEPRES4          0.317       0.331       0.338       0.375       0.411       0.418       0.432
    DEPRES8          0.212       0.226       0.233       0.269       0.306       0.313       0.327
    DEPRES12         0.212       0.227       0.235       0.276       0.316       0.324       0.339
    DEPRES16         0.195       0.211       0.219       0.262       0.304       0.313       0.329


STD Standardization

                  Lower .5%  Lower 2.5%    Lower 5%    Estimate    Upper 5%  Upper 2.5%   Upper .5%

 I        |
    DEPRES0          2.973       3.060       3.104       3.335       3.567       3.611       3.698
    DEPRES4          2.973       3.060       3.104       3.335       3.567       3.611       3.698
    DEPRES8          2.973       3.060       3.104       3.335       3.567       3.611       3.698
    DEPRES12         2.973       3.060       3.104       3.335       3.567       3.611       3.698
    DEPRES16         2.973       3.060       3.104       3.335       3.567       3.611       3.698

 S        |
    DEPRES0          0.000       0.000       0.000       0.000       0.000       0.000       0.000
    DEPRES4          0.834       0.901       0.936       1.115       1.294       1.328       1.395
    DEPRES8          1.668       1.803       1.871       2.230       2.588       2.656       2.791
    DEPRES12         1.907       2.042       2.111       2.470       2.830       2.899       3.034
    DEPRES16         2.113       2.246       2.314       2.667       3.021       3.088       3.221

 S        WITH
    I               -0.476      -0.432      -0.409      -0.291      -0.172      -0.150      -0.105

 Means
    I                1.098       1.140       1.162       1.274       1.386       1.407       1.449
    S               -0.503      -0.464      -0.445      -0.343      -0.242      -0.222      -0.184

 Intercepts
    DEPRES0          0.000       0.000       0.000       0.000       0.000       0.000       0.000
    DEPRES4          0.000       0.000       0.000       0.000       0.000       0.000       0.000
    DEPRES8          0.000       0.000       0.000       0.000       0.000       0.000       0.000
    DEPRES12         0.000       0.000       0.000       0.000       0.000       0.000       0.000
    DEPRES16         0.000       0.000       0.000       0.000       0.000       0.000       0.000

 Variances
    I                1.000       1.000       1.000       1.000       1.000       1.000       1.000
    S                1.000       1.000       1.000       1.000       1.000       1.000       1.000

 Residual Variances
    DEPRES0          4.470       4.937       5.176       6.425       7.673       7.912       8.379
    DEPRES4          4.997       5.264       5.400       6.112       6.823       6.960       7.226
    DEPRES8          3.411       3.633       3.746       4.338       4.930       5.043       5.265
    DEPRES12         3.655       3.913       4.045       4.734       5.422       5.554       5.812
    DEPRES16         3.418       3.707       3.856       4.629       5.402       5.550       5.839


MODEL MODIFICATION INDICES

NOTE:  Modification indices for direct effects of observed dependent variables
regressed on covariates may not be included.  To include these, request
MODINDICES (ALL).

Minimum M.I. value for printing the modification index    10.000

                                   M.I.     E.P.C.  Std E.P.C.  StdYX E.P.C.

Means/Intercepts/Thresholds

[ DEPRES12 ]                      10.605     0.414      0.414        0.100


TECHNICAL 1 OUTPUT


     PARAMETER SPECIFICATION


           NU
              DEPRES0       DEPRES4       DEPRES8       DEPRES12      DEPRES16
              ________      ________      ________      ________      ________
      1           0             0             0             0             0


           LAMBDA
              I             S
              ________      ________
 DEPRES0            0             0
 DEPRES4            0             0
 DEPRES8            0             0
 DEPRES12           0             1
 DEPRES16           0             2


           THETA
              DEPRES0       DEPRES4       DEPRES8       DEPRES12      DEPRES16
              ________      ________      ________      ________      ________
 DEPRES0            3
 DEPRES4            0             4
 DEPRES8            0             0             5
 DEPRES12           0             0             0             6
 DEPRES16           0             0             0             0             7


           ALPHA
              I             S
              ________      ________
      1           8             9


           BETA
              I             S
              ________      ________
 I                  0             0
 S                  0             0


           PSI
              I             S
              ________      ________
 I                 10
 S                 11            12


     STARTING VALUES


           NU
              DEPRES0       DEPRES4       DEPRES8       DEPRES12      DEPRES16
              ________      ________      ________      ________      ________
      1         0.000         0.000         0.000         0.000         0.000


           LAMBDA
              I             S
              ________      ________
 DEPRES0        1.000         0.000
 DEPRES4        1.000         1.000
 DEPRES8        1.000         2.000
 DEPRES12       1.000         3.000
 DEPRES16       1.000         4.000


           THETA
              DEPRES0       DEPRES4       DEPRES8       DEPRES12      DEPRES16
              ________      ________      ________      ________      ________
 DEPRES0        8.631
 DEPRES4        0.000         8.030
 DEPRES8        0.000         0.000         8.164
 DEPRES12       0.000         0.000         0.000         8.451
 DEPRES16       0.000         0.000         0.000         0.000         8.105


           ALPHA
              I             S
              ________      ________
      1         4.042        -0.186


           BETA
              I             S
              ________      ________
 I              0.000         0.000
 S              0.000         0.000


           PSI
              I             S
              ________      ________
 I             14.411
 S              0.000         2.657


TECHNICAL 4 OUTPUT


     ESTIMATES DERIVED FROM THE MODEL


           ESTIMATED MEANS FOR THE LATENT VARIABLES
              I             S
              ________      ________
      1         4.249        -0.383


           S.E. FOR ESTIMATED MEANS FOR THE LATENT VARIABLES
              I             S
              ________      ________
      1         0.147         0.070


           EST./S.E. FOR ESTIMATED MEANS FOR THE LATENT VARIABLES
              I             S
              ________      ________
      1        28.858        -5.480


           TWO-TAILED P-VALUE FOR ESTIMATED MEANS FOR THE LATENT VARIABLES
              I             S
              ________      ________
      1         0.000         0.000


           ESTIMATED COVARIANCE MATRIX FOR THE LATENT VARIABLES
              I             S
              ________      ________
 I             11.124
 S             -1.081         1.243


           S.E. FOR ESTIMATED COVARIANCE MATRIX FOR THE LATENT VARIABLES
              I             S
              ________      ________
 I              0.938
 S              0.371         0.243


           EST./S.E. FOR ESTIMATED COVARIANCE MATRIX FOR THE LATENT VARIABLES
              I             S
              ________      ________
 I             11.860
 S             -2.912         5.117


           TWO-TAILED P-VALUE FOR ESTIMATED COVARIANCE MATRIX FOR THE LATENT VARIABLES
              I             S
              ________      ________
 I              0.000
 S              0.004         0.000


           ESTIMATED CORRELATION MATRIX FOR THE LATENT VARIABLES
              I             S
              ________      ________
 I              1.000
 S             -0.291         1.000


           S.E. FOR ESTIMATED CORRELATION MATRIX FOR THE LATENT VARIABLES
              I             S
              ________      ________
 I              0.000
 S              0.072         0.000


           EST./S.E. FOR ESTIMATED CORRELATION MATRIX FOR THE LATENT VARIABLES
              I             S
              ________      ________
 I            999.000
 S             -4.042       999.000


           TWO-TAILED P-VALUE FOR ESTIMATED CORRELATION MATRIX FOR THE LATENT VARIABLES
              I             S
              ________      ________
 I              0.000
 S              0.000         0.000


SAMPLE STATISTICS FOR ESTIMATED FACTOR SCORES


     SAMPLE STATISTICS


           Means
              I             I_SE          S             S_SE
              ________      ________      ________      ________
 1              4.249         1.639        -0.383         0.843


           Covariances
              I             I_SE          S             S_SE
              ________      ________      ________      ________
 I              8.422
 I_SE           0.008         0.015
 S             -0.135         0.003         0.525
 S_SE          -0.003         0.009         0.002         0.008


           Correlations
              I             I_SE          S             S_SE
              ________      ________      ________      ________
 I              1.000
 I_SE           0.021         1.000
 S             -0.064         0.037         1.000
 S_SE          -0.011         0.807         0.031         1.000


PLOT INFORMATION

The following plots are available:

  Histograms (sample values, estimated factor scores, estimated values, residuals)
  Scatterplots (sample values, estimated factor scores, estimated values, residuals)
  Sample means
  Estimated means
  Sample and estimated means
  Latent variable distribution plots
  Observed individual values
  Estimated individual values

DIAGRAM INFORMATION

  Use View Diagram under the Diagram menu in the Mplus Editor to view the diagram.
  If running Mplus from the Mplus Diagrammer, the diagram opens automatically.

  Diagram output
    c:\users\laptop\dropbox\teaching\psyc 650 sem\data and examples\latent growth curve\lgc of depre

     Beginning Time:  15:05:13
        Ending Time:  15:05:13
       Elapsed Time:  00:00:00



MUTHEN & MUTHEN
3463 Stoner Ave.
Los Angeles, CA  90066

Tel: (310) 391-9971
Fax: (310) 391-8971
Web: www.StatModel.com
Support: Support@StatModel.com

Copyright (c) 1998-2014 Muthen & Muthen
