Mplus VERSION 7.3
MUTHEN & MUTHEN
03/28/2015   3:36 PM

INPUT INSTRUCTIONS

  DATA:
  FILE IS aim3_cbi.dat;

  VARIABLE:
  NAMES ARE
  ID_COMB Site TXASSGN CELL ACAMPROS NALTREXO THERAPY GENDER AGE MARRIED RACE
  EMPLOY EDUC INCOME MINORITY FAMHIS FAMHISNO AEDA32 WAGE
  AUD_CNSM AUD_DPND AUD_PROB AUD_TTL
  ADSTOT SCDAE19 SCDAE22 ALCDEPND SMKHIS PACKYR EXSMKYRS EXSMKNO SMKCDAY SMKCYRS
  AEDA37 AEDA37A AEDA37C AEDA37D COMORBID
  AEDA8A AEDA10A AEDA19A AEDA19B AEDA22A AEDA23A AEDA19CH
  MHEA3 TEEA1A TEEA1B TEEA1C TEEA1D TEEA1E TEEA1F THD1 THD2 THD3
  FRST_DK FRST_DTM TOTL_REL INTX_REL FSTTRTD
  PSYA1A PSYA1B PSYA1C PSYA1D PSYA2A PSYA2B PSYA3A PSYA3B PSYA4A
  IPI_SIZE IPI_NODRN IPI_PCTDRN WHOPHYS WHOPSYC WHOSOC WHOENVI
  TXHIS TEEA2 TEEA3 TEEA4 SUPPORT DRNCBPH DRNCBRE DRNCBIN DRNCBIM DRNCBSR
  DRNCBTOT CONTROL PRECONT CONTEMP ACTION MAINTEN READINES
  T0_ABST T1_ABST T2_ABST T3_ABST T4_ABST T26_ABST T52_ABST T68_ABST
  T0_TDRK T1_TDRK T2_TDRK T3_TDRK T4_TDRK T26_TDRK T52_TDRK T68_TDRK
  T0_TDHD T1_TDHD T2_TDHD T3_TDHD T4_TDHD T5_TDHD T6_TDHD T26_TDHD
  T7_TDHD T8_TDHD T9_TDHD T10_TDHD T11_TDHD T12_TDHD T13_TDHD T52_TDHD
  T14_TDHD T15_TDHD T16_TDHD T17_TDHD T68_TDHD T0_TDHW T1_TDHW T2_TDHW
  T3_TDHW T4_TDHW T26_TDHW T52_TDHW T68_TDHW
  T0_DPDD T1_DPDD T2_DPDD T3_DPDD T4_DPDD T26_DPDD T52_DPDD T68_DPDD
  T0_DPD2 T1_DPD2 T2_DPD2 T3_DPD2 T4_DPD2 T26_DPD2 T52_DPD2 T68_DPD2
  T0_DPDW T1_DPDW T2_DPDW T3_DPDW T4_DPDW T26_DPDW T52_DPDW T68_DPDW
  T0_PDA T1_PDA T2_PDA T3_PDA T4_PDA T26_PDA T52_PDA T68_PDA
  T0_PPDD T1_PPDD T2_PPDD T3_PPDD T4_PPDD T26_PPDD T52_PPDD T68_PPDD
  T0_PHD T1_PHD  T2_PHD  T3_PHD  T4_PHD  T26_PHD  T52_PHD  T68_PHD
  MAXDRINK  T1_THD  T2_THD  T3_THD  T4_THD  T26_THD  T52_THD  T68_THD
  T0_ACPR  T2_ACPR  T4_ACPR  T26_ACPR  T52_ACPR  T68_ACPR  T0_FDRO
  T1_FDRO  T2_FDRO  T3_FDRO  T4_FDRO  T26_FDRO  T52_FDRO  T68_FDRO
  RELAPSE1  RELAPSE2  RELAPSE3  DTH1  DTH2  DTH3  DRELPSE1  DRELPSE2  DRELPSE3
  DLASTR   TDD1  TDD2  TDD3  FULLTIME  FRST_DRK  FRSTDKTM  ABSTI
  T0_CCO T2_CCO  T4_CCO  T26_CCO  T52_CCO  T68_CCO CAD  TAD
  PSS0 PSS1 PSS2 PSS4 PSS6 PSS8 PSS10 PSS12 PSS14 PSS16 PSS23 PSS26 PSS52 PSS54 PSS68
  TENS0 TENS1 TENS2 TENS4 TENS6 TENS8 TENS9 TENS10 TENS12 TENS14 TENS15 TENS16
  DEPRES0 DEPRES1 DEPRES2 DEPRES4 DEPRES6 DEPRES8 DEPRES9 DEPRES10
  DEPRES12 DEPRES14 DEPRES15 DEPRES16
  ANGER0 ANGER1 ANGER2 ANGER4 ANGER6 ANGER8 ANGER9 ANGER10
  ANGER12 ANGER14 ANGER15 ANGER16
  VIGOR0 VIGOR1 VIGOR2 VIGOR4 VIGOR6 VIGOR8 VIGOR9 VIGOR10
  VIGOR12 VIGOR14 VIGOR15 VIGOR16
  FATIG0 FATIG1 FATIG2 FATIG4 FATIG6 FATIG8 FATIG9 FATIG10
  FATIG12 FATIG14 FATIG15 FATIG16
  CONFUS0 CONFUS1 CONFUS2 CONFUS4 CONFUS6 CONFUS8 CONFUS9 CONFUS10
  CONFUS12 CONFUS14 CONFUS15 CONFUS16
  ocdtot0 ocdtot1 ocdtot2 ocdtot4 ocdtot6 ocdtot8 ocdtot10 ocdtot12
  ocdtot14 ocdtot16 ocdtot26 ocdtot52
  T0_DRO T2_DRO T4_DRO T26_DRO T52_DRO T68_DRO
  TREAT totrel INTXREL pstxrel
  t1ddd_u t2ddd_u t3ddd_u t4ddd_u t26ddd_u t52ddd_u t68ddd_u
  frstdrnk abstain RELAPSE INTXRL POSTL ADHERE numcase moodnum cravnum moodmod cravmod
  mood_0 mood_1 mood_2 mood_3 mood_4 mood_5 mood_6 mood_7 mood_8 mood_9 mood_10 mood_11
  mood_12 mood_13 mood_14 mood_15 mood_16
  crav_0 crav_1 crav_2 crav_3 crav_4 crav_5 crav_6 crav_7 crav_8 crav_9 crav_10 crav_11
  crav_12 crav_13 crav_14 crav_15 crav_16
  deppre0 deppre1 deppre2 deppre3 deppre4 deppre5 deppre6 deppre7 deppre8 deppre9
  deppre10 deppre11 deppo0 deppo1 deppo2 deppo3 deppo4 deppo5 deppo6 deppo7 deppo8
  deppo9 deppo10 deppo11
  ;


  MISSING ARE ALL (999);

  USEVARIABLES ARE depres0 depres4 depres8 depres12 depres16;

  GROUPING IS CRAVMOD (0=NoUrgeSurf 1=YesUrgeSurf);

  MODEL:
  !The | command provides all of the default constraints for a growth model,
  i s q | depres0@0 depres4@1 depres8@2 depres12@3 depres16@4;


  OUTPUT:
  TECH1 TECH4 TECH8 SAMPSTAT STANDARDIZED CINTERVAL MODINDICES;

  PLOT:
  TYPE IS PLOT3;
  SERIES IS depres0(0) depres4(4) depres8(8) depres12(12) depres16(16);




*** WARNING in OUTPUT command
  TECH8 option is available only with analysis types MIXTURE, RANDOM, or
  TWOLEVEL with estimators ML, MLF, or MLR or ALGORITHM=INTEGRATION.
  Request for TECH8 is ignored.
*** WARNING
  Data set contains cases with missing on all variables.
  These cases were not included in the analysis.
  Number of cases with missing on all variables:  2
   2 WARNING(S) FOUND IN THE INPUT INSTRUCTIONS




SUMMARY OF ANALYSIS

Number of groups                                                 2
Number of observations
   Group NOURGESURF                                            342
   Group YESURGESURF                                           432
   Total sample size                                           774

Number of dependent variables                                    5
Number of independent variables                                  0
Number of continuous latent variables                            3

Observed dependent variables

  Continuous
   DEPRES0     DEPRES4     DEPRES8     DEPRES12    DEPRES16

Continuous latent variables
   I           S           Q

Variables with special functions

  Grouping variable     CRAVMOD

Estimator                                                       ML
Information matrix                                        OBSERVED
Maximum number of iterations                                  1000
Convergence criterion                                    0.500D-04
Maximum number of steepest descent iterations                   20
Maximum number of iterations for H1                           2000
Convergence criterion for H1                             0.100D-03

Input data file(s)
  aim3_cbi.dat

Input data format  FREE


SUMMARY OF DATA

   Group NOURGESURF
     Number of missing data patterns            17

   Group YESURGESURF
     Number of missing data patterns            14


COVARIANCE COVERAGE OF DATA

Minimum covariance coverage value   0.100


     PROPORTION OF DATA PRESENT FOR NOURGESURF


           Covariance Coverage
              DEPRES0       DEPRES4       DEPRES8       DEPRES12      DEPRES16
              ________      ________      ________      ________      ________
 DEPRES0        0.994
 DEPRES4        0.731         0.734
 DEPRES8        0.623         0.570         0.626
 DEPRES12       0.582         0.523         0.509         0.582
 DEPRES16       0.678         0.596         0.561         0.561         0.681


     PROPORTION OF DATA PRESENT FOR YESURGESURF


           Covariance Coverage
              DEPRES0       DEPRES4       DEPRES8       DEPRES12      DEPRES16
              ________      ________      ________      ________      ________
 DEPRES0        0.995
 DEPRES4        0.944         0.949
 DEPRES8        0.947         0.914         0.951
 DEPRES12       0.868         0.838         0.852         0.873
 DEPRES16       0.924         0.884         0.894         0.838         0.928


SAMPLE STATISTICS


     ESTIMATED SAMPLE STATISTICS FOR NOURGESURF


           Means
              DEPRES0       DEPRES4       DEPRES8       DEPRES12      DEPRES16
              ________      ________      ________      ________      ________
      1         4.443         3.973         3.422         3.857         3.662


           Covariances
              DEPRES0       DEPRES4       DEPRES8       DEPRES12      DEPRES16
              ________      ________      ________      ________      ________
 DEPRES0       17.512
 DEPRES4       11.445        19.316
 DEPRES8       10.371        13.421        18.452
 DEPRES12       9.627        13.551        15.089        22.205
 DEPRES16       9.334        12.687        14.371        16.510        21.747


           Correlations
              DEPRES0       DEPRES4       DEPRES8       DEPRES12      DEPRES16
              ________      ________      ________      ________      ________
 DEPRES0        1.000
 DEPRES4        0.622         1.000
 DEPRES8        0.577         0.711         1.000
 DEPRES12       0.488         0.654         0.745         1.000
 DEPRES16       0.478         0.619         0.717         0.751         1.000


     ESTIMATED SAMPLE STATISTICS FOR YESURGESURF


           Means
              DEPRES0       DEPRES4       DEPRES8       DEPRES12      DEPRES16
              ________      ________      ________      ________      ________
      1         4.282         3.461         3.347         3.471         3.054


           Covariances
              DEPRES0       DEPRES4       DEPRES8       DEPRES12      DEPRES16
              ________      ________      ________      ________      ________
 DEPRES0       17.009
 DEPRES4        9.075        15.056
 DEPRES8        8.543         9.909        15.170
 DEPRES12       7.798         9.307        11.005        15.247
 DEPRES16       6.825         8.346         9.874        10.373        13.378


           Correlations
              DEPRES0       DEPRES4       DEPRES8       DEPRES12      DEPRES16
              ________      ________      ________      ________      ________
 DEPRES0        1.000
 DEPRES4        0.567         1.000
 DEPRES8        0.532         0.656         1.000
 DEPRES12       0.484         0.614         0.724         1.000
 DEPRES16       0.452         0.588         0.693         0.726         1.000


     MAXIMUM LOG-LIKELIHOOD VALUE FOR THE UNRESTRICTED (H1) MODEL IS -8366.141


UNIVARIATE HIGHER-ORDER MOMENT DESCRIPTIVE STATISTICS


     UNIVARIATE HIGHER-ORDER MOMENT DESCRIPTIVE STATISTICS FOR NOURGESURF

         Variable/         Mean/     Skewness/   Minimum/ % with                Percentiles
        Sample Size      Variance    Kurtosis    Maximum  Min/Max      20%/60%    40%/80%    Median

     DEPRES0               4.451       1.038       0.000   19.41%       1.000      2.000      3.000
             340.000      17.537       0.513      18.000    0.59%       5.000      8.000
     DEPRES4               3.783       1.453       0.000   28.29%       0.000      2.000      3.000
             251.000      17.540       2.116      20.000    0.80%       4.000      7.000
     DEPRES8               3.407       1.889       0.000   33.18%       0.000      1.000      2.000
             214.000      18.213       3.924      20.000    1.87%       3.000      6.000
     DEPRES12              3.819       1.491       0.000   28.64%       0.000      1.000      2.000
             199.000      20.309       1.825      20.000    1.51%       3.000      7.000
     DEPRES16              3.721       1.479       0.000   32.62%       0.000      1.000      2.000
             233.000      21.420       1.450      20.000    0.43%       3.000      7.000


     UNIVARIATE HIGHER-ORDER MOMENT DESCRIPTIVE STATISTICS FOR YESURGESURF

         Variable/         Mean/     Skewness/   Minimum/ % with                Percentiles
        Sample Size      Variance    Kurtosis    Maximum  Min/Max      20%/60%    40%/80%    Median

     DEPRES0               4.283       1.030       0.000   23.26%       0.000      2.000      3.000
             430.000      17.032       0.540      20.000    0.23%       4.000      7.000
     DEPRES4               3.445       1.482       0.000   29.76%       0.000      1.000      2.000
             410.000      15.112       2.087      20.000    0.24%       3.000      6.000
     DEPRES8               3.350       1.585       0.000   29.93%       0.000      1.000      2.000
             411.000      15.346       2.458      20.000    0.49%       3.000      6.000
     DEPRES12              3.440       1.302       0.000   30.24%       0.000      1.000      2.000
             377.000      15.053       1.235      18.000    0.53%       3.000      6.000
     DEPRES16              2.998       1.686       0.000   31.67%       0.000      1.000      2.000
             401.000      12.990       3.082      20.000    0.25%       3.000      5.000


THE MODEL ESTIMATION TERMINATED NORMALLY



MODEL FIT INFORMATION

Number of Free Parameters                       28

Loglikelihood

          H0 Value                       -8375.802
          H1 Value                       -8366.141

Information Criteria

          Akaike (AIC)                   16807.605
          Bayesian (BIC)                 16937.849
          Sample-Size Adjusted BIC       16848.935
            (n* = (n + 2) / 24)

Chi-Square Test of Model Fit

          Value                             19.323
          Degrees of Freedom                    12
          P-Value                           0.0810

Chi-Square Contribution From Each Group

          NOURGESURF                         5.628
          YESURGESURF                       13.695

RMSEA (Root Mean Square Error Of Approximation)

          Estimate                           0.040
          90 Percent C.I.                    0.000  0.071
          Probability RMSEA <= .05           0.667

CFI/TLI

          CFI                                0.996
          TLI                                0.993

Chi-Square Test of Model Fit for the Baseline Model

          Value                           1668.644
          Degrees of Freedom                    20
          P-Value                           0.0000

SRMR (Standardized Root Mean Square Residual)

          Value                              0.021



MODEL RESULTS

                                                    Two-Tailed
                    Estimate       S.E.  Est./S.E.    P-Value

Group NOURGESURF

 I        |
    DEPRES0            1.000      0.000    999.000    999.000
    DEPRES4            1.000      0.000    999.000    999.000
    DEPRES8            1.000      0.000    999.000    999.000
    DEPRES12           1.000      0.000    999.000    999.000
    DEPRES16           1.000      0.000    999.000    999.000

 S        |
    DEPRES0            0.000      0.000    999.000    999.000
    DEPRES4            1.000      0.000    999.000    999.000
    DEPRES8            2.000      0.000    999.000    999.000
    DEPRES12           3.000      0.000    999.000    999.000
    DEPRES16           4.000      0.000    999.000    999.000

 Q        |
    DEPRES0            0.000      0.000    999.000    999.000
    DEPRES4            1.000      0.000    999.000    999.000
    DEPRES8            4.000      0.000    999.000    999.000
    DEPRES12           9.000      0.000    999.000    999.000
    DEPRES16          16.000      0.000    999.000    999.000

 S        WITH
    I                 -1.175      1.488     -0.789      0.430

 Q        WITH
    I                  0.107      0.292      0.367      0.714
    S                 -0.574      0.303     -1.891      0.059

 Means
    I                  4.437      0.225     19.738      0.000
    S                 -0.646      0.195     -3.311      0.001
    Q                  0.117      0.044      2.646      0.008

 Intercepts
    DEPRES0            0.000      0.000    999.000    999.000
    DEPRES4            0.000      0.000    999.000    999.000
    DEPRES8            0.000      0.000    999.000    999.000
    DEPRES12           0.000      0.000    999.000    999.000
    DEPRES16           0.000      0.000    999.000    999.000

 Variances
    I                 12.368      1.926      6.421      0.000
    S                  3.399      1.456      2.335      0.020
    Q                  0.118      0.072      1.630      0.103

 Residual Variances
    DEPRES0            5.212      1.644      3.170      0.002
    DEPRES4            6.191      0.798      7.753      0.000
    DEPRES8            4.028      0.690      5.841      0.000
    DEPRES12           5.792      0.875      6.617      0.000
    DEPRES16           4.299      1.840      2.336      0.019

Group YESURGESURF

 I        |
    DEPRES0            1.000      0.000    999.000    999.000
    DEPRES4            1.000      0.000    999.000    999.000
    DEPRES8            1.000      0.000    999.000    999.000
    DEPRES12           1.000      0.000    999.000    999.000
    DEPRES16           1.000      0.000    999.000    999.000

 S        |
    DEPRES0            0.000      0.000    999.000    999.000
    DEPRES4            1.000      0.000    999.000    999.000
    DEPRES8            2.000      0.000    999.000    999.000
    DEPRES12           3.000      0.000    999.000    999.000
    DEPRES16           4.000      0.000    999.000    999.000

 Q        |
    DEPRES0            0.000      0.000    999.000    999.000
    DEPRES4            1.000      0.000    999.000    999.000
    DEPRES8            4.000      0.000    999.000    999.000
    DEPRES12           9.000      0.000    999.000    999.000
    DEPRES16          16.000      0.000    999.000    999.000

 S        WITH
    I                 -0.566      0.988     -0.573      0.567

 Q        WITH
    I                 -0.044      0.190     -0.230      0.818
    S                 -0.319      0.190     -1.678      0.093

 Means
    I                  4.128      0.193     21.354      0.000
    S                 -0.491      0.146     -3.357      0.001
    Q                  0.061      0.032      1.929      0.054

 Intercepts
    DEPRES0            0.000      0.000    999.000    999.000
    DEPRES4            0.000      0.000    999.000    999.000
    DEPRES8            0.000      0.000    999.000    999.000
    DEPRES12           0.000      0.000    999.000    999.000
    DEPRES16           0.000      0.000    999.000    999.000

 Variances
    I                  9.703      1.412      6.873      0.000
    S                  1.965      0.922      2.131      0.033
    Q                  0.062      0.043      1.430      0.153

 Residual Variances
    DEPRES0            7.176      1.214      5.913      0.000
    DEPRES4            5.664      0.525     10.782      0.000
    DEPRES8            4.107      0.445      9.220      0.000
    DEPRES12           4.259      0.453      9.392      0.000
    DEPRES16           3.185      0.857      3.716      0.000


STANDARDIZED MODEL RESULTS


STDYX Standardization

                                                    Two-Tailed
                    Estimate       S.E.  Est./S.E.    P-Value

Group NOURGESURF

 I        |
    DEPRES0            0.839      0.055     15.264      0.000
    DEPRES4            0.811      0.054     14.952      0.000
    DEPRES8            0.810      0.067     12.117      0.000
    DEPRES12           0.747      0.063     11.906      0.000
    DEPRES16           0.754      0.063     11.901      0.000

 S        |
    DEPRES0            0.000      0.000    999.000    999.000
    DEPRES4            0.425      0.089      4.757      0.000
    DEPRES8            0.849      0.183      4.646      0.000
    DEPRES12           1.175      0.250      4.707      0.000
    DEPRES16           1.582      0.347      4.553      0.000

 Q        |
    DEPRES0            0.000      0.000    999.000    999.000
    DEPRES4            0.079      0.024      3.288      0.001
    DEPRES8            0.316      0.097      3.244      0.001
    DEPRES12           0.655      0.197      3.326      0.001
    DEPRES16           1.177      0.368      3.197      0.001

 S        WITH
    I                 -0.181      0.190     -0.954      0.340

 Q        WITH
    I                  0.089      0.224      0.397      0.692
    S                 -0.908      0.054    -16.680      0.000

 Means
    I                  1.262      0.117     10.763      0.000
    S                 -0.351      0.130     -2.706      0.007
    Q                  0.341      0.167      2.046      0.041

 Intercepts
    DEPRES0            0.000      0.000    999.000    999.000
    DEPRES4            0.000      0.000    999.000    999.000
    DEPRES8            0.000      0.000    999.000    999.000
    DEPRES12           0.000      0.000    999.000    999.000
    DEPRES16           0.000      0.000    999.000    999.000

 Variances
    I                  1.000      0.000    999.000    999.000
    S                  1.000      0.000    999.000    999.000
    Q                  1.000      0.000    999.000    999.000

 Residual Variances
    DEPRES0            0.296      0.092      3.216      0.001
    DEPRES4            0.329      0.038      8.763      0.000
    DEPRES8            0.214      0.036      5.882      0.000
    DEPRES12           0.261      0.035      7.378      0.000
    DEPRES16           0.198      0.085      2.334      0.020

Group YESURGESURF

 I        |
    DEPRES0            0.758      0.046     16.487      0.000
    DEPRES4            0.790      0.050     15.964      0.000
    DEPRES8            0.806      0.059     13.664      0.000
    DEPRES12           0.797      0.060     13.255      0.000
    DEPRES16           0.850      0.064     13.334      0.000

 S        |
    DEPRES0            0.000      0.000    999.000    999.000
    DEPRES4            0.356      0.082      4.312      0.000
    DEPRES8            0.725      0.171      4.248      0.000
    DEPRES12           1.077      0.251      4.293      0.000
    DEPRES16           1.530      0.364      4.202      0.000

 Q        |
    DEPRES0            0.000      0.000    999.000    999.000
    DEPRES4            0.063      0.022      2.880      0.004
    DEPRES8            0.258      0.090      2.855      0.004
    DEPRES12           0.574      0.198      2.896      0.004
    DEPRES16           1.087      0.385      2.824      0.005

 S        WITH
    I                 -0.130      0.195     -0.664      0.506

 Q        WITH
    I                 -0.056      0.261     -0.216      0.829
    S                 -0.914      0.054    -17.067      0.000

 Means
    I                  1.325      0.111     11.968      0.000
    S                 -0.350      0.128     -2.733      0.006
    Q                  0.244      0.152      1.604      0.109

 Intercepts
    DEPRES0            0.000      0.000    999.000    999.000
    DEPRES4            0.000      0.000    999.000    999.000
    DEPRES8            0.000      0.000    999.000    999.000
    DEPRES12           0.000      0.000    999.000    999.000
    DEPRES16           0.000      0.000    999.000    999.000

 Variances
    I                  1.000      0.000    999.000    999.000
    S                  1.000      0.000    999.000    999.000
    Q                  1.000      0.000    999.000    999.000

 Residual Variances
    DEPRES0            0.425      0.070      6.097      0.000
    DEPRES4            0.365      0.029     12.368      0.000
    DEPRES8            0.275      0.029      9.322      0.000
    DEPRES12           0.279      0.027     10.213      0.000
    DEPRES16           0.237      0.063      3.734      0.000


STDY Standardization

                                                    Two-Tailed
                    Estimate       S.E.  Est./S.E.    P-Value

Group NOURGESURF

 I        |
    DEPRES0            0.839      0.055     15.264      0.000
    DEPRES4            0.811      0.054     14.952      0.000
    DEPRES8            0.810      0.067     12.117      0.000
    DEPRES12           0.747      0.063     11.906      0.000
    DEPRES16           0.754      0.063     11.901      0.000

 S        |
    DEPRES0            0.000      0.000    999.000    999.000
    DEPRES4            0.425      0.089      4.757      0.000
    DEPRES8            0.849      0.183      4.646      0.000
    DEPRES12           1.175      0.250      4.707      0.000
    DEPRES16           1.582      0.347      4.553      0.000

 Q        |
    DEPRES0            0.000      0.000    999.000    999.000
    DEPRES4            0.079      0.024      3.288      0.001
    DEPRES8            0.316      0.097      3.244      0.001
    DEPRES12           0.655      0.197      3.326      0.001
    DEPRES16           1.177      0.368      3.197      0.001

 S        WITH
    I                 -0.181      0.190     -0.954      0.340

 Q        WITH
    I                  0.089      0.224      0.397      0.692
    S                 -0.908      0.054    -16.680      0.000

 Means
    I                  1.262      0.117     10.763      0.000
    S                 -0.351      0.130     -2.706      0.007
    Q                  0.341      0.167      2.046      0.041

 Intercepts
    DEPRES0            0.000      0.000    999.000    999.000
    DEPRES4            0.000      0.000    999.000    999.000
    DEPRES8            0.000      0.000    999.000    999.000
    DEPRES12           0.000      0.000    999.000    999.000
    DEPRES16           0.000      0.000    999.000    999.000

 Variances
    I                  1.000      0.000    999.000    999.000
    S                  1.000      0.000    999.000    999.000
    Q                  1.000      0.000    999.000    999.000

 Residual Variances
    DEPRES0            0.296      0.092      3.216      0.001
    DEPRES4            0.329      0.038      8.763      0.000
    DEPRES8            0.214      0.036      5.882      0.000
    DEPRES12           0.261      0.035      7.378      0.000
    DEPRES16           0.198      0.085      2.334      0.020

Group YESURGESURF

 I        |
    DEPRES0            0.758      0.046     16.487      0.000
    DEPRES4            0.790      0.050     15.964      0.000
    DEPRES8            0.806      0.059     13.664      0.000
    DEPRES12           0.797      0.060     13.255      0.000
    DEPRES16           0.850      0.064     13.334      0.000

 S        |
    DEPRES0            0.000      0.000    999.000    999.000
    DEPRES4            0.356      0.082      4.312      0.000
    DEPRES8            0.725      0.171      4.248      0.000
    DEPRES12           1.077      0.251      4.293      0.000
    DEPRES16           1.530      0.364      4.202      0.000

 Q        |
    DEPRES0            0.000      0.000    999.000    999.000
    DEPRES4            0.063      0.022      2.880      0.004
    DEPRES8            0.258      0.090      2.855      0.004
    DEPRES12           0.574      0.198      2.896      0.004
    DEPRES16           1.087      0.385      2.824      0.005

 S        WITH
    I                 -0.130      0.195     -0.664      0.506

 Q        WITH
    I                 -0.056      0.261     -0.216      0.829
    S                 -0.914      0.054    -17.067      0.000

 Means
    I                  1.325      0.111     11.968      0.000
    S                 -0.350      0.128     -2.733      0.006
    Q                  0.244      0.152      1.604      0.109

 Intercepts
    DEPRES0            0.000      0.000    999.000    999.000
    DEPRES4            0.000      0.000    999.000    999.000
    DEPRES8            0.000      0.000    999.000    999.000
    DEPRES12           0.000      0.000    999.000    999.000
    DEPRES16           0.000      0.000    999.000    999.000

 Variances
    I                  1.000      0.000    999.000    999.000
    S                  1.000      0.000    999.000    999.000
    Q                  1.000      0.000    999.000    999.000

 Residual Variances
    DEPRES0            0.425      0.070      6.097      0.000
    DEPRES4            0.365      0.029     12.368      0.000
    DEPRES8            0.275      0.029      9.322      0.000
    DEPRES12           0.279      0.027     10.213      0.000
    DEPRES16           0.237      0.063      3.734      0.000


STD Standardization

                                                    Two-Tailed
                    Estimate       S.E.  Est./S.E.    P-Value

Group NOURGESURF

 I        |
    DEPRES0            3.517      0.274     12.842      0.000
    DEPRES4            3.517      0.274     12.842      0.000
    DEPRES8            3.517      0.274     12.842      0.000
    DEPRES12           3.517      0.274     12.842      0.000
    DEPRES16           3.517      0.274     12.842      0.000

 S        |
    DEPRES0            0.000      0.000    999.000    999.000
    DEPRES4            1.844      0.395      4.670      0.000
    DEPRES8            3.687      0.790      4.670      0.000
    DEPRES12           5.531      1.184      4.670      0.000
    DEPRES16           7.374      1.579      4.670      0.000

 Q        |
    DEPRES0            0.000      0.000    999.000    999.000
    DEPRES4            0.343      0.105      3.260      0.001
    DEPRES8            1.371      0.421      3.260      0.001
    DEPRES12           3.086      0.946      3.260      0.001
    DEPRES16           5.486      1.683      3.260      0.001

 S        WITH
    I                 -0.181      0.190     -0.954      0.340

 Q        WITH
    I                  0.089      0.224      0.397      0.692
    S                 -0.908      0.054    -16.680      0.000

 Means
    I                  1.262      0.117     10.763      0.000
    S                 -0.351      0.130     -2.706      0.007
    Q                  0.341      0.167      2.046      0.041

 Intercepts
    DEPRES0            0.000      0.000    999.000    999.000
    DEPRES4            0.000      0.000    999.000    999.000
    DEPRES8            0.000      0.000    999.000    999.000
    DEPRES12           0.000      0.000    999.000    999.000
    DEPRES16           0.000      0.000    999.000    999.000

 Variances
    I                  1.000      0.000    999.000    999.000
    S                  1.000      0.000    999.000    999.000
    Q                  1.000      0.000    999.000    999.000

 Residual Variances
    DEPRES0            5.212      1.644      3.170      0.002
    DEPRES4            6.191      0.798      7.753      0.000
    DEPRES8            4.028      0.690      5.841      0.000
    DEPRES12           5.792      0.875      6.617      0.000
    DEPRES16           4.299      1.840      2.336      0.019

Group YESURGESURF

 I        |
    DEPRES0            3.115      0.227     13.746      0.000
    DEPRES4            3.115      0.227     13.746      0.000
    DEPRES8            3.115      0.227     13.746      0.000
    DEPRES12           3.115      0.227     13.746      0.000
    DEPRES16           3.115      0.227     13.746      0.000

 S        |
    DEPRES0            0.000      0.000    999.000    999.000
    DEPRES4            1.402      0.329      4.263      0.000
    DEPRES8            2.803      0.658      4.263      0.000
    DEPRES12           4.205      0.986      4.263      0.000
    DEPRES16           5.607      1.315      4.263      0.000

 Q        |
    DEPRES0            0.000      0.000    999.000    999.000
    DEPRES4            0.249      0.087      2.861      0.004
    DEPRES8            0.996      0.348      2.861      0.004
    DEPRES12           2.242      0.783      2.861      0.004
    DEPRES16           3.985      1.393      2.861      0.004

 S        WITH
    I                 -0.130      0.195     -0.664      0.506

 Q        WITH
    I                 -0.056      0.261     -0.216      0.829
    S                 -0.914      0.054    -17.067      0.000

 Means
    I                  1.325      0.111     11.968      0.000
    S                 -0.350      0.128     -2.733      0.006
    Q                  0.244      0.152      1.604      0.109

 Intercepts
    DEPRES0            0.000      0.000    999.000    999.000
    DEPRES4            0.000      0.000    999.000    999.000
    DEPRES8            0.000      0.000    999.000    999.000
    DEPRES12           0.000      0.000    999.000    999.000
    DEPRES16           0.000      0.000    999.000    999.000

 Variances
    I                  1.000      0.000    999.000    999.000
    S                  1.000      0.000    999.000    999.000
    Q                  1.000      0.000    999.000    999.000

 Residual Variances
    DEPRES0            7.176      1.214      5.913      0.000
    DEPRES4            5.664      0.525     10.782      0.000
    DEPRES8            4.107      0.445      9.220      0.000
    DEPRES12           4.259      0.453      9.392      0.000
    DEPRES16           3.185      0.857      3.716      0.000


R-SQUARE

Group NOURGESURF

    Observed                                        Two-Tailed
    Variable        Estimate       S.E.  Est./S.E.    P-Value

    DEPRES0            0.704      0.092      7.632      0.000
    DEPRES4            0.671      0.038     17.836      0.000
    DEPRES8            0.786      0.036     21.642      0.000
    DEPRES12           0.739      0.035     20.858      0.000
    DEPRES16           0.802      0.085      9.463      0.000

Group YESURGESURF

    Observed                                        Two-Tailed
    Variable        Estimate       S.E.  Est./S.E.    P-Value

    DEPRES0            0.575      0.070      8.244      0.000
    DEPRES4            0.635      0.029     21.557      0.000
    DEPRES8            0.725      0.029     24.595      0.000
    DEPRES12           0.721      0.027     26.371      0.000
    DEPRES16           0.763      0.063     12.021      0.000


QUALITY OF NUMERICAL RESULTS

     Condition Number for the Information Matrix              0.140E-05
       (ratio of smallest to largest eigenvalue)


CONFIDENCE INTERVALS OF MODEL RESULTS

                  Lower .5%  Lower 2.5%    Lower 5%    Estimate    Upper 5%  Upper 2.5%   Upper .5%

Group NOURGESURF

 I        |
    DEPRES0          1.000       1.000       1.000       1.000       1.000       1.000       1.000
    DEPRES4          1.000       1.000       1.000       1.000       1.000       1.000       1.000
    DEPRES8          1.000       1.000       1.000       1.000       1.000       1.000       1.000
    DEPRES12         1.000       1.000       1.000       1.000       1.000       1.000       1.000
    DEPRES16         1.000       1.000       1.000       1.000       1.000       1.000       1.000

 S        |
    DEPRES0          0.000       0.000       0.000       0.000       0.000       0.000       0.000
    DEPRES4          1.000       1.000       1.000       1.000       1.000       1.000       1.000
    DEPRES8          2.000       2.000       2.000       2.000       2.000       2.000       2.000
    DEPRES12         3.000       3.000       3.000       3.000       3.000       3.000       3.000
    DEPRES16         4.000       4.000       4.000       4.000       4.000       4.000       4.000

 Q        |
    DEPRES0          0.000       0.000       0.000       0.000       0.000       0.000       0.000
    DEPRES4          1.000       1.000       1.000       1.000       1.000       1.000       1.000
    DEPRES8          4.000       4.000       4.000       4.000       4.000       4.000       4.000
    DEPRES12         9.000       9.000       9.000       9.000       9.000       9.000       9.000
    DEPRES16        16.000      16.000      16.000      16.000      16.000      16.000      16.000

 S        WITH
    I               -5.007      -4.091      -3.622      -1.175       1.273       1.742       2.658

 Q        WITH
    I               -0.644      -0.465      -0.373       0.107       0.587       0.679       0.858
    S               -1.355      -1.168      -1.073      -0.574      -0.075       0.021       0.208

 Means
    I                3.858       3.997       4.068       4.437       4.807       4.878       5.016
    S               -1.149      -1.029      -0.968      -0.646      -0.325      -0.264      -0.143
    Q                0.003       0.030       0.044       0.117       0.190       0.204       0.231

 Intercepts
    DEPRES0          0.000       0.000       0.000       0.000       0.000       0.000       0.000
    DEPRES4          0.000       0.000       0.000       0.000       0.000       0.000       0.000
    DEPRES8          0.000       0.000       0.000       0.000       0.000       0.000       0.000
    DEPRES12         0.000       0.000       0.000       0.000       0.000       0.000       0.000
    DEPRES16         0.000       0.000       0.000       0.000       0.000       0.000       0.000

 Variances
    I                7.406       8.592       9.199      12.368      15.536      16.143      17.329
    S               -0.351       0.546       1.004       3.399       5.793       6.252       7.148
    Q               -0.068      -0.024      -0.001       0.118       0.236       0.259       0.303

 Residual Variances
    DEPRES0          0.977       1.989       2.507       5.212       7.917       8.435       9.448
    DEPRES4          4.134       4.626       4.877       6.191       7.504       7.756       8.248
    DEPRES8          2.252       2.677       2.894       4.028       5.163       5.380       5.805
    DEPRES12         3.537       4.077       4.352       5.792       7.232       7.508       8.047
    DEPRES16        -0.441       0.692       1.272       4.299       7.326       7.906       9.039

Group YESURGESURF

 I        |
    DEPRES0          1.000       1.000       1.000       1.000       1.000       1.000       1.000
    DEPRES4          1.000       1.000       1.000       1.000       1.000       1.000       1.000
    DEPRES8          1.000       1.000       1.000       1.000       1.000       1.000       1.000
    DEPRES12         1.000       1.000       1.000       1.000       1.000       1.000       1.000
    DEPRES16         1.000       1.000       1.000       1.000       1.000       1.000       1.000

 S        |
    DEPRES0          0.000       0.000       0.000       0.000       0.000       0.000       0.000
    DEPRES4          1.000       1.000       1.000       1.000       1.000       1.000       1.000
    DEPRES8          2.000       2.000       2.000       2.000       2.000       2.000       2.000
    DEPRES12         3.000       3.000       3.000       3.000       3.000       3.000       3.000
    DEPRES16         4.000       4.000       4.000       4.000       4.000       4.000       4.000

 Q        |
    DEPRES0          0.000       0.000       0.000       0.000       0.000       0.000       0.000
    DEPRES4          1.000       1.000       1.000       1.000       1.000       1.000       1.000
    DEPRES8          4.000       4.000       4.000       4.000       4.000       4.000       4.000
    DEPRES12         9.000       9.000       9.000       9.000       9.000       9.000       9.000
    DEPRES16        16.000      16.000      16.000      16.000      16.000      16.000      16.000

 S        WITH
    I               -3.111      -2.502      -2.191      -0.566       1.059       1.370       1.979

 Q        WITH
    I               -0.534      -0.417      -0.357      -0.044       0.270       0.330       0.447
    S               -0.809      -0.692      -0.632      -0.319      -0.006       0.054       0.171

 Means
    I                3.630       3.749       3.810       4.128       4.446       4.507       4.626
    S               -0.867      -0.777      -0.731      -0.491      -0.250      -0.204      -0.114
    Q               -0.020      -0.001       0.009       0.061       0.113       0.123       0.142

 Intercepts
    DEPRES0          0.000       0.000       0.000       0.000       0.000       0.000       0.000
    DEPRES4          0.000       0.000       0.000       0.000       0.000       0.000       0.000
    DEPRES8          0.000       0.000       0.000       0.000       0.000       0.000       0.000
    DEPRES12         0.000       0.000       0.000       0.000       0.000       0.000       0.000
    DEPRES16         0.000       0.000       0.000       0.000       0.000       0.000       0.000

 Variances
    I                6.066       6.936       7.380       9.703      12.025      12.470      13.339
    S               -0.410       0.158       0.448       1.965       3.481       3.771       4.339
    Q               -0.050      -0.023      -0.009       0.062       0.133       0.147       0.174

 Residual Variances
    DEPRES0          4.051       4.798       5.180       7.176       9.173       9.555      10.302
    DEPRES4          4.311       4.634       4.800       5.664       6.528       6.694       7.017
    DEPRES8          2.959       3.234       3.374       4.107       4.839       4.980       5.254
    DEPRES12         3.091       3.370       3.513       4.259       5.005       5.148       5.427
    DEPRES16         0.977       1.505       1.775       3.185       4.594       4.864       5.392


CONFIDENCE INTERVALS OF STANDARDIZED MODEL RESULTS


STDYX Standardization

                  Lower .5%  Lower 2.5%    Lower 5%    Estimate    Upper 5%  Upper 2.5%   Upper .5%

Group NOURGESURF

 I        |
    DEPRES0          0.697       0.731       0.748       0.839       0.929       0.946       0.980
    DEPRES4          0.671       0.705       0.722       0.811       0.901       0.918       0.951
    DEPRES8          0.638       0.679       0.700       0.810       0.920       0.941       0.982
    DEPRES12         0.585       0.624       0.644       0.747       0.850       0.870       0.909
    DEPRES16         0.591       0.630       0.650       0.754       0.859       0.879       0.918

 S        |
    DEPRES0          0.000       0.000       0.000       0.000       0.000       0.000       0.000
    DEPRES4          0.195       0.250       0.278       0.425       0.572       0.601       0.656
    DEPRES8          0.378       0.491       0.549       0.849       1.150       1.208       1.320
    DEPRES12         0.532       0.686       0.764       1.175       1.585       1.664       1.818
    DEPRES16         0.687       0.901       1.010       1.582       2.154       2.263       2.477

 Q        |
    DEPRES0          0.000       0.000       0.000       0.000       0.000       0.000       0.000
    DEPRES4          0.017       0.032       0.040       0.079       0.119       0.126       0.141
    DEPRES8          0.065       0.125       0.156       0.316       0.476       0.507       0.567
    DEPRES12         0.148       0.269       0.331       0.655       0.980       1.042       1.163
    DEPRES16         0.229       0.455       0.571       1.177       1.782       1.898       2.125

 S        WITH
    I               -0.670      -0.553      -0.493      -0.181       0.131       0.191       0.308

 Q        WITH
    I               -0.488      -0.350      -0.279       0.089       0.457       0.527       0.665
    S               -1.048      -1.014      -0.997      -0.908      -0.818      -0.801      -0.768

 Means
    I                0.960       1.032       1.069       1.262       1.455       1.492       1.564
    S               -0.684      -0.605      -0.564      -0.351      -0.137      -0.097      -0.017
    Q               -0.088       0.014       0.067       0.341       0.616       0.668       0.771

 Intercepts
    DEPRES0          0.000       0.000       0.000       0.000       0.000       0.000       0.000
    DEPRES4          0.000       0.000       0.000       0.000       0.000       0.000       0.000
    DEPRES8          0.000       0.000       0.000       0.000       0.000       0.000       0.000
    DEPRES12         0.000       0.000       0.000       0.000       0.000       0.000       0.000
    DEPRES16         0.000       0.000       0.000       0.000       0.000       0.000       0.000

 Variances
    I                1.000       1.000       1.000       1.000       1.000       1.000       1.000
    S                1.000       1.000       1.000       1.000       1.000       1.000       1.000
    Q                1.000       1.000       1.000       1.000       1.000       1.000       1.000

 Residual Variances
    DEPRES0          0.059       0.116       0.145       0.296       0.448       0.477       0.534
    DEPRES4          0.233       0.256       0.268       0.329       0.391       0.403       0.426
    DEPRES8          0.120       0.142       0.154       0.214       0.273       0.285       0.307
    DEPRES12         0.170       0.192       0.203       0.261       0.320       0.331       0.353
    DEPRES16        -0.020       0.032       0.058       0.198       0.337       0.364       0.416

Group YESURGESURF

 I        |
    DEPRES0          0.640       0.668       0.683       0.758       0.834       0.848       0.877
    DEPRES4          0.663       0.693       0.709       0.790       0.872       0.887       0.918
    DEPRES8          0.654       0.690       0.709       0.806       0.903       0.921       0.958
    DEPRES12         0.643       0.680       0.699       0.797       0.896       0.915       0.952
    DEPRES16         0.686       0.725       0.745       0.850       0.955       0.975       1.014

 S        |
    DEPRES0          0.000       0.000       0.000       0.000       0.000       0.000       0.000
    DEPRES4          0.143       0.194       0.220       0.356       0.491       0.517       0.568
    DEPRES8          0.285       0.391       0.444       0.725       1.006       1.060       1.165
    DEPRES12         0.431       0.585       0.664       1.077       1.489       1.568       1.722
    DEPRES16         0.592       0.816       0.931       1.530       2.128       2.243       2.467

 Q        |
    DEPRES0          0.000       0.000       0.000       0.000       0.000       0.000       0.000
    DEPRES4          0.007       0.020       0.027       0.063       0.099       0.106       0.120
    DEPRES8          0.025       0.081       0.109       0.258       0.406       0.435       0.490
    DEPRES12         0.063       0.185       0.248       0.574       0.900       0.962       1.084
    DEPRES16         0.096       0.333       0.454       1.087       1.720       1.842       2.079

 S        WITH
    I               -0.632      -0.512      -0.451      -0.130       0.191       0.253       0.373

 Q        WITH
    I               -0.728      -0.568      -0.486      -0.056       0.373       0.455       0.615
    S               -1.052      -1.019      -1.002      -0.914      -0.826      -0.809      -0.776

 Means
    I                1.040       1.108       1.143       1.325       1.507       1.542       1.610
    S               -0.680      -0.601      -0.561      -0.350      -0.139      -0.099      -0.020
    Q               -0.148      -0.054      -0.006       0.244       0.495       0.543       0.637

 Intercepts
    DEPRES0          0.000       0.000       0.000       0.000       0.000       0.000       0.000
    DEPRES4          0.000       0.000       0.000       0.000       0.000       0.000       0.000
    DEPRES8          0.000       0.000       0.000       0.000       0.000       0.000       0.000
    DEPRES12         0.000       0.000       0.000       0.000       0.000       0.000       0.000
    DEPRES16         0.000       0.000       0.000       0.000       0.000       0.000       0.000

 Variances
    I                1.000       1.000       1.000       1.000       1.000       1.000       1.000
    S                1.000       1.000       1.000       1.000       1.000       1.000       1.000
    Q                1.000       1.000       1.000       1.000       1.000       1.000       1.000

 Residual Variances
    DEPRES0          0.246       0.288       0.310       0.425       0.540       0.562       0.605
    DEPRES4          0.289       0.307       0.316       0.365       0.413       0.422       0.441
    DEPRES8          0.199       0.217       0.226       0.275       0.323       0.333       0.351
    DEPRES12         0.209       0.226       0.234       0.279       0.324       0.333       0.350
    DEPRES16         0.074       0.113       0.133       0.237       0.341       0.361       0.400


STDY Standardization

                  Lower .5%  Lower 2.5%    Lower 5%    Estimate    Upper 5%  Upper 2.5%   Upper .5%

Group NOURGESURF

 I        |
    DEPRES0          0.697       0.731       0.748       0.839       0.929       0.946       0.980
    DEPRES4          0.671       0.705       0.722       0.811       0.901       0.918       0.951
    DEPRES8          0.638       0.679       0.700       0.810       0.920       0.941       0.982
    DEPRES12         0.585       0.624       0.644       0.747       0.850       0.870       0.909
    DEPRES16         0.591       0.630       0.650       0.754       0.859       0.879       0.918

 S        |
    DEPRES0          0.000       0.000       0.000       0.000       0.000       0.000       0.000
    DEPRES4          0.195       0.250       0.278       0.425       0.572       0.601       0.656
    DEPRES8          0.378       0.491       0.549       0.849       1.150       1.208       1.320
    DEPRES12         0.532       0.686       0.764       1.175       1.585       1.664       1.818
    DEPRES16         0.687       0.901       1.010       1.582       2.154       2.263       2.477

 Q        |
    DEPRES0          0.000       0.000       0.000       0.000       0.000       0.000       0.000
    DEPRES4          0.017       0.032       0.040       0.079       0.119       0.126       0.141
    DEPRES8          0.065       0.125       0.156       0.316       0.476       0.507       0.567
    DEPRES12         0.148       0.269       0.331       0.655       0.980       1.042       1.163
    DEPRES16         0.229       0.455       0.571       1.177       1.782       1.898       2.125

 S        WITH
    I               -0.670      -0.553      -0.493      -0.181       0.131       0.191       0.308

 Q        WITH
    I               -0.488      -0.350      -0.279       0.089       0.457       0.527       0.665
    S               -1.048      -1.014      -0.997      -0.908      -0.818      -0.801      -0.768

 Means
    I                0.960       1.032       1.069       1.262       1.455       1.492       1.564
    S               -0.684      -0.605      -0.564      -0.351      -0.137      -0.097      -0.017
    Q               -0.088       0.014       0.067       0.341       0.616       0.668       0.771

 Intercepts
    DEPRES0          0.000       0.000       0.000       0.000       0.000       0.000       0.000
    DEPRES4          0.000       0.000       0.000       0.000       0.000       0.000       0.000
    DEPRES8          0.000       0.000       0.000       0.000       0.000       0.000       0.000
    DEPRES12         0.000       0.000       0.000       0.000       0.000       0.000       0.000
    DEPRES16         0.000       0.000       0.000       0.000       0.000       0.000       0.000

 Variances
    I                1.000       1.000       1.000       1.000       1.000       1.000       1.000
    S                1.000       1.000       1.000       1.000       1.000       1.000       1.000
    Q                1.000       1.000       1.000       1.000       1.000       1.000       1.000

 Residual Variances
    DEPRES0          0.059       0.116       0.145       0.296       0.448       0.477       0.534
    DEPRES4          0.233       0.256       0.268       0.329       0.391       0.403       0.426
    DEPRES8          0.120       0.142       0.154       0.214       0.273       0.285       0.307
    DEPRES12         0.170       0.192       0.203       0.261       0.320       0.331       0.353
    DEPRES16        -0.020       0.032       0.058       0.198       0.337       0.364       0.416

Group YESURGESURF

 I        |
    DEPRES0          0.640       0.668       0.683       0.758       0.834       0.848       0.877
    DEPRES4          0.663       0.693       0.709       0.790       0.872       0.887       0.918
    DEPRES8          0.654       0.690       0.709       0.806       0.903       0.921       0.958
    DEPRES12         0.643       0.680       0.699       0.797       0.896       0.915       0.952
    DEPRES16         0.686       0.725       0.745       0.850       0.955       0.975       1.014

 S        |
    DEPRES0          0.000       0.000       0.000       0.000       0.000       0.000       0.000
    DEPRES4          0.143       0.194       0.220       0.356       0.491       0.517       0.568
    DEPRES8          0.285       0.391       0.444       0.725       1.006       1.060       1.165
    DEPRES12         0.431       0.585       0.664       1.077       1.489       1.568       1.722
    DEPRES16         0.592       0.816       0.931       1.530       2.128       2.243       2.467

 Q        |
    DEPRES0          0.000       0.000       0.000       0.000       0.000       0.000       0.000
    DEPRES4          0.007       0.020       0.027       0.063       0.099       0.106       0.120
    DEPRES8          0.025       0.081       0.109       0.258       0.406       0.435       0.490
    DEPRES12         0.063       0.185       0.248       0.574       0.900       0.962       1.084
    DEPRES16         0.096       0.333       0.454       1.087       1.720       1.842       2.079

 S        WITH
    I               -0.632      -0.512      -0.451      -0.130       0.191       0.253       0.373

 Q        WITH
    I               -0.728      -0.568      -0.486      -0.056       0.373       0.455       0.615
    S               -1.052      -1.019      -1.002      -0.914      -0.826      -0.809      -0.776

 Means
    I                1.040       1.108       1.143       1.325       1.507       1.542       1.610
    S               -0.680      -0.601      -0.561      -0.350      -0.139      -0.099      -0.020
    Q               -0.148      -0.054      -0.006       0.244       0.495       0.543       0.637

 Intercepts
    DEPRES0          0.000       0.000       0.000       0.000       0.000       0.000       0.000
    DEPRES4          0.000       0.000       0.000       0.000       0.000       0.000       0.000
    DEPRES8          0.000       0.000       0.000       0.000       0.000       0.000       0.000
    DEPRES12         0.000       0.000       0.000       0.000       0.000       0.000       0.000
    DEPRES16         0.000       0.000       0.000       0.000       0.000       0.000       0.000

 Variances
    I                1.000       1.000       1.000       1.000       1.000       1.000       1.000
    S                1.000       1.000       1.000       1.000       1.000       1.000       1.000
    Q                1.000       1.000       1.000       1.000       1.000       1.000       1.000

 Residual Variances
    DEPRES0          0.246       0.288       0.310       0.425       0.540       0.562       0.605
    DEPRES4          0.289       0.307       0.316       0.365       0.413       0.422       0.441
    DEPRES8          0.199       0.217       0.226       0.275       0.323       0.333       0.351
    DEPRES12         0.209       0.226       0.234       0.279       0.324       0.333       0.350
    DEPRES16         0.074       0.113       0.133       0.237       0.341       0.361       0.400


STD Standardization

                  Lower .5%  Lower 2.5%    Lower 5%    Estimate    Upper 5%  Upper 2.5%   Upper .5%

Group NOURGESURF

 I        |
    DEPRES0          2.811       2.980       3.066       3.517       3.967       4.054       4.222
    DEPRES4          2.811       2.980       3.066       3.517       3.967       4.054       4.222
    DEPRES8          2.811       2.980       3.066       3.517       3.967       4.054       4.222
    DEPRES12         2.811       2.980       3.066       3.517       3.967       4.054       4.222
    DEPRES16         2.811       2.980       3.066       3.517       3.967       4.054       4.222

 S        |
    DEPRES0          0.000       0.000       0.000       0.000       0.000       0.000       0.000
    DEPRES4          0.827       1.070       1.194       1.844       2.493       2.617       2.860
    DEPRES8          1.653       2.140       2.388       3.687       4.986       5.235       5.721
    DEPRES12         2.480       3.209       3.582       5.531       7.479       7.852       8.581
    DEPRES16         3.307       4.279       4.777       7.374       9.972      10.469      11.442

 Q        |
    DEPRES0          0.000       0.000       0.000       0.000       0.000       0.000       0.000
    DEPRES4          0.072       0.137       0.170       0.343       0.516       0.549       0.614
    DEPRES8          0.288       0.547       0.679       1.371       2.063       2.196       2.455
    DEPRES12         0.648       1.231       1.529       3.086       4.643       4.941       5.524
    DEPRES16         1.152       2.188       2.718       5.486       8.253       8.783       9.820

 S        WITH
    I               -0.670      -0.553      -0.493      -0.181       0.131       0.191       0.308

 Q        WITH
    I               -0.488      -0.350      -0.279       0.089       0.457       0.527       0.665
    S               -1.048      -1.014      -0.997      -0.908      -0.818      -0.801      -0.768

 Means
    I                0.960       1.032       1.069       1.262       1.455       1.492       1.564
    S               -0.684      -0.605      -0.564      -0.351      -0.137      -0.097      -0.017
    Q               -0.088       0.014       0.067       0.341       0.616       0.668       0.771

 Intercepts
    DEPRES0          0.000       0.000       0.000       0.000       0.000       0.000       0.000
    DEPRES4          0.000       0.000       0.000       0.000       0.000       0.000       0.000
    DEPRES8          0.000       0.000       0.000       0.000       0.000       0.000       0.000
    DEPRES12         0.000       0.000       0.000       0.000       0.000       0.000       0.000
    DEPRES16         0.000       0.000       0.000       0.000       0.000       0.000       0.000

 Variances
    I                1.000       1.000       1.000       1.000       1.000       1.000       1.000
    S                1.000       1.000       1.000       1.000       1.000       1.000       1.000
    Q                1.000       1.000       1.000       1.000       1.000       1.000       1.000

 Residual Variances
    DEPRES0          0.977       1.989       2.507       5.212       7.917       8.435       9.448
    DEPRES4          4.134       4.626       4.877       6.191       7.504       7.756       8.248
    DEPRES8          2.252       2.677       2.894       4.028       5.163       5.380       5.805
    DEPRES12         3.537       4.077       4.352       5.792       7.232       7.508       8.047
    DEPRES16        -0.441       0.692       1.272       4.299       7.326       7.906       9.039

Group YESURGESURF

 I        |
    DEPRES0          2.531       2.671       2.742       3.115       3.488       3.559       3.699
    DEPRES4          2.531       2.671       2.742       3.115       3.488       3.559       3.699
    DEPRES8          2.531       2.671       2.742       3.115       3.488       3.559       3.699
    DEPRES12         2.531       2.671       2.742       3.115       3.488       3.559       3.699
    DEPRES16         2.531       2.671       2.742       3.115       3.488       3.559       3.699

 S        |
    DEPRES0          0.000       0.000       0.000       0.000       0.000       0.000       0.000
    DEPRES4          0.555       0.757       0.861       1.402       1.943       2.046       2.249
    DEPRES8          1.109       1.514       1.722       2.803       3.885       4.092       4.497
    DEPRES12         1.664       2.272       2.582       4.205       5.828       6.138       6.746
    DEPRES16         2.219       3.029       3.443       5.607       7.770       8.185       8.994

 Q        |
    DEPRES0          0.000       0.000       0.000       0.000       0.000       0.000       0.000
    DEPRES4          0.025       0.078       0.106       0.249       0.392       0.420       0.473
    DEPRES8          0.099       0.314       0.423       0.996       1.569       1.679       1.893
    DEPRES12         0.223       0.706       0.953       2.242       3.530       3.777       4.260
    DEPRES16         0.397       1.255       1.694       3.985       6.276       6.715       7.573

 S        WITH
    I               -0.632      -0.512      -0.451      -0.130       0.191       0.253       0.373

 Q        WITH
    I               -0.728      -0.568      -0.486      -0.056       0.373       0.455       0.615
    S               -1.052      -1.019      -1.002      -0.914      -0.826      -0.809      -0.776

 Means
    I                1.040       1.108       1.143       1.325       1.507       1.542       1.610
    S               -0.680      -0.601      -0.561      -0.350      -0.139      -0.099      -0.020
    Q               -0.148      -0.054      -0.006       0.244       0.495       0.543       0.637

 Intercepts
    DEPRES0          0.000       0.000       0.000       0.000       0.000       0.000       0.000
    DEPRES4          0.000       0.000       0.000       0.000       0.000       0.000       0.000
    DEPRES8          0.000       0.000       0.000       0.000       0.000       0.000       0.000
    DEPRES12         0.000       0.000       0.000       0.000       0.000       0.000       0.000
    DEPRES16         0.000       0.000       0.000       0.000       0.000       0.000       0.000

 Variances
    I                1.000       1.000       1.000       1.000       1.000       1.000       1.000
    S                1.000       1.000       1.000       1.000       1.000       1.000       1.000
    Q                1.000       1.000       1.000       1.000       1.000       1.000       1.000

 Residual Variances
    DEPRES0          4.051       4.798       5.180       7.176       9.173       9.555      10.302
    DEPRES4          4.311       4.634       4.800       5.664       6.528       6.694       7.017
    DEPRES8          2.959       3.234       3.374       4.107       4.839       4.980       5.254
    DEPRES12         3.091       3.370       3.513       4.259       5.005       5.148       5.427
    DEPRES16         0.977       1.505       1.775       3.185       4.594       4.864       5.392


MODEL MODIFICATION INDICES

NOTE:  Modification indices for direct effects of observed dependent variables
regressed on covariates may not be included.  To include these, request
MODINDICES (ALL).

Minimum M.I. value for printing the modification index    10.000

                                   M.I.     E.P.C.  Std E.P.C.  StdYX E.P.C.
Group NOURGESURF


No modification indices above the minimum value.

Group YESURGESURF


Means/Intercepts/Thresholds

[ DEPRES16 ]                      11.679    -1.099     -1.099       -0.300



TECHNICAL 1 OUTPUT


     PARAMETER SPECIFICATION FOR NOURGESURF


           NU
              DEPRES0       DEPRES4       DEPRES8       DEPRES12      DEPRES16
              ________      ________      ________      ________      ________
      1           0             0             0             0             0


           LAMBDA
              I             S             Q
              ________      ________      ________
 DEPRES0            0             0             0
 DEPRES4            0             0             0
 DEPRES8            0             0             0
 DEPRES12           0             0             0
 DEPRES16           0             0             0


           THETA
              DEPRES0       DEPRES4       DEPRES8       DEPRES12      DEPRES16
              ________      ________      ________      ________      ________
 DEPRES0            1
 DEPRES4            0             2
 DEPRES8            0             0             3
 DEPRES12           0             0             0             4
 DEPRES16           0             0             0             0             5


           ALPHA
              I             S             Q
              ________      ________      ________
      1           6             7             8


           BETA
              I             S             Q
              ________      ________      ________
 I                  0             0             0
 S                  0             0             0
 Q                  0             0             0


           PSI
              I             S             Q
              ________      ________      ________
 I                  9
 S                 10            11
 Q                 12            13            14


     PARAMETER SPECIFICATION FOR YESURGESURF


           NU
              DEPRES0       DEPRES4       DEPRES8       DEPRES12      DEPRES16
              ________      ________      ________      ________      ________
      1           0             0             0             0             0


           LAMBDA
              I             S             Q
              ________      ________      ________
 DEPRES0            0             0             0
 DEPRES4            0             0             0
 DEPRES8            0             0             0
 DEPRES12           0             0             0
 DEPRES16           0             0             0


           THETA
              DEPRES0       DEPRES4       DEPRES8       DEPRES12      DEPRES16
              ________      ________      ________      ________      ________
 DEPRES0           15
 DEPRES4            0            16
 DEPRES8            0             0            17
 DEPRES12           0             0             0            18
 DEPRES16           0             0             0             0            19


           ALPHA
              I             S             Q
              ________      ________      ________
      1          20            21            22


           BETA
              I             S             Q
              ________      ________      ________
 I                  0             0             0
 S                  0             0             0
 Q                  0             0             0


           PSI
              I             S             Q
              ________      ________      ________
 I                 23
 S                 24            25
 Q                 26            27            28


     STARTING VALUES FOR NOURGESURF


           NU
              DEPRES0       DEPRES4       DEPRES8       DEPRES12      DEPRES16
              ________      ________      ________      ________      ________
      1         0.000         0.000         0.000         0.000         0.000


           LAMBDA
              I             S             Q
              ________      ________      ________
 DEPRES0        1.000         0.000         0.000
 DEPRES4        1.000         1.000         1.000
 DEPRES8        1.000         2.000         4.000
 DEPRES12       1.000         3.000         9.000
 DEPRES16       1.000         4.000        16.000


           THETA
              DEPRES0       DEPRES4       DEPRES8       DEPRES12      DEPRES16
              ________      ________      ________      ________      ________
 DEPRES0        8.768
 DEPRES4        0.000         8.770
 DEPRES8        0.000         0.000         9.107
 DEPRES12       0.000         0.000         0.000        10.154
 DEPRES16       0.000         0.000         0.000         0.000        10.710


           ALPHA
              I             S             Q
              ________      ________      ________
      1         4.587        -0.939         0.208


           BETA
              I             S             Q
              ________      ________      ________
 I              0.000         0.000         0.000
 S              0.000         0.000         0.000
 Q              0.000         0.000         0.000


           PSI
              I             S             Q
              ________      ________      ________
 I             17.616
 S              0.000        16.513
 Q              0.000         0.000         1.630


     STARTING VALUES FOR YESURGESURF


           NU
              DEPRES0       DEPRES4       DEPRES8       DEPRES12      DEPRES16
              ________      ________      ________      ________      ________
      1         0.000         0.000         0.000         0.000         0.000


           LAMBDA
              I             S             Q
              ________      ________      ________
 DEPRES0        1.000         0.000         0.000
 DEPRES4        1.000         1.000         1.000
 DEPRES8        1.000         2.000         4.000
 DEPRES12       1.000         3.000         9.000
 DEPRES16       1.000         4.000        16.000


           THETA
              DEPRES0       DEPRES4       DEPRES8       DEPRES12      DEPRES16
              ________      ________      ________      ________      ________
 DEPRES0        8.768
 DEPRES4        0.000         8.770
 DEPRES8        0.000         0.000         9.107
 DEPRES12       0.000         0.000         0.000        10.154
 DEPRES16       0.000         0.000         0.000         0.000        10.710


           ALPHA
              I             S             Q
              ________      ________      ________
      1         4.587        -0.939         0.208


           BETA
              I             S             Q
              ________      ________      ________
 I              0.000         0.000         0.000
 S              0.000         0.000         0.000
 Q              0.000         0.000         0.000


           PSI
              I             S             Q
              ________      ________      ________
 I             17.616
 S              0.000        16.513
 Q              0.000         0.000         1.630


TECHNICAL 4 OUTPUT


     ESTIMATES DERIVED FROM THE MODEL FOR NOURGESURF


           ESTIMATED MEANS FOR THE LATENT VARIABLES
              I             S             Q
              ________      ________      ________
      1         4.437        -0.646         0.117


           S.E. FOR ESTIMATED MEANS FOR THE LATENT VARIABLES
              I             S             Q
              ________      ________      ________
      1         0.225         0.195         0.044


           EST./S.E. FOR ESTIMATED MEANS FOR THE LATENT VARIABLES
              I             S             Q
              ________      ________      ________
      1        19.738        -3.311         2.646


           TWO-TAILED P-VALUE FOR ESTIMATED MEANS FOR THE LATENT VARIABLES
              I             S             Q
              ________      ________      ________
      1         0.000         0.001         0.008


           ESTIMATED COVARIANCE MATRIX FOR THE LATENT VARIABLES
              I             S             Q
              ________      ________      ________
 I             12.368
 S             -1.175         3.399
 Q              0.107        -0.574         0.118


           S.E. FOR ESTIMATED COVARIANCE MATRIX FOR THE LATENT VARIABLES
              I             S             Q
              ________      ________      ________
 I              1.926
 S              1.488         1.456
 Q              0.292         0.303         0.072


           EST./S.E. FOR ESTIMATED COVARIANCE MATRIX FOR THE LATENT VARIABLES
              I             S             Q
              ________      ________      ________
 I              6.421
 S             -0.789         2.335
 Q              0.367        -1.891         1.630


           TWO-TAILED P-VALUE FOR ESTIMATED COVARIANCE MATRIX FOR THE LATENT VARIABLES
              I             S             Q
              ________      ________      ________
 I              0.000
 S              0.430         0.020
 Q              0.714         0.059         0.103


           ESTIMATED CORRELATION MATRIX FOR THE LATENT VARIABLES
              I             S             Q
              ________      ________      ________
 I              1.000
 S             -0.181         1.000
 Q              0.089        -0.908         1.000


           S.E. FOR ESTIMATED CORRELATION MATRIX FOR THE LATENT VARIABLES
              I             S             Q
              ________      ________      ________
 I              0.000
 S              0.190         0.000
 Q              0.224         0.054         0.000


           EST./S.E. FOR ESTIMATED CORRELATION MATRIX FOR THE LATENT VARIABLES
              I             S             Q
              ________      ________      ________
 I            999.000
 S             -0.954       999.000
 Q              0.397       -16.680       999.000


           TWO-TAILED P-VALUE FOR ESTIMATED CORRELATION MATRIX FOR THE LATENT VARIABLES
              I             S             Q
              ________      ________      ________
 I              0.000
 S              0.340         0.000
 Q              0.692         0.000         0.000


     ESTIMATES DERIVED FROM THE MODEL FOR YESURGESURF


           ESTIMATED MEANS FOR THE LATENT VARIABLES
              I             S             Q
              ________      ________      ________
      1         4.128        -0.491         0.061


           S.E. FOR ESTIMATED MEANS FOR THE LATENT VARIABLES
              I             S             Q
              ________      ________      ________
      1         0.193         0.146         0.032


           EST./S.E. FOR ESTIMATED MEANS FOR THE LATENT VARIABLES
              I             S             Q
              ________      ________      ________
      1        21.354        -3.357         1.929


           TWO-TAILED P-VALUE FOR ESTIMATED MEANS FOR THE LATENT VARIABLES
              I             S             Q
              ________      ________      ________
      1         0.000         0.001         0.054


           ESTIMATED COVARIANCE MATRIX FOR THE LATENT VARIABLES
              I             S             Q
              ________      ________      ________
 I              9.703
 S             -0.566         1.965
 Q             -0.044        -0.319         0.062


           S.E. FOR ESTIMATED COVARIANCE MATRIX FOR THE LATENT VARIABLES
              I             S             Q
              ________      ________      ________
 I              1.412
 S              0.988         0.922
 Q              0.190         0.190         0.043


           EST./S.E. FOR ESTIMATED COVARIANCE MATRIX FOR THE LATENT VARIABLES
              I             S             Q
              ________      ________      ________
 I              6.873
 S             -0.573         2.131
 Q             -0.230        -1.678         1.430


           TWO-TAILED P-VALUE FOR ESTIMATED COVARIANCE MATRIX FOR THE LATENT VARIABLES
              I             S             Q
              ________      ________      ________
 I              0.000
 S              0.567         0.033
 Q              0.818         0.093         0.153


           ESTIMATED CORRELATION MATRIX FOR THE LATENT VARIABLES
              I             S             Q
              ________      ________      ________
 I              1.000
 S             -0.130         1.000
 Q             -0.056        -0.914         1.000


           S.E. FOR ESTIMATED CORRELATION MATRIX FOR THE LATENT VARIABLES
              I             S             Q
              ________      ________      ________
 I              0.000
 S              0.195         0.000
 Q              0.261         0.054         0.000


           EST./S.E. FOR ESTIMATED CORRELATION MATRIX FOR THE LATENT VARIABLES
              I             S             Q
              ________      ________      ________
 I            999.000
 S             -0.664       999.000
 Q             -0.216       -17.067       999.000


           TWO-TAILED P-VALUE FOR ESTIMATED CORRELATION MATRIX FOR THE LATENT VARIABLES
              I             S             Q
              ________      ________      ________
 I              0.000
 S              0.506         0.000
 Q              0.829         0.000         0.000


SAMPLE STATISTICS FOR ESTIMATED FACTOR SCORES


     SAMPLE STATISTICS


           Means
              I             I_SE          S             S_SE          Q
              ________      ________      ________      ________      ________
 1              4.265         1.606        -0.560         1.265         0.086


           Means
              Q_SE
              ________
 1              0.249


           Covariances
              I             I_SE          S             S_SE          Q
              ________      ________      ________      ________      ________
 I              8.312
 I_SE           0.008         0.012
 S              0.321         0.000         0.955
 S_SE           0.018         0.020        -0.011         0.050
 Q             -0.125         0.001        -0.137         0.005         0.023
 Q_SE           0.006         0.004        -0.003         0.010         0.001


           Covariances
              Q_SE
              ________
 Q_SE           0.002


           Correlations
              I             I_SE          S             S_SE          Q
              ________      ________      ________      ________      ________
 I              1.000
 I_SE           0.026         1.000
 S              0.114        -0.002         1.000
 S_SE           0.028         0.795        -0.050         1.000
 Q             -0.284         0.059        -0.917         0.143         1.000
 Q_SE           0.042         0.699        -0.061         0.961         0.164


           Correlations
              Q_SE
              ________
 Q_SE           1.000


PLOT INFORMATION

The following plots are available:

  Histograms (sample values, estimated factor scores, estimated values, residuals)
  Scatterplots (sample values, estimated factor scores, estimated values, residuals)
  Sample means
  Estimated means
  Sample and estimated means
  Latent variable distribution plots
  Observed individual values
  Estimated individual values

DIAGRAM INFORMATION

  Use View Diagram under the Diagram menu in the Mplus Editor to view the diagram.
  If running Mplus from the Mplus Diagrammer, the diagram opens automatically.

  Diagram output
    c:\users\laptop\dropbox\teaching\psyc 650 sem\data and examples\latent growth curve\lgc of depre

     Beginning Time:  15:36:48
        Ending Time:  15:36:48
       Elapsed Time:  00:00:00



MUTHEN & MUTHEN
3463 Stoner Ave.
Los Angeles, CA  90066

Tel: (310) 391-9971
Fax: (310) 391-8971
Web: www.StatModel.com
Support: Support@StatModel.com

Copyright (c) 1998-2014 Muthen & Muthen
