Mplus VERSION 7.4 (Mac)
MUTHEN & MUTHEN
03/27/2017  12:55 PM

INPUT INSTRUCTIONS

      TITLE:  6.11.10 RREP PDA GMM class 3

      DATA:   FILE is 6.11.10 Core1 Drinking only.dat;

      VARIABLE:   NAMES ARE ID pdafm1 pdafm2 pdafm3
       pdafm4 pdafm5 pdafm6 pdafm7 pdafm8 pdafm9 pdafm10
      pdafm11 pdafm12 dddfm1 dddfm2 dddfm3 dddfm4 dddfm5
      dddfm6 dddfm7 dddfm8 dddfm9 dddfm10 dddfm11
      dddfm12 dpdfm1 dpdfm2 dpdfm3 dpdfm4 dpdfm5 dpdfm6
       dpdfm7 dpdfm8 dpdfm9 dpdfm10 dpdfm11 dpdfm12
      phvfm1 phvfm2 phvfm3 phvfm4 phvfm5 phvfm6 phvfm7
       phvfm8 phvfm9 phvfm10 phvfm11 phvfm12 mxdfm1
      mxdfm2 mxdfm3 mxdfm4 mxdfm5 mxdfm6 mxdfm7 mxdfm8
      mxdfm9 mxdfm10 mxdfm11 mxdfm12 mxbfm1 mxbfm2
      mxbfm3 mxbfm4 mxbfm5 mxbfm6 mxbfm7 mxbfm8 mxbfm9
      mxbfm10 mxbfm11 mxbfm12 avbfm1 avbfm2 avbfm3
      avbfm4 avbfm5 avbfm6 avbfm7 avbfm8 avbfm9 avbfm10
      avbfm11 avbfm12 ba1fm1 ba1fm2 ba1fm3 ba1fm4
      ba1fm5 ba1fm6 ba1fm7 ba1fm8 ba1fm9 ba1fm10 ba1fm11
      ba1fm12 cabfm1 cabfm2 cabfm3 cabfm4 cabfm5
      cabfm6 cabfm7 cabfm8 cabfm9 cabfm10 cabfm11 cabfm12;

                  MISSING = ALL (-999);

                  USEVARIABLES ARE pdafm1 pdafm2
                  pdafm3 pdafm4 pdafm5 pdafm6
                  pdafm7 pdafm8 pdafm9 pdafm10
                  pdafm11 pdafm12;

                  CLASSES = cd (3);

      ANALYSIS:   TYPE = MIXTURE;
                  STARTS = 50 10;


      MODEL: %OVERALL%
              i s q | pdafm1@0 pdafm2@1 pdafm3@2 pdafm4@3
              pdafm5@4 pdafm6@5 pdafm7@6 pdafm8@7 pdafm9@8
              pdafm10@9 pdafm11@10 pdafm12@11;


      PLOT: SERIES = pdafm1 pdafm2
                  pdafm3 pdafm4 pdafm5 pdafm6
                  pdafm7 pdafm8 pdafm9 pdafm10
                  pdafm11 pdafm12 (s);
              SERIES = pdafm1 pdafm2
                  pdafm3 pdafm4 pdafm5 pdafm6
                  pdafm7 pdafm8 pdafm9 pdafm10
                  pdafm11 pdafm12 (q);
                  TYPE = PLOT3;

      OUTPUT: TECH4 TECH7 TECH14;







*** WARNING
  Data set contains cases with missing on all variables.
  These cases were not included in the analysis.
  Number of cases with missing on all variables:  14
   1 WARNING(S) FOUND IN THE INPUT INSTRUCTIONS



6.11.10 RREP PDA GMM class 3

SUMMARY OF ANALYSIS

Number of groups                                                 1
Number of observations                                         549

Number of dependent variables                                   12
Number of independent variables                                  0
Number of continuous latent variables                            3
Number of categorical latent variables                           1

Observed dependent variables

  Continuous
   PDAFM1      PDAFM2      PDAFM3      PDAFM4      PDAFM5      PDAFM6
   PDAFM7      PDAFM8      PDAFM9      PDAFM10     PDAFM11     PDAFM12

Continuous latent variables
   I           S           Q

Categorical latent variables
   CD


Estimator                                                      MLR
Information matrix                                        OBSERVED
Optimization Specifications for the Quasi-Newton Algorithm for
Continuous Outcomes
  Maximum number of iterations                                 100
  Convergence criterion                                  0.100D-05
Optimization Specifications for the EM Algorithm
  Maximum number of iterations                                 500
  Convergence criteria
    Loglikelihood change                                 0.100D-06
    Relative loglikelihood change                        0.100D-06
    Derivative                                           0.100D-05
Optimization Specifications for the M step of the EM Algorithm for
Categorical Latent variables
  Number of M step iterations                                    1
  M step convergence criterion                           0.100D-05
  Basis for M step termination                           ITERATION
Optimization Specifications for the M step of the EM Algorithm for
Censored, Binary or Ordered Categorical (Ordinal), Unordered
Categorical (Nominal) and Count Outcomes
  Number of M step iterations                                    1
  M step convergence criterion                           0.100D-05
  Basis for M step termination                           ITERATION
  Maximum value for logit thresholds                            15
  Minimum value for logit thresholds                           -15
  Minimum expected cell size for chi-square              0.100D-01
Maximum number of iterations for H1                           2000
Convergence criterion for H1                             0.100D-03
Optimization algorithm                                         EMA
Random Starts Specifications
  Number of initial stage random starts                         50
  Number of final stage optimizations                           10
  Number of initial stage iterations                            10
  Initial stage convergence criterion                    0.100D+01
  Random starts scale                                    0.500D+01
  Random seed for generating random starts                       0

Input data file(s)
  6.11.10 Core1 Drinking only.dat
Input data format  FREE


SUMMARY OF DATA

     Number of missing data patterns            15
     Number of y missing data patterns          15
     Number of u missing data patterns           0


COVARIANCE COVERAGE OF DATA

Minimum covariance coverage value   0.100


     PROPORTION OF DATA PRESENT FOR Y


           Covariance Coverage
              PDAFM1        PDAFM2        PDAFM3        PDAFM4        PDAFM5
              ________      ________      ________      ________      ________
 PDAFM1         1.000
 PDAFM2         0.998         0.998
 PDAFM3         0.993         0.993         0.993
 PDAFM4         0.989         0.987         0.987         0.989
 PDAFM5         0.962         0.960         0.960         0.962         0.962
 PDAFM6         0.956         0.954         0.954         0.956         0.956
 PDAFM7         0.944         0.942         0.942         0.942         0.940
 PDAFM8         0.940         0.938         0.938         0.938         0.938
 PDAFM9         0.933         0.931         0.931         0.931         0.931
 PDAFM10        0.925         0.923         0.923         0.923         0.923
 PDAFM11        0.907         0.905         0.905         0.905         0.903
 PDAFM12        0.898         0.896         0.896         0.896         0.894


           Covariance Coverage
              PDAFM6        PDAFM7        PDAFM8        PDAFM9        PDAFM10
              ________      ________      ________      ________      ________
 PDAFM6         0.956
 PDAFM7         0.940         0.944
 PDAFM8         0.938         0.940         0.940
 PDAFM9         0.931         0.933         0.933         0.933
 PDAFM10        0.923         0.925         0.925         0.925         0.925
 PDAFM11        0.903         0.905         0.905         0.905         0.905
 PDAFM12        0.894         0.896         0.896         0.896         0.896


           Covariance Coverage
              PDAFM11       PDAFM12
              ________      ________
 PDAFM11        0.907
 PDAFM12        0.898         0.898


RANDOM STARTS RESULTS RANKED FROM THE BEST TO THE WORST LOGLIKELIHOOD VALUES

Final stage loglikelihood values at local maxima, seeds, and initial stage start numbers:

          -26840.687  568859           49
          -26840.687  761633           50
          -26840.687  207896           25
          -26840.687  392418           28
          -26936.715  153942           31
          -26943.492  370466           41
          -26943.492  407168           44
          -26959.514  120506           45
          -26959.514  569131           26
          -26959.514  848163           47



THE BEST LOGLIKELIHOOD VALUE HAS BEEN REPLICATED.  RERUN WITH AT LEAST TWICE THE
RANDOM STARTS TO CHECK THAT THE BEST LOGLIKELIHOOD IS STILL OBTAINED AND REPLICATED.


THE MODEL ESTIMATION TERMINATED NORMALLY

     WARNING:  THE RESIDUAL COVARIANCE MATRIX (THETA) IN CLASS 1 IS NOT
     POSITIVE DEFINITE.  THIS COULD INDICATE A NEGATIVE VARIANCE/RESIDUAL
     VARIANCE FOR AN OBSERVED VARIABLE, A CORRELATION GREATER OR EQUAL TO ONE
     BETWEEN TWO OBSERVED VARIABLES, OR A LINEAR DEPENDENCY AMONG MORE THAN TWO
     OBSERVED VARIABLES.  CHECK THE RESULTS SECTION FOR MORE INFORMATION.
     PROBLEM INVOLVING VARIABLE PDAFM1.


     WARNING:  THE RESIDUAL COVARIANCE MATRIX (THETA) IN CLASS 2 IS NOT
     POSITIVE DEFINITE.  THIS COULD INDICATE A NEGATIVE VARIANCE/RESIDUAL
     VARIANCE FOR AN OBSERVED VARIABLE, A CORRELATION GREATER OR EQUAL TO ONE
     BETWEEN TWO OBSERVED VARIABLES, OR A LINEAR DEPENDENCY AMONG MORE THAN TWO
     OBSERVED VARIABLES.  CHECK THE RESULTS SECTION FOR MORE INFORMATION.
     PROBLEM INVOLVING VARIABLE PDAFM1.


     WARNING:  THE RESIDUAL COVARIANCE MATRIX (THETA) IN CLASS 3 IS NOT
     POSITIVE DEFINITE.  THIS COULD INDICATE A NEGATIVE VARIANCE/RESIDUAL
     VARIANCE FOR AN OBSERVED VARIABLE, A CORRELATION GREATER OR EQUAL TO ONE
     BETWEEN TWO OBSERVED VARIABLES, OR A LINEAR DEPENDENCY AMONG MORE THAN TWO
     OBSERVED VARIABLES.  CHECK THE RESULTS SECTION FOR MORE INFORMATION.
     PROBLEM INVOLVING VARIABLE PDAFM1.




MODEL FIT INFORMATION

Number of Free Parameters                       29

Loglikelihood

          H0 Value                      -26840.687
          H0 Scaling Correction Factor      2.8054
            for MLR

Information Criteria

          Akaike (AIC)                   53739.374
          Bayesian (BIC)                 53864.309
          Sample-Size Adjusted BIC       53772.251
            (n* = (n + 2) / 24)



FINAL CLASS COUNTS AND PROPORTIONS FOR THE LATENT CLASSES
BASED ON THE ESTIMATED MODEL

    Latent
   Classes

       1        483.25806          0.88025
       2         43.75678          0.07970
       3         21.98516          0.04005


FINAL CLASS COUNTS AND PROPORTIONS FOR THE LATENT CLASSES
BASED ON ESTIMATED POSTERIOR PROBABILITIES

    Latent
   Classes

       1        483.25806          0.88025
       2         43.75678          0.07970
       3         21.98516          0.04005


FINAL CLASS COUNTS AND PROPORTIONS FOR THE LATENT CLASSES
BASED ON THEIR MOST LIKELY LATENT CLASS MEMBERSHIP

Class Counts and Proportions

    Latent
   Classes

       1              483          0.87978
       2               44          0.08015
       3               22          0.04007


CLASSIFICATION QUALITY

     Entropy                         0.995


Average Latent Class Probabilities for Most Likely Latent Class Membership (Row)
by Latent Class (Column)

           1        2        3

    1   0.999    0.001    0.000
    2   0.013    0.987    0.000
    3   0.000    0.001    0.999


Classification Probabilities for the Most Likely Latent Class Membership (Column)
by Latent Class (Row)

           1        2        3

    1   0.999    0.001    0.000
    2   0.008    0.992    0.000
    3   0.000    0.000    1.000


Logits for the Classification Probabilities for the Most Likely Latent Class Membership (Column)
by Latent Class (Row)

              1        2        3

    1     13.814    7.110    0.000
    2      3.043    7.911    0.000
    3    -13.815   -9.924    0.000


MODEL RESULTS

                                                    Two-Tailed
                    Estimate       S.E.  Est./S.E.    P-Value

Latent Class 1

 I        |
    PDAFM1             1.000      0.000    999.000    999.000
    PDAFM2             1.000      0.000    999.000    999.000
    PDAFM3             1.000      0.000    999.000    999.000
    PDAFM4             1.000      0.000    999.000    999.000
    PDAFM5             1.000      0.000    999.000    999.000
    PDAFM6             1.000      0.000    999.000    999.000
    PDAFM7             1.000      0.000    999.000    999.000
    PDAFM8             1.000      0.000    999.000    999.000
    PDAFM9             1.000      0.000    999.000    999.000
    PDAFM10            1.000      0.000    999.000    999.000
    PDAFM11            1.000      0.000    999.000    999.000
    PDAFM12            1.000      0.000    999.000    999.000

 S        |
    PDAFM1             0.000      0.000    999.000    999.000
    PDAFM2             1.000      0.000    999.000    999.000
    PDAFM3             2.000      0.000    999.000    999.000
    PDAFM4             3.000      0.000    999.000    999.000
    PDAFM5             4.000      0.000    999.000    999.000
    PDAFM6             5.000      0.000    999.000    999.000
    PDAFM7             6.000      0.000    999.000    999.000
    PDAFM8             7.000      0.000    999.000    999.000
    PDAFM9             8.000      0.000    999.000    999.000
    PDAFM10            9.000      0.000    999.000    999.000
    PDAFM11           10.000      0.000    999.000    999.000
    PDAFM12           11.000      0.000    999.000    999.000

 Q        |
    PDAFM1             0.000      0.000    999.000    999.000
    PDAFM2             1.000      0.000    999.000    999.000
    PDAFM3             4.000      0.000    999.000    999.000
    PDAFM4             9.000      0.000    999.000    999.000
    PDAFM5            16.000      0.000    999.000    999.000
    PDAFM6            25.000      0.000    999.000    999.000
    PDAFM7            36.000      0.000    999.000    999.000
    PDAFM8            49.000      0.000    999.000    999.000
    PDAFM9            64.000      0.000    999.000    999.000
    PDAFM10           81.000      0.000    999.000    999.000
    PDAFM11          100.000      0.000    999.000    999.000
    PDAFM12          121.000      0.000    999.000    999.000

 S        WITH
    I                 -3.938      2.643     -1.490      0.136

 Q        WITH
    I                  0.364      0.264      1.377      0.168
    S                 -4.640      0.555     -8.366      0.000

 Means
    I                 98.434      0.205    480.464      0.000
    S                 -3.720      0.363    -10.248      0.000
    Q                  0.238      0.032      7.366      0.000

 Intercepts
    PDAFM1             0.000      0.000    999.000    999.000
    PDAFM2             0.000      0.000    999.000    999.000
    PDAFM3             0.000      0.000    999.000    999.000
    PDAFM4             0.000      0.000    999.000    999.000
    PDAFM5             0.000      0.000    999.000    999.000
    PDAFM6             0.000      0.000    999.000    999.000
    PDAFM7             0.000      0.000    999.000    999.000
    PDAFM8             0.000      0.000    999.000    999.000
    PDAFM9             0.000      0.000    999.000    999.000
    PDAFM10            0.000      0.000    999.000    999.000
    PDAFM11            0.000      0.000    999.000    999.000
    PDAFM12            0.000      0.000    999.000    999.000

 Variances
    I                 29.441      5.519      5.334      0.000
    S                 57.842      6.198      9.332      0.000
    Q                  0.417      0.054      7.795      0.000

 Residual Variances
    PDAFM1            -2.497      5.384     -0.464      0.643
    PDAFM2           248.204     36.173      6.862      0.000
    PDAFM3           268.995     35.134      7.656      0.000
    PDAFM4           304.706     42.031      7.250      0.000
    PDAFM5           222.908     34.197      6.518      0.000
    PDAFM6           233.642     35.504      6.581      0.000
    PDAFM7           266.660     39.713      6.715      0.000
    PDAFM8           297.770     41.674      7.145      0.000
    PDAFM9           210.925     31.633      6.668      0.000
    PDAFM10          196.337     31.584      6.216      0.000
    PDAFM11          111.822     22.516      4.966      0.000
    PDAFM12          225.614     44.959      5.018      0.000

Latent Class 2

 I        |
    PDAFM1             1.000      0.000    999.000    999.000
    PDAFM2             1.000      0.000    999.000    999.000
    PDAFM3             1.000      0.000    999.000    999.000
    PDAFM4             1.000      0.000    999.000    999.000
    PDAFM5             1.000      0.000    999.000    999.000
    PDAFM6             1.000      0.000    999.000    999.000
    PDAFM7             1.000      0.000    999.000    999.000
    PDAFM8             1.000      0.000    999.000    999.000
    PDAFM9             1.000      0.000    999.000    999.000
    PDAFM10            1.000      0.000    999.000    999.000
    PDAFM11            1.000      0.000    999.000    999.000
    PDAFM12            1.000      0.000    999.000    999.000

 S        |
    PDAFM1             0.000      0.000    999.000    999.000
    PDAFM2             1.000      0.000    999.000    999.000
    PDAFM3             2.000      0.000    999.000    999.000
    PDAFM4             3.000      0.000    999.000    999.000
    PDAFM5             4.000      0.000    999.000    999.000
    PDAFM6             5.000      0.000    999.000    999.000
    PDAFM7             6.000      0.000    999.000    999.000
    PDAFM8             7.000      0.000    999.000    999.000
    PDAFM9             8.000      0.000    999.000    999.000
    PDAFM10            9.000      0.000    999.000    999.000
    PDAFM11           10.000      0.000    999.000    999.000
    PDAFM12           11.000      0.000    999.000    999.000

 Q        |
    PDAFM1             0.000      0.000    999.000    999.000
    PDAFM2             1.000      0.000    999.000    999.000
    PDAFM3             4.000      0.000    999.000    999.000
    PDAFM4             9.000      0.000    999.000    999.000
    PDAFM5            16.000      0.000    999.000    999.000
    PDAFM6            25.000      0.000    999.000    999.000
    PDAFM7            36.000      0.000    999.000    999.000
    PDAFM8            49.000      0.000    999.000    999.000
    PDAFM9            64.000      0.000    999.000    999.000
    PDAFM10           81.000      0.000    999.000    999.000
    PDAFM11          100.000      0.000    999.000    999.000
    PDAFM12          121.000      0.000    999.000    999.000

 S        WITH
    I                 -3.938      2.643     -1.490      0.136

 Q        WITH
    I                  0.364      0.264      1.377      0.168
    S                 -4.640      0.555     -8.366      0.000

 Means
    I                 60.058      1.890     31.778      0.000
    S                 -0.270      1.608     -0.168      0.867
    Q                  0.134      0.145      0.924      0.356

 Intercepts
    PDAFM1             0.000      0.000    999.000    999.000
    PDAFM2             0.000      0.000    999.000    999.000
    PDAFM3             0.000      0.000    999.000    999.000
    PDAFM4             0.000      0.000    999.000    999.000
    PDAFM5             0.000      0.000    999.000    999.000
    PDAFM6             0.000      0.000    999.000    999.000
    PDAFM7             0.000      0.000    999.000    999.000
    PDAFM8             0.000      0.000    999.000    999.000
    PDAFM9             0.000      0.000    999.000    999.000
    PDAFM10            0.000      0.000    999.000    999.000
    PDAFM11            0.000      0.000    999.000    999.000
    PDAFM12            0.000      0.000    999.000    999.000

 Variances
    I                 29.441      5.519      5.334      0.000
    S                 57.842      6.198      9.332      0.000
    Q                  0.417      0.054      7.795      0.000

 Residual Variances
    PDAFM1            -2.497      5.384     -0.464      0.643
    PDAFM2           248.204     36.173      6.862      0.000
    PDAFM3           268.995     35.134      7.656      0.000
    PDAFM4           304.706     42.031      7.250      0.000
    PDAFM5           222.908     34.197      6.518      0.000
    PDAFM6           233.642     35.504      6.581      0.000
    PDAFM7           266.660     39.713      6.715      0.000
    PDAFM8           297.770     41.674      7.145      0.000
    PDAFM9           210.925     31.633      6.668      0.000
    PDAFM10          196.337     31.584      6.216      0.000
    PDAFM11          111.822     22.516      4.966      0.000
    PDAFM12          225.614     44.959      5.018      0.000

Latent Class 3

 I        |
    PDAFM1             1.000      0.000    999.000    999.000
    PDAFM2             1.000      0.000    999.000    999.000
    PDAFM3             1.000      0.000    999.000    999.000
    PDAFM4             1.000      0.000    999.000    999.000
    PDAFM5             1.000      0.000    999.000    999.000
    PDAFM6             1.000      0.000    999.000    999.000
    PDAFM7             1.000      0.000    999.000    999.000
    PDAFM8             1.000      0.000    999.000    999.000
    PDAFM9             1.000      0.000    999.000    999.000
    PDAFM10            1.000      0.000    999.000    999.000
    PDAFM11            1.000      0.000    999.000    999.000
    PDAFM12            1.000      0.000    999.000    999.000

 S        |
    PDAFM1             0.000      0.000    999.000    999.000
    PDAFM2             1.000      0.000    999.000    999.000
    PDAFM3             2.000      0.000    999.000    999.000
    PDAFM4             3.000      0.000    999.000    999.000
    PDAFM5             4.000      0.000    999.000    999.000
    PDAFM6             5.000      0.000    999.000    999.000
    PDAFM7             6.000      0.000    999.000    999.000
    PDAFM8             7.000      0.000    999.000    999.000
    PDAFM9             8.000      0.000    999.000    999.000
    PDAFM10            9.000      0.000    999.000    999.000
    PDAFM11           10.000      0.000    999.000    999.000
    PDAFM12           11.000      0.000    999.000    999.000

 Q        |
    PDAFM1             0.000      0.000    999.000    999.000
    PDAFM2             1.000      0.000    999.000    999.000
    PDAFM3             4.000      0.000    999.000    999.000
    PDAFM4             9.000      0.000    999.000    999.000
    PDAFM5            16.000      0.000    999.000    999.000
    PDAFM6            25.000      0.000    999.000    999.000
    PDAFM7            36.000      0.000    999.000    999.000
    PDAFM8            49.000      0.000    999.000    999.000
    PDAFM9            64.000      0.000    999.000    999.000
    PDAFM10           81.000      0.000    999.000    999.000
    PDAFM11          100.000      0.000    999.000    999.000
    PDAFM12          121.000      0.000    999.000    999.000

 S        WITH
    I                 -3.938      2.643     -1.490      0.136

 Q        WITH
    I                  0.364      0.264      1.377      0.168
    S                 -4.640      0.555     -8.366      0.000

 Means
    I                 13.143      2.417      5.438      0.000
    S                  8.270      2.473      3.344      0.001
    Q                 -0.485      0.238     -2.041      0.041

 Intercepts
    PDAFM1             0.000      0.000    999.000    999.000
    PDAFM2             0.000      0.000    999.000    999.000
    PDAFM3             0.000      0.000    999.000    999.000
    PDAFM4             0.000      0.000    999.000    999.000
    PDAFM5             0.000      0.000    999.000    999.000
    PDAFM6             0.000      0.000    999.000    999.000
    PDAFM7             0.000      0.000    999.000    999.000
    PDAFM8             0.000      0.000    999.000    999.000
    PDAFM9             0.000      0.000    999.000    999.000
    PDAFM10            0.000      0.000    999.000    999.000
    PDAFM11            0.000      0.000    999.000    999.000
    PDAFM12            0.000      0.000    999.000    999.000

 Variances
    I                 29.441      5.519      5.334      0.000
    S                 57.842      6.198      9.332      0.000
    Q                  0.417      0.054      7.795      0.000

 Residual Variances
    PDAFM1            -2.497      5.384     -0.464      0.643
    PDAFM2           248.204     36.173      6.862      0.000
    PDAFM3           268.995     35.134      7.656      0.000
    PDAFM4           304.706     42.031      7.250      0.000
    PDAFM5           222.908     34.197      6.518      0.000
    PDAFM6           233.642     35.504      6.581      0.000
    PDAFM7           266.660     39.713      6.715      0.000
    PDAFM8           297.770     41.674      7.145      0.000
    PDAFM9           210.925     31.633      6.668      0.000
    PDAFM10          196.337     31.584      6.216      0.000
    PDAFM11          111.822     22.516      4.966      0.000
    PDAFM12          225.614     44.959      5.018      0.000

Categorical Latent Variables

 Means
    CD#1               3.090      0.218     14.185      0.000
    CD#2               0.688      0.264      2.603      0.009


QUALITY OF NUMERICAL RESULTS

     Condition Number for the Information Matrix              0.998E-06
       (ratio of smallest to largest eigenvalue)


TECHNICAL 4 OUTPUT


     ESTIMATES DERIVED FROM THE MODEL FOR CLASS 1


           ESTIMATED MEANS FOR THE LATENT VARIABLES
              I             S             Q
              ________      ________      ________
 1             98.434        -3.720         0.238


           S.E. FOR ESTIMATED MEANS FOR THE LATENT VARIABLES
              I             S             Q
              ________      ________      ________
 1              0.205         0.363         0.032


           EST./S.E. FOR ESTIMATED MEANS FOR THE LATENT VARIABLES
              I             S             Q
              ________      ________      ________
 1            480.464       -10.248         7.366


           TWO-TAILED P-VALUE FOR ESTIMATED MEANS FOR THE LATENT VARIABLES
              I             S             Q
              ________      ________      ________
 1              0.000         0.000         0.000


           ESTIMATED COVARIANCE MATRIX FOR THE LATENT VARIABLES
              I             S             Q
              ________      ________      ________
 I             29.441
 S             -3.938        57.842
 Q              0.364        -4.640         0.417


           S.E. FOR ESTIMATED COVARIANCE MATRIX FOR THE LATENT VARIABLES
              I             S             Q
              ________      ________      ________
 I              5.519
 S              2.643         6.198
 Q              0.264         0.555         0.054


           EST./S.E. FOR ESTIMATED COVARIANCE MATRIX FOR THE LATENT VARIABLES
              I             S             Q
              ________      ________      ________
 I              5.334
 S             -1.490         9.332
 Q              1.377        -8.366         7.795


           TWO-TAILED P-VALUE FOR ESTIMATED COVARIANCE MATRIX FOR THE LATENT VARIABLES
              I             S             Q
              ________      ________      ________
 I              0.000
 S              0.136         0.000
 Q              0.168         0.000         0.000


           ESTIMATED CORRELATION MATRIX FOR THE LATENT VARIABLES
              I             S             Q
              ________      ________      ________
 I              1.000
 S             -0.095         1.000
 Q              0.104        -0.944         1.000


           S.E. FOR ESTIMATED CORRELATION MATRIX FOR THE LATENT VARIABLES
              I             S             Q
              ________      ________      ________
 I              0.000
 S              0.061         0.000
 Q              0.074         0.007         0.000


           EST./S.E. FOR ESTIMATED CORRELATION MATRIX FOR THE LATENT VARIABLES
              I             S             Q
              ________      ________      ________
 I            999.000
 S             -1.553       999.000
 Q              1.403      -129.627       999.000


           TWO-TAILED P-VALUE FOR ESTIMATED CORRELATION MATRIX FOR THE LATENT VARIABLES
              I             S             Q
              ________      ________      ________
 I              0.000
 S              0.120         0.000
 Q              0.161         0.000         0.000


     ESTIMATES DERIVED FROM THE MODEL FOR CLASS 2


           ESTIMATED MEANS FOR THE LATENT VARIABLES
              I             S             Q
              ________      ________      ________
 1             60.058        -0.270         0.134


           S.E. FOR ESTIMATED MEANS FOR THE LATENT VARIABLES
              I             S             Q
              ________      ________      ________
 1              1.890         1.608         0.145


           EST./S.E. FOR ESTIMATED MEANS FOR THE LATENT VARIABLES
              I             S             Q
              ________      ________      ________
 1             31.778        -0.168         0.924


           TWO-TAILED P-VALUE FOR ESTIMATED MEANS FOR THE LATENT VARIABLES
              I             S             Q
              ________      ________      ________
 1              0.000         0.867         0.356


           ESTIMATED COVARIANCE MATRIX FOR THE LATENT VARIABLES
              I             S             Q
              ________      ________      ________
 I             29.441
 S             -3.938        57.842
 Q              0.364        -4.640         0.417


           S.E. FOR ESTIMATED COVARIANCE MATRIX FOR THE LATENT VARIABLES
              I             S             Q
              ________      ________      ________
 I              5.519
 S              2.643         6.198
 Q              0.264         0.555         0.054


           EST./S.E. FOR ESTIMATED COVARIANCE MATRIX FOR THE LATENT VARIABLES
              I             S             Q
              ________      ________      ________
 I              5.334
 S             -1.490         9.332
 Q              1.377        -8.366         7.795


           TWO-TAILED P-VALUE FOR ESTIMATED COVARIANCE MATRIX FOR THE LATENT VARIABLES
              I             S             Q
              ________      ________      ________
 I              0.000
 S              0.136         0.000
 Q              0.168         0.000         0.000


           ESTIMATED CORRELATION MATRIX FOR THE LATENT VARIABLES
              I             S             Q
              ________      ________      ________
 I              1.000
 S             -0.095         1.000
 Q              0.104        -0.944         1.000


           S.E. FOR ESTIMATED CORRELATION MATRIX FOR THE LATENT VARIABLES
              I             S             Q
              ________      ________      ________
 I              0.000
 S              0.061         0.000
 Q              0.074         0.007         0.000


           EST./S.E. FOR ESTIMATED CORRELATION MATRIX FOR THE LATENT VARIABLES
              I             S             Q
              ________      ________      ________
 I            999.000
 S             -1.553       999.000
 Q              1.403      -129.627       999.000


           TWO-TAILED P-VALUE FOR ESTIMATED CORRELATION MATRIX FOR THE LATENT VARIABLES
              I             S             Q
              ________      ________      ________
 I              0.000
 S              0.120         0.000
 Q              0.161         0.000         0.000


     ESTIMATES DERIVED FROM THE MODEL FOR CLASS 3


           ESTIMATED MEANS FOR THE LATENT VARIABLES
              I             S             Q
              ________      ________      ________
 1             13.143         8.270        -0.485


           S.E. FOR ESTIMATED MEANS FOR THE LATENT VARIABLES
              I             S             Q
              ________      ________      ________
 1              2.417         2.473         0.238


           EST./S.E. FOR ESTIMATED MEANS FOR THE LATENT VARIABLES
              I             S             Q
              ________      ________      ________
 1              5.438         3.344        -2.041


           TWO-TAILED P-VALUE FOR ESTIMATED MEANS FOR THE LATENT VARIABLES
              I             S             Q
              ________      ________      ________
 1              0.000         0.001         0.041


           ESTIMATED COVARIANCE MATRIX FOR THE LATENT VARIABLES
              I             S             Q
              ________      ________      ________
 I             29.441
 S             -3.938        57.842
 Q              0.364        -4.640         0.417


           S.E. FOR ESTIMATED COVARIANCE MATRIX FOR THE LATENT VARIABLES
              I             S             Q
              ________      ________      ________
 I              5.519
 S              2.643         6.198
 Q              0.264         0.555         0.054


           EST./S.E. FOR ESTIMATED COVARIANCE MATRIX FOR THE LATENT VARIABLES
              I             S             Q
              ________      ________      ________
 I              5.334
 S             -1.490         9.332
 Q              1.377        -8.366         7.795


           TWO-TAILED P-VALUE FOR ESTIMATED COVARIANCE MATRIX FOR THE LATENT VARIABLES
              I             S             Q
              ________      ________      ________
 I              0.000
 S              0.136         0.000
 Q              0.168         0.000         0.000


           ESTIMATED CORRELATION MATRIX FOR THE LATENT VARIABLES
              I             S             Q
              ________      ________      ________
 I              1.000
 S             -0.095         1.000
 Q              0.104        -0.944         1.000


           S.E. FOR ESTIMATED CORRELATION MATRIX FOR THE LATENT VARIABLES
              I             S             Q
              ________      ________      ________
 I              0.000
 S              0.061         0.000
 Q              0.074         0.007         0.000


           EST./S.E. FOR ESTIMATED CORRELATION MATRIX FOR THE LATENT VARIABLES
              I             S             Q
              ________      ________      ________
 I            999.000
 S             -1.553       999.000
 Q              1.403      -129.627       999.000


           TWO-TAILED P-VALUE FOR ESTIMATED CORRELATION MATRIX FOR THE LATENT VARIABLES
              I             S             Q
              ________      ________      ________
 I              0.000
 S              0.120         0.000
 Q              0.161         0.000         0.000


TECHNICAL 7 OUTPUT


     SAMPLE STATISTICS WEIGHTED BY ESTIMATED CLASS PROBABILITIES FOR CLASS 1


           Means
              PDAFM1        PDAFM2        PDAFM3        PDAFM4        PDAFM5
              ________      ________      ________      ________      ________
 1             98.412        93.789        90.627        88.606        87.031


           Means
              PDAFM6        PDAFM7        PDAFM8        PDAFM9        PDAFM10
              ________      ________      ________      ________      ________
 1             86.500        85.946        85.826        85.364        84.952


           Means
              PDAFM11       PDAFM12
              ________      ________
 1             85.968        85.162


           Covariances
              PDAFM1        PDAFM2        PDAFM3        PDAFM4        PDAFM5
              ________      ________      ________      ________      ________
 PDAFM1        16.602
 PDAFM2        27.309       266.715
 PDAFM3        19.697       231.796       448.466
 PDAFM4        16.360       212.513       398.099       579.206
 PDAFM5        12.411       217.732       375.179       484.806       636.174
 PDAFM6         4.765       148.510       283.044       350.450       493.085
 PDAFM7         3.872       139.180       241.033       300.161       429.287
 PDAFM8        13.131       164.704       262.798       283.820       368.405
 PDAFM9        11.460       208.103       322.238       336.976       421.531
 PDAFM10       13.963       215.147       304.012       301.819       392.581
 PDAFM11       17.846       199.612       282.809       283.245       363.074
 PDAFM12       19.288       187.133       289.067       294.126       361.524


           Covariances
              PDAFM6        PDAFM7        PDAFM8        PDAFM9        PDAFM10
              ________      ________      ________      ________      ________
 PDAFM6       647.174
 PDAFM7       536.577       685.404
 PDAFM8       419.876       563.245       761.883
 PDAFM9       441.162       504.992       633.897       826.139
 PDAFM10      376.450       423.207       521.909       706.899       802.936
 PDAFM11      385.065       418.178       489.224       565.304       616.721
 PDAFM12      395.807       422.649       481.142       537.440       547.553


           Covariances
              PDAFM11       PDAFM12
              ________      ________
 PDAFM11      712.583
 PDAFM12      637.510       816.918


     SAMPLE STATISTICS WEIGHTED BY ESTIMATED CLASS PROBABILITIES FOR CLASS 2


           Means
              PDAFM1        PDAFM2        PDAFM3        PDAFM4        PDAFM5
              ________      ________      ________      ________      ________
 1             59.984        51.220        60.486        58.271        60.703


           Means
              PDAFM6        PDAFM7        PDAFM8        PDAFM9        PDAFM10
              ________      ________      ________      ________      ________
 1             60.411        65.741        65.424        68.457        69.697


           Means
              PDAFM11       PDAFM12
              ________      ________
 1             69.370        71.857


           Covariances
              PDAFM1        PDAFM2        PDAFM3        PDAFM4        PDAFM5
              ________      ________      ________      ________      ________
 PDAFM1        95.391
 PDAFM2       130.158      1082.063
 PDAFM3        96.816       672.919      1103.631
 PDAFM4       108.231       663.649       933.003      1343.061
 PDAFM5       140.426       473.155       745.975      1114.751      1297.939
 PDAFM6       122.416       332.721       608.449       978.393      1088.211
 PDAFM7       132.250       223.031       633.698       861.576      1016.519
 PDAFM8       130.737       108.505       446.463       780.031       901.402
 PDAFM9       159.681       271.287       572.192       922.842      1022.971
 PDAFM10      181.798       257.115       454.729       744.002       909.640
 PDAFM11      176.391       256.444       366.534       732.625       913.158
 PDAFM12      159.985       209.223       432.987       816.280       958.169


           Covariances
              PDAFM6        PDAFM7        PDAFM8        PDAFM9        PDAFM10
              ________      ________      ________      ________      ________
 PDAFM6      1212.410
 PDAFM7       965.218      1335.083
 PDAFM8       919.127      1149.121      1338.141
 PDAFM9      1108.476      1028.876      1008.174      1310.750
 PDAFM10      927.579       967.466       951.374      1145.246      1211.517
 PDAFM11      977.549       966.020       933.463      1203.229      1200.682
 PDAFM12     1045.144       984.113       970.970      1210.018      1144.360


           Covariances
              PDAFM11       PDAFM12
              ________      ________
 PDAFM11     1385.348
 PDAFM12     1262.652      1362.696


     SAMPLE STATISTICS WEIGHTED BY ESTIMATED CLASS PROBABILITIES FOR CLASS 3


           Means
              PDAFM1        PDAFM2        PDAFM3        PDAFM4        PDAFM5
              ________      ________      ________      ________      ________
 1             13.169        22.755        23.971        36.974        37.129


           Means
              PDAFM6        PDAFM7        PDAFM8        PDAFM9        PDAFM10
              ________      ________      ________      ________      ________
 1             48.644        51.606        49.044        45.331        39.494


           Means
              PDAFM11       PDAFM12
              ________      ________
 1             50.657        50.406


           Covariances
              PDAFM1        PDAFM2        PDAFM3        PDAFM4        PDAFM5
              ________      ________      ________      ________      ________
 PDAFM1       124.550
 PDAFM2       106.559       604.334
 PDAFM3        83.090        72.874       543.769
 PDAFM4       131.028        85.435       390.626      1152.636
 PDAFM5       133.649        60.075       276.300       833.100      1194.242
 PDAFM6        -4.298      -202.201       488.213       688.860       912.977
 PDAFM7       -61.736      -266.071       550.269       620.560       551.151
 PDAFM8        20.580       -81.178       578.591       817.664       643.329
 PDAFM9        53.336       103.073       786.289       957.271       835.765
 PDAFM10       36.231        13.777       760.619       473.978       615.135
 PDAFM11       25.711        12.237       616.324       366.166       311.818
 PDAFM12       61.504        42.738       638.697       236.498       158.580


           Covariances
              PDAFM6        PDAFM7        PDAFM8        PDAFM9        PDAFM10
              ________      ________      ________      ________      ________
 PDAFM6      1486.520
 PDAFM7      1314.607      1667.319
 PDAFM8      1186.229      1293.677      1593.412
 PDAFM9      1146.951      1147.515      1475.391      1637.023
 PDAFM10     1179.952      1213.062      1148.699      1246.410      1405.736
 PDAFM11      900.875       844.195       762.401       956.482      1145.855
 PDAFM12      727.845      1114.670       639.652       762.227      1073.217


           Covariances
              PDAFM11       PDAFM12
              ________      ________
 PDAFM11     1610.579
 PDAFM12     1220.088      1666.523


TECHNICAL 14 OUTPUT

     Random Starts Specifications for the k-1 Class Analysis Model
        Number of initial stage random starts                  50
        Number of final stage optimizations                    10

     Random Starts Specification for the k-1 Class Model for Generated Data
        Number of initial stage random starts                   0
        Number of final stage optimizations for the
           initial stage random starts                          0
     Random Starts Specification for the k Class Model for Generated Data
        Number of initial stage random starts                  40
        Number of final stage optimizations                     8
     Number of bootstrap draws requested                   Varies


     PARAMETRIC BOOTSTRAPPED LIKELIHOOD RATIO TEST FOR 2 (H0) VERSUS 3 CLASSES

          H0 Loglikelihood Value                       -27040.859
          2 Times the Loglikelihood Difference            400.345
          Difference in the Number of Parameters                4
          Approximate P-Value                              0.0000
          Successful Bootstrap Draws                            5


SAMPLE STATISTICS FOR ESTIMATED FACTOR SCORES


     SAMPLE STATISTICS


           Means
              I             S             Q             C_I           C_S
              ________      ________      ________      ________      ________
 1             91.960        -2.965         0.201        91.962        -2.966


           Means
              C_Q
              ________
 1              0.201


           Covariances
              I             S             Q             C_I           C_S
              ________      ________      ________      ________      ________
 I            398.964
 S            -51.476        57.173
 Q              2.978        -4.285         0.358
 C_I          398.933       -51.458         2.977       398.905
 C_S          -51.459        57.162        -4.284       -51.442        57.152
 C_Q            2.976        -4.284         0.358         2.976        -4.284


           Covariances
              C_Q
              ________
 C_Q            0.358


           Correlations
              I             S             Q             C_I           C_S
              ________      ________      ________      ________      ________
 I              1.000
 S             -0.341         1.000
 Q              0.249        -0.947         1.000
 C_I            1.000        -0.341         0.249         1.000
 C_S           -0.341         1.000        -0.947        -0.341         1.000
 C_Q            0.249        -0.946         1.000         0.249        -0.947


           Correlations
              C_Q
              ________
 C_Q            1.000


PLOT INFORMATION

The following plots are available:

  Histograms (sample values, estimated factor scores, estimated values, residuals)
  Scatterplots (sample values, estimated factor scores, estimated values, residuals)
  Sample means
  Estimated means, medians, modes, and percentiles
  Sample and estimated means
  Latent variable distribution plots
  Observed individual values
  Estimated individual values
  Estimated means and observed individual values
  Estimated means and estimated individual values
  Estimated overall and class-specific distributions

     Beginning Time:  12:55:07
        Ending Time:  12:55:43
       Elapsed Time:  00:00:36



MUTHEN & MUTHEN
3463 Stoner Ave.
Los Angeles, CA  90066

Tel: (310) 391-9971
Fax: (310) 391-8971
Web: www.StatModel.com
Support: Support@StatModel.com

Copyright (c) 1998-2015 Muthen & Muthen
