Mplus VERSION 7
MUTHEN & MUTHEN
03/24/2018   6:55 AM

INPUT INSTRUCTIONS

  TITLE: 		Outputting Discrepancy Matrix;
  DATA: 	FILE IS lab_9_cor.txt;
  		TYPE IS CORRELATION;
  		NOBSERVATIONS IS 250;
  VARIABLE: NAMES ARE item1-item6;
              USEVARIABLES ARE item1 item2 item3 item5 item6;
  MODEL:  	factor1 BY item1* (L1) !Don't use analysis statement in when runnign CFA
         		item2 item3 item5 item6 (L2 L3 L5 L6); !item1* is saying, fix the first item at t
          	item1 item2 item3 item5 item6 (U1 U2 U3 U5 U6); !(UI-U6) = label. You can refer t
         		factor1@1;    !@1 fixes the factor variance at 1. if you want to fix it at the me
  MODEL CONSTRAINT: !MODEL CONSTRAINT = create equations in R
   			NEW(OMEGA); !Create new variable
          			OMEGA = (L1+L2+L3+L5+L6)**2/ !Omega = sum of loadings^2 / sum of loadings plus
          			((L1+L2+L3+L5+L6)**2+U1+U2+U3+U5+U6); !Equation for new variable.

  OUTPUT:     STANDARDIZED RESIDUAL; !Standardize factors, give me the confidence interval.

  !"BY" indicates a "bidirectional relationship.



*** WARNING
  Input line exceeded 90 characters. Some input may be truncated.
         		item2 item3 item5 item6 (L2 L3 L5 L6); !item1* is saying, fix the first item at th
*** WARNING
  Input line exceeded 90 characters. Some input may be truncated.
          	item1 item2 item3 item5 item6 (U1 U2 U3 U5 U6); !(UI-U6) = label. You can refer to
*** WARNING
  Input line exceeded 90 characters. Some input may be truncated.
         		factor1@1;    !@1 fixes the factor variance at 1. if you want to fix it at the mea
*** WARNING
  Input line exceeded 90 characters. Some input may be truncated.
          			OMEGA = (L1+L2+L3+L5+L6)**2/ !Omega = sum of loadings^2 / sum of loadings plus s
   4 WARNING(S) FOUND IN THE INPUT INSTRUCTIONS



Outputting Discrepancy Matrix;

SUMMARY OF ANALYSIS

Number of groups                                                 1
Number of observations                                         250

Number of dependent variables                                    5
Number of independent variables                                  0
Number of continuous latent variables                            1

Observed dependent variables

  Continuous
   ITEM1       ITEM2       ITEM3       ITEM5       ITEM6

Continuous latent variables
   FACTOR1


Estimator                                                       ML
Information matrix                                        EXPECTED
Maximum number of iterations                                  1000
Convergence criterion                                    0.500D-04
Maximum number of steepest descent iterations                   20

Input data file(s)
  lab_9_cor.txt

Input data format  FREE



THE MODEL ESTIMATION TERMINATED NORMALLY



MODEL FIT INFORMATION

Number of Free Parameters                       10

Loglikelihood

          H0 Value                       -1529.416
          H1 Value                       -1513.876

Information Criteria

          Akaike (AIC)                    3078.832
          Bayesian (BIC)                  3114.047
          Sample-Size Adjusted BIC        3082.346
            (n* = (n + 2) / 24)

Chi-Square Test of Model Fit

          Value                             31.081
          Degrees of Freedom                     5
          P-Value                           0.0000

RMSEA (Root Mean Square Error Of Approximation)

          Estimate                           0.144
          90 Percent C.I.                    0.098  0.195
          Probability RMSEA <= .05           0.001

CFI/TLI

          CFI                                0.948
          TLI                                0.897

Chi-Square Test of Model Fit for the Baseline Model

          Value                            514.585
          Degrees of Freedom                    10
          P-Value                           0.0000

SRMR (Standardized Root Mean Square Residual)

          Value                              0.043



MODEL RESULTS

                                                    Two-Tailed
                    Estimate       S.E.  Est./S.E.    P-Value

 FACTOR1  BY
    ITEM1              0.674      0.060     11.301      0.000
    ITEM2              0.779      0.057     13.737      0.000
    ITEM3              0.743      0.058     12.881      0.000
    ITEM5              0.730      0.058     12.570      0.000
    ITEM6              0.722      0.058     12.386      0.000

 Variances
    FACTOR1            1.000      0.000    999.000    999.000

 Residual Variances
    ITEM1              0.542      0.057      9.559      0.000
    ITEM2              0.389      0.048      8.123      0.000
    ITEM3              0.443      0.051      8.743      0.000
    ITEM5              0.463      0.052      8.933      0.000
    ITEM6              0.475      0.053      9.038      0.000

 New/Additional Parameters
    OMEGA              0.852      0.015     57.581      0.000


STANDARDIZED MODEL RESULTS


STDYX Standardization

                                                    Two-Tailed
                    Estimate       S.E.  Est./S.E.    P-Value

 FACTOR1  BY
    ITEM1              0.675      0.041     16.546      0.000
    ITEM2              0.781      0.033     23.996      0.000
    ITEM3              0.745      0.035     21.100      0.000
    ITEM5              0.732      0.036     20.124      0.000
    ITEM6              0.724      0.037     19.563      0.000

 Variances
    FACTOR1            1.000      0.000    999.000    999.000

 Residual Variances
    ITEM1              0.544      0.055      9.885      0.000
    ITEM2              0.391      0.051      7.691      0.000
    ITEM3              0.445      0.053      8.464      0.000
    ITEM5              0.465      0.053      8.739      0.000
    ITEM6              0.476      0.054      8.902      0.000


STDY Standardization

                                                    Two-Tailed
                    Estimate       S.E.  Est./S.E.    P-Value

 FACTOR1  BY
    ITEM1              0.675      0.041     16.546      0.000
    ITEM2              0.781      0.033     23.996      0.000
    ITEM3              0.745      0.035     21.100      0.000
    ITEM5              0.732      0.036     20.124      0.000
    ITEM6              0.724      0.037     19.563      0.000

 Variances
    FACTOR1            1.000      0.000    999.000    999.000

 Residual Variances
    ITEM1              0.544      0.055      9.885      0.000
    ITEM2              0.391      0.051      7.691      0.000
    ITEM3              0.445      0.053      8.464      0.000
    ITEM5              0.465      0.053      8.739      0.000
    ITEM6              0.476      0.054      8.902      0.000


STD Standardization

                                                    Two-Tailed
                    Estimate       S.E.  Est./S.E.    P-Value

 FACTOR1  BY
    ITEM1              0.674      0.060     11.301      0.000
    ITEM2              0.779      0.057     13.737      0.000
    ITEM3              0.743      0.058     12.881      0.000
    ITEM5              0.730      0.058     12.570      0.000
    ITEM6              0.722      0.058     12.386      0.000

 Variances
    FACTOR1            1.000      0.000    999.000    999.000

 Residual Variances
    ITEM1              0.542      0.057      9.559      0.000
    ITEM2              0.389      0.048      8.123      0.000
    ITEM3              0.443      0.051      8.743      0.000
    ITEM5              0.463      0.052      8.933      0.000
    ITEM6              0.475      0.053      9.038      0.000


R-SQUARE

    Observed                                        Two-Tailed
    Variable        Estimate       S.E.  Est./S.E.    P-Value

    ITEM1              0.456      0.055      8.273      0.000
    ITEM2              0.609      0.051     11.998      0.000
    ITEM3              0.555      0.053     10.550      0.000
    ITEM5              0.535      0.053     10.062      0.000
    ITEM6              0.524      0.054      9.782      0.000


QUALITY OF NUMERICAL RESULTS

     Condition Number for the Information Matrix              0.202E+00
       (ratio of smallest to largest eigenvalue)


RESIDUAL OUTPUT


     ESTIMATED MODEL AND RESIDUALS (OBSERVED - ESTIMATED)


           Model Estimated Covariances/Correlations/Residual Correlations
              ITEM1         ITEM2         ITEM3         ITEM5         ITEM6
              ________      ________      ________      ________      ________
 ITEM1          0.996
 ITEM2          0.525         0.996
 ITEM3          0.501         0.579         0.996
 ITEM5          0.492         0.569         0.543         0.996
 ITEM6          0.486         0.563         0.537         0.527         0.996


           Residuals for Covariances/Correlations/Residual Correlations
              ITEM1         ITEM2         ITEM3         ITEM5         ITEM6
              ________      ________      ________      ________      ________
 ITEM1          0.000
 ITEM2          0.013         0.000
 ITEM3          0.002        -0.043         0.000
 ITEM5         -0.074        -0.006         0.102         0.000
 ITEM6          0.057         0.042        -0.051        -0.045         0.000


           Standardized Residuals (z-scores) for Covariances/Correlations/Residual Corr
              ITEM1         ITEM2         ITEM3         ITEM5         ITEM6
              ________      ________      ________      ________      ________
 ITEM1        999.000
 ITEM2          0.606       999.000
 ITEM3          0.076        -4.825       999.000
 ITEM5         -4.165        -0.346         3.441       999.000
 ITEM6          1.962         1.865        -3.531        -2.701       999.000


           Normalized Residuals for Covariances/Correlations/Residual Correlations
              ITEM1         ITEM2         ITEM3         ITEM5         ITEM6
              ________      ________      ________      ________      ________
 ITEM1         -0.001
 ITEM2          0.185        -0.001
 ITEM3          0.025        -0.603        -0.001
 ITEM5         -1.088        -0.079         1.363        -0.001
 ITEM6          0.798         0.574        -0.730        -0.641        -0.001


DIAGRAM INFORMATION

  Use View Diagram under the Diagram menu in the Mplus Editor to view the diagram.
  If running Mplus from the Mplus Diagrammer, the diagram opens automatically.

  Diagram output
    c:\users\neil\desktop\class folder\spring 2018\psy 601\lab\lab_9_cor_no4.dgm

     Beginning Time:  06:55:13
        Ending Time:  06:55:13
       Elapsed Time:  00:00:00



MUTHEN & MUTHEN
3463 Stoner Ave.
Los Angeles, CA  90066

Tel: (310) 391-9971
Fax: (310) 391-8971
Web: www.StatModel.com
Support: Support@StatModel.com

Copyright (c) 1998-2012 Muthen & Muthen
